2016-12-25 23:46:41 [org.springframework.boot.StartupInfoLogger:48] - Starting Application on weixiaokangdeMacBook-Pro.local with PID 747 (/Users/www1/IdeaProjects/HelloWorld/target/classes started by www1 in /Users/www1/IdeaProjects/HelloWorld)
2016-12-25 23:46:41 [org.springframework.boot.SpringApplication:661] - No active profile set, falling back to default profiles: default
2016-12-25 23:46:42 [org.hibernate.validator.internal.util.Version:30] - HV000001: Hibernate Validator 5.2.4.Final
2016-12-25 23:46:42 [org.springframework.context.support.AbstractApplicationContext:582] - Refreshing org.springframework.boot.context.embedded.AnnotationConfigEmbeddedWebApplicationContext@2925bf5b: startup date [Sun Dec 25 23:46:42 CST 2016]; root of context hierarchy
2016-12-25 23:46:44 [org.springframework.data.repository.config.RepositoryConfigurationDelegate:170] - Multiple Spring Data modules found, entering strict repository configuration mode!
2016-12-25 23:46:44 [org.springframework.data.repository.config.RepositoryConfigurationDelegate:170] - Multiple Spring Data modules found, entering strict repository configuration mode!
2016-12-25 23:46:44 [org.springframework.data.repository.config.RepositoryConfigurationExtensionSupport:283] - Spring Data Redis - Could not safely identify store assignment for repository candidate interface com.weixk.helloworld.domain.UserDao.
2016-12-25 23:46:45 [org.springframework.context.support.PostProcessorRegistrationDelegate$BeanPostProcessorChecker:325] - Bean 'application' of type [class com.weixk.helloworld.Application$$EnhancerBySpringCGLIB$$2e0ec054] is not eligible for getting processed by all BeanPostProcessors (for example: not eligible for auto-proxying)
2016-12-25 23:46:45 [org.springframework.context.support.PostProcessorRegistrationDelegate$BeanPostProcessorChecker:325] - Bean 'org.springframework.transaction.annotation.ProxyTransactionManagementConfiguration' of type [class org.springframework.transaction.annotation.ProxyTransactionManagementConfiguration$$EnhancerBySpringCGLIB$$39258820] is not eligible for getting processed by all BeanPostProcessors (for example: not eligible for auto-proxying)
2016-12-25 23:46:46 [org.springframework.boot.context.embedded.tomcat.TomcatEmbeddedServletContainer:87] - Tomcat initialized with port(s): 8080 (http)
2016-12-25 23:46:46 [org.apache.juli.logging.DirectJDKLog:179] - Starting service Tomcat
2016-12-25 23:46:46 [org.apache.juli.logging.DirectJDKLog:179] - Starting Servlet Engine: Apache Tomcat/8.5.6
2016-12-25 23:46:46 [org.apache.juli.logging.DirectJDKLog:179] - Initializing Spring embedded WebApplicationContext
2016-12-25 23:46:46 [org.springframework.boot.context.embedded.EmbeddedWebApplicationContext:276] - Root WebApplicationContext: initialization completed in 4168 ms
2016-12-25 23:46:47 [org.springframework.boot.web.servlet.AbstractFilterRegistrationBean:258] - Mapping filter: 'metricsFilter' to: [/*]
2016-12-25 23:46:47 [org.springframework.boot.web.servlet.AbstractFilterRegistrationBean:258] - Mapping filter: 'characterEncodingFilter' to: [/*]
2016-12-25 23:46:47 [org.springframework.boot.web.servlet.AbstractFilterRegistrationBean:258] - Mapping filter: 'hiddenHttpMethodFilter' to: [/*]
2016-12-25 23:46:47 [org.springframework.boot.web.servlet.AbstractFilterRegistrationBean:258] - Mapping filter: 'httpPutFormContentFilter' to: [/*]
2016-12-25 23:46:47 [org.springframework.boot.web.servlet.AbstractFilterRegistrationBean:258] - Mapping filter: 'requestContextFilter' to: [/*]
2016-12-25 23:46:47 [org.springframework.boot.web.servlet.AbstractFilterRegistrationBean:258] - Mapping filter: 'webRequestLoggingFilter' to: [/*]
2016-12-25 23:46:47 [org.springframework.boot.web.servlet.AbstractFilterRegistrationBean:271] - Mapping filter: 'validator' to urls: [/valid/*]
2016-12-25 23:46:47 [org.springframework.boot.web.servlet.AbstractFilterRegistrationBean:258] - Mapping filter: 'applicationContextIdFilter' to: [/*]
2016-12-25 23:46:47 [org.springframework.boot.web.servlet.ServletRegistrationBean:190] - Mapping servlet: 'dispatcherServlet' to [/]
2016-12-25 23:46:47 [com.weixk.helloworld.filter.ValidatorFilter:20] - ValidatorFilter初始化
2016-12-25 23:46:47 [org.springframework.orm.jpa.LocalContainerEntityManagerFactoryBean:349] - Building JPA container EntityManagerFactory for persistence unit 'default'
2016-12-25 23:46:48 [org.hibernate.Version:37] - HHH000412: Hibernate Core {5.0.11.Final}
2016-12-25 23:46:48 [org.hibernate.cfg.Environment:213] - HHH000206: hibernate.properties not found
2016-12-25 23:46:48 [org.hibernate.cfg.Environment:317] - HHH000021: Bytecode provider name : javassist
2016-12-25 23:46:48 [org.hibernate.annotations.common.reflection.java.JavaReflectionManager:66] - HCANN000001: Hibernate Commons Annotations {5.0.1.Final}
2016-12-25 23:46:48 [org.hibernate.dialect.Dialect:156] - HHH000400: Using dialect: org.hibernate.dialect.MySQL5Dialect
2016-12-25 23:46:49 [org.hibernate.tool.hbm2ddl.SchemaUpdate:105] - HHH000228: Running hbm2ddl schema update
2016-12-25 23:46:49 [org.springframework.orm.jpa.AbstractEntityManagerFactoryBean:382] - Initialized JPA EntityManagerFactory for persistence unit 'default'
2016-12-25 23:46:50 [org.hibernate.hql.internal.QueryTranslatorFactoryInitiator:47] - HHH000397: Using ASTQueryTranslatorFactory
2016-12-25 23:46:51 [org.springframework.web.servlet.mvc.method.annotation.RequestMappingHandlerAdapter:534] - Looking for @ControllerAdvice: org.springframework.boot.context.embedded.AnnotationConfigEmbeddedWebApplicationContext@2925bf5b: startup date [Sun Dec 25 23:46:42 CST 2016]; root of context hierarchy
2016-12-25 23:46:51 [org.springframework.web.servlet.handler.AbstractHandlerMethodMapping$MappingRegistry:543] - Mapped "{[/auth/register]}" onto public java.lang.String com.weixk.helloworld.web.AuthController.auth(java.lang.String,org.springframework.ui.ModelMap)
2016-12-25 23:46:51 [org.springframework.web.servlet.handler.AbstractHandlerMethodMapping$MappingRegistry:543] - Mapped "{[/email/send],methods=[POST]}" onto public com.weixk.helloworld.domain.Result<java.lang.String> com.weixk.helloworld.web.EmailController.sendLink(java.lang.String)
2016-12-25 23:46:51 [org.springframework.web.servlet.handler.AbstractHandlerMethodMapping$MappingRegistry:543] - Mapped "{[/email/send]}" onto public com.weixk.helloworld.domain.Result<java.lang.String> com.weixk.helloworld.web.EmailController.send(com.weixk.helloworld.domain.Email)
2016-12-25 23:46:51 [org.springframework.web.servlet.handler.AbstractHandlerMethodMapping$MappingRegistry:543] - Mapped "{[/img/upload-multi],methods=[POST]}" onto public com.weixk.helloworld.domain.Result<java.lang.String> com.weixk.helloworld.web.ImageController.uploadMultiImg(javax.servlet.http.HttpServletRequest)
2016-12-25 23:46:51 [org.springframework.web.servlet.handler.AbstractHandlerMethodMapping$MappingRegistry:543] - Mapped "{[/img/upload],methods=[POST]}" onto public com.weixk.helloworld.domain.Result<java.lang.String> com.weixk.helloworld.web.ImageController.uploadImg(org.springframework.web.multipart.MultipartFile) throws java.io.IOException
2016-12-25 23:46:51 [org.springframework.web.servlet.handler.AbstractHandlerMethodMapping$MappingRegistry:543] - Mapped "{[/img/download/{path}],methods=[POST]}" onto public void com.weixk.helloworld.web.ImageController.downloadImg(java.lang.String,javax.servlet.http.HttpServletResponse) throws java.io.IOException
2016-12-25 23:46:51 [org.springframework.web.servlet.handler.AbstractHandlerMethodMapping$MappingRegistry:543] - Mapped "{[/hello],methods=[GET]}" onto public java.lang.String com.weixk.helloworld.web.IndexController.index(org.springframework.ui.Model)
2016-12-25 23:46:51 [org.springframework.web.servlet.handler.AbstractHandlerMethodMapping$MappingRegistry:543] - Mapped "{[/qiniu/download],methods=[GET]}" onto public com.weixk.helloworld.domain.Result<java.lang.String> com.weixk.helloworld.web.QiniuController.download(java.lang.String)
2016-12-25 23:46:51 [org.springframework.web.servlet.handler.AbstractHandlerMethodMapping$MappingRegistry:543] - Mapped "{[/qiniu/upload],methods=[POST]}" onto public com.weixk.helloworld.domain.Result<java.lang.String> com.weixk.helloworld.web.QiniuController.upload(org.springframework.web.multipart.MultipartFile)
2016-12-25 23:46:51 [org.springframework.web.servlet.handler.AbstractHandlerMethodMapping$MappingRegistry:543] - Mapped "{[/redis/add]}" onto public java.lang.String com.weixk.helloworld.web.RedisController.add(java.lang.String,java.lang.String)
2016-12-25 23:46:51 [org.springframework.web.servlet.handler.AbstractHandlerMethodMapping$MappingRegistry:543] - Mapped "{[/redis/find]}" onto public java.lang.String com.weixk.helloworld.web.RedisController.find(java.lang.String)
2016-12-25 23:46:51 [org.springframework.web.servlet.handler.AbstractHandlerMethodMapping$MappingRegistry:543] - Mapped "{[/user/register],methods=[POST]}" onto public com.weixk.helloworld.domain.Result<com.weixk.helloworld.domain.User> com.weixk.helloworld.web.UserController.register(com.weixk.helloworld.domain.UserRegister)
2016-12-25 23:46:51 [org.springframework.web.servlet.handler.AbstractHandlerMethodMapping$MappingRegistry:543] - Mapped "{[/user/login],methods=[POST]}" onto public com.weixk.helloworld.domain.Result<com.weixk.helloworld.domain.User> com.weixk.helloworld.web.UserController.login(com.weixk.helloworld.domain.UserLogin)
2016-12-25 23:46:51 [org.springframework.web.servlet.handler.AbstractHandlerMethodMapping$MappingRegistry:543] - Mapped "{[/user/{id}]}" onto public com.weixk.helloworld.domain.Result<com.weixk.helloworld.domain.User> com.weixk.helloworld.web.UserController.getUserByIdFromPath(long)
2016-12-25 23:46:51 [org.springframework.web.servlet.handler.AbstractHandlerMethodMapping$MappingRegistry:543] - Mapped "{[/user/user_id={id}]}" onto public com.weixk.helloworld.domain.Result<com.weixk.helloworld.domain.User> com.weixk.helloworld.web.UserController.getUserByIdFromPathWithKey(long)
2016-12-25 23:46:51 [org.springframework.web.servlet.handler.AbstractHandlerMethodMapping$MappingRegistry:543] - Mapped "{[/user/find-user]}" onto public com.weixk.helloworld.domain.Result<com.weixk.helloworld.domain.User> com.weixk.helloworld.web.UserController.getUserByIdFromQueryParam(java.lang.Long)
2016-12-25 23:46:51 [org.springframework.web.servlet.handler.AbstractHandlerMethodMapping$MappingRegistry:543] - Mapped "{[/user/find-by-name],methods=[POST]}" onto public com.weixk.helloworld.domain.Result<java.util.List<com.weixk.helloworld.domain.User>> com.weixk.helloworld.web.UserController.getUserByName(java.lang.String)
2016-12-25 23:46:51 [org.springframework.web.servlet.handler.AbstractHandlerMethodMapping$MappingRegistry:543] - Mapped "{[/user/find-by-n]}" onto public com.weixk.helloworld.domain.Result<java.util.List<com.weixk.helloworld.domain.User>> com.weixk.helloworld.web.UserController.getUserByN(java.lang.String)
2016-12-25 23:46:51 [org.springframework.web.servlet.handler.AbstractHandlerMethodMapping$MappingRegistry:543] - Mapped "{[/user/find-by-e]}" onto public com.weixk.helloworld.domain.Result<java.util.List<com.weixk.helloworld.domain.User>> com.weixk.helloworld.web.UserController.getUserByE(java.lang.String)
2016-12-25 23:46:51 [org.springframework.web.servlet.handler.AbstractHandlerMethodMapping$MappingRegistry:543] - Mapped "{[/user/find-by-ne]}" onto public com.weixk.helloworld.domain.Result<java.util.List<com.weixk.helloworld.domain.User>> com.weixk.helloworld.web.UserController.getUserByE(java.lang.String,java.lang.String)
2016-12-25 23:46:51 [org.springframework.web.servlet.handler.AbstractHandlerMethodMapping$MappingRegistry:543] - Mapped "{[/user/post-user],methods=[POST]}" onto public com.weixk.helloworld.domain.Result<com.weixk.helloworld.domain.User> com.weixk.helloworld.web.UserController.postUser(com.weixk.helloworld.domain.User,org.springframework.validation.BindingResult)
2016-12-25 23:46:51 [org.springframework.web.servlet.handler.AbstractHandlerMethodMapping$MappingRegistry:543] - Mapped "{[/error]}" onto public org.springframework.http.ResponseEntity<java.util.Map<java.lang.String, java.lang.Object>> org.springframework.boot.autoconfigure.web.BasicErrorController.error(javax.servlet.http.HttpServletRequest)
2016-12-25 23:46:51 [org.springframework.web.servlet.handler.AbstractHandlerMethodMapping$MappingRegistry:543] - Mapped "{[/error],produces=[text/html]}" onto public org.springframework.web.servlet.ModelAndView org.springframework.boot.autoconfigure.web.BasicErrorController.errorHtml(javax.servlet.http.HttpServletRequest,javax.servlet.http.HttpServletResponse)
2016-12-25 23:46:51 [org.springframework.web.servlet.handler.AbstractUrlHandlerMapping:354] - Mapped URL path [/webjars/**] onto handler of type [class org.springframework.web.servlet.resource.ResourceHttpRequestHandler]
2016-12-25 23:46:51 [org.springframework.web.servlet.handler.AbstractUrlHandlerMapping:354] - Mapped URL path [/**] onto handler of type [class org.springframework.web.servlet.resource.ResourceHttpRequestHandler]
2016-12-25 23:46:51 [org.springframework.web.servlet.mvc.method.annotation.ExceptionHandlerExceptionResolver:271] - Detected @ExceptionHandler methods in globalExceptionHandler
2016-12-25 23:46:51 [org.springframework.web.servlet.handler.AbstractUrlHandlerMapping:354] - Mapped URL path [/**/favicon.ico] onto handler of type [class org.springframework.web.servlet.resource.ResourceHttpRequestHandler]
2016-12-25 23:46:53 [org.springframework.web.servlet.handler.AbstractHandlerMethodMapping$MappingRegistry:543] - Mapped "{[/env/{name:.*}],methods=[GET],produces=[application/json]}" onto public java.lang.Object org.springframework.boot.actuate.endpoint.mvc.EnvironmentMvcEndpoint.value(java.lang.String)
2016-12-25 23:46:53 [org.springframework.web.servlet.handler.AbstractHandlerMethodMapping$MappingRegistry:543] - Mapped "{[/env || /env.json],methods=[GET],produces=[application/json]}" onto public java.lang.Object org.springframework.boot.actuate.endpoint.mvc.EndpointMvcAdapter.invoke()
2016-12-25 23:46:53 [org.springframework.web.servlet.handler.AbstractHandlerMethodMapping$MappingRegistry:543] - Mapped "{[/autoconfig || /autoconfig.json],methods=[GET],produces=[application/json]}" onto public java.lang.Object org.springframework.boot.actuate.endpoint.mvc.EndpointMvcAdapter.invoke()
2016-12-25 23:46:53 [org.springframework.web.servlet.handler.AbstractHandlerMethodMapping$MappingRegistry:543] - Mapped "{[/metrics/{name:.*}],methods=[GET],produces=[application/json]}" onto public java.lang.Object org.springframework.boot.actuate.endpoint.mvc.MetricsMvcEndpoint.value(java.lang.String)
2016-12-25 23:46:53 [org.springframework.web.servlet.handler.AbstractHandlerMethodMapping$MappingRegistry:543] - Mapped "{[/metrics || /metrics.json],methods=[GET],produces=[application/json]}" onto public java.lang.Object org.springframework.boot.actuate.endpoint.mvc.EndpointMvcAdapter.invoke()
2016-12-25 23:46:53 [org.springframework.web.servlet.handler.AbstractHandlerMethodMapping$MappingRegistry:543] - Mapped "{[/beans || /beans.json],methods=[GET],produces=[application/json]}" onto public java.lang.Object org.springframework.boot.actuate.endpoint.mvc.EndpointMvcAdapter.invoke()
2016-12-25 23:46:53 [org.springframework.web.servlet.handler.AbstractHandlerMethodMapping$MappingRegistry:543] - Mapped "{[/mappings || /mappings.json],methods=[GET],produces=[application/json]}" onto public java.lang.Object org.springframework.boot.actuate.endpoint.mvc.EndpointMvcAdapter.invoke()
2016-12-25 23:46:53 [org.springframework.web.servlet.handler.AbstractHandlerMethodMapping$MappingRegistry:543] - Mapped "{[/health || /health.json],produces=[application/json]}" onto public java.lang.Object org.springframework.boot.actuate.endpoint.mvc.HealthMvcEndpoint.invoke(java.security.Principal)
2016-12-25 23:46:53 [org.springframework.web.servlet.handler.AbstractHandlerMethodMapping$MappingRegistry:543] - Mapped "{[/heapdump || /heapdump.json],methods=[GET],produces=[application/octet-stream]}" onto public void org.springframework.boot.actuate.endpoint.mvc.HeapdumpMvcEndpoint.invoke(boolean,javax.servlet.http.HttpServletRequest,javax.servlet.http.HttpServletResponse) throws java.io.IOException,javax.servlet.ServletException
2016-12-25 23:46:53 [org.springframework.web.servlet.handler.AbstractHandlerMethodMapping$MappingRegistry:543] - Mapped "{[/info || /info.json],methods=[GET],produces=[application/json]}" onto public java.lang.Object org.springframework.boot.actuate.endpoint.mvc.EndpointMvcAdapter.invoke()
2016-12-25 23:46:53 [org.springframework.web.servlet.handler.AbstractHandlerMethodMapping$MappingRegistry:543] - Mapped "{[/trace || /trace.json],methods=[GET],produces=[application/json]}" onto public java.lang.Object org.springframework.boot.actuate.endpoint.mvc.EndpointMvcAdapter.invoke()
2016-12-25 23:46:53 [org.springframework.web.servlet.handler.AbstractHandlerMethodMapping$MappingRegistry:543] - Mapped "{[/dump || /dump.json],methods=[GET],produces=[application/json]}" onto public java.lang.Object org.springframework.boot.actuate.endpoint.mvc.EndpointMvcAdapter.invoke()
2016-12-25 23:46:53 [org.springframework.web.servlet.handler.AbstractHandlerMethodMapping$MappingRegistry:543] - Mapped "{[/configprops || /configprops.json],methods=[GET],produces=[application/json]}" onto public java.lang.Object org.springframework.boot.actuate.endpoint.mvc.EndpointMvcAdapter.invoke()
2016-12-25 23:46:53 [org.springframework.jmx.export.MBeanExporter:431] - Registering beans for JMX exposure on startup
2016-12-25 23:46:53 [org.springframework.jmx.export.MBeanExporter:431] - Registering beans for JMX exposure on startup
2016-12-25 23:46:53 [org.springframework.context.support.DefaultLifecycleProcessor$LifecycleGroup:341] - Starting beans in phase 0
2016-12-25 23:46:53 [org.springframework.jmx.export.MBeanExporter:674] - Located managed bean 'requestMappingEndpoint': registering with JMX server as MBean [org.springframework.boot:type=Endpoint,name=requestMappingEndpoint]
2016-12-25 23:46:53 [org.springframework.jmx.export.MBeanExporter:674] - Located managed bean 'environmentEndpoint': registering with JMX server as MBean [org.springframework.boot:type=Endpoint,name=environmentEndpoint]
2016-12-25 23:46:53 [org.springframework.jmx.export.MBeanExporter:674] - Located managed bean 'healthEndpoint': registering with JMX server as MBean [org.springframework.boot:type=Endpoint,name=healthEndpoint]
2016-12-25 23:46:53 [org.springframework.jmx.export.MBeanExporter:674] - Located managed bean 'beansEndpoint': registering with JMX server as MBean [org.springframework.boot:type=Endpoint,name=beansEndpoint]
2016-12-25 23:46:53 [org.springframework.jmx.export.MBeanExporter:674] - Located managed bean 'infoEndpoint': registering with JMX server as MBean [org.springframework.boot:type=Endpoint,name=infoEndpoint]
2016-12-25 23:46:53 [org.springframework.jmx.export.MBeanExporter:674] - Located managed bean 'metricsEndpoint': registering with JMX server as MBean [org.springframework.boot:type=Endpoint,name=metricsEndpoint]
2016-12-25 23:46:53 [org.springframework.jmx.export.MBeanExporter:674] - Located managed bean 'traceEndpoint': registering with JMX server as MBean [org.springframework.boot:type=Endpoint,name=traceEndpoint]
2016-12-25 23:46:53 [org.springframework.jmx.export.MBeanExporter:674] - Located managed bean 'dumpEndpoint': registering with JMX server as MBean [org.springframework.boot:type=Endpoint,name=dumpEndpoint]
2016-12-25 23:46:53 [org.springframework.jmx.export.MBeanExporter:674] - Located managed bean 'autoConfigurationReportEndpoint': registering with JMX server as MBean [org.springframework.boot:type=Endpoint,name=autoConfigurationReportEndpoint]
2016-12-25 23:46:53 [org.springframework.jmx.export.MBeanExporter:674] - Located managed bean 'configurationPropertiesReportEndpoint': registering with JMX server as MBean [org.springframework.boot:type=Endpoint,name=configurationPropertiesReportEndpoint]
2016-12-25 23:46:53 [org.apache.juli.logging.DirectJDKLog:179] - Initializing ProtocolHandler ["http-nio-8080"]
2016-12-25 23:46:53 [org.apache.juli.logging.DirectJDKLog:179] - Starting ProtocolHandler [http-nio-8080]
2016-12-25 23:46:53 [org.apache.juli.logging.DirectJDKLog:179] - Using a shared selector for servlet write/read
2016-12-25 23:46:53 [org.springframework.boot.context.embedded.tomcat.TomcatEmbeddedServletContainer:185] - Tomcat started on port(s): 8080 (http)
2016-12-25 23:46:53 [org.springframework.boot.StartupInfoLogger:57] - Started Application in 13.428 seconds (JVM running for 15.161)
2016-12-25 23:46:53 [com.weixk.helloworld.Application:35] - 应用启动
2016-12-25 23:48:38 [org.apache.juli.logging.DirectJDKLog:179] - Initializing Spring FrameworkServlet 'dispatcherServlet'
2016-12-25 23:48:38 [org.springframework.web.servlet.FrameworkServlet:489] - FrameworkServlet 'dispatcherServlet': initialization started
2016-12-25 23:48:38 [org.springframework.web.servlet.FrameworkServlet:508] - FrameworkServlet 'dispatcherServlet': initialization completed in 20 ms
2016-12-25 23:52:32 [org.springframework.context.support.AbstractApplicationContext:987] - Closing org.springframework.boot.context.embedded.AnnotationConfigEmbeddedWebApplicationContext@2925bf5b: startup date [Sun Dec 25 23:46:42 CST 2016]; root of context hierarchy
2016-12-25 23:52:32 [org.springframework.context.support.DefaultLifecycleProcessor$LifecycleGroup:356] - Stopping beans in phase 0
2016-12-25 23:52:32 [org.springframework.jmx.export.MBeanExporter:449] - Unregistering JMX-exposed beans on shutdown
2016-12-25 23:52:32 [org.springframework.jmx.support.MBeanRegistrationSupport:241] - Unregistering JMX-exposed beans
2016-12-25 23:52:32 [org.springframework.jmx.export.MBeanExporter:449] - Unregistering JMX-exposed beans on shutdown
2016-12-25 23:52:32 [org.springframework.orm.jpa.AbstractEntityManagerFactoryBean:551] - Closing JPA EntityManagerFactory for persistence unit 'default'
2016-12-25 23:52:32 [com.weixk.helloworld.filter.ValidatorFilter:42] - ValidatorFilter销毁
