2016-12-21 21:52:32 [org.springframework.boot.StartupInfoLogger:48] - Starting Application on weixiaokangdeMacBook-Pro.local with PID 5441 (/Users/www1/IdeaProjects/HelloWorld/target/classes started by www1 in /Users/www1/IdeaProjects/HelloWorld)
2016-12-21 21:52:32 [org.springframework.boot.SpringApplication:661] - No active profile set, falling back to default profiles: default
2016-12-21 21:52:32 [org.springframework.context.support.AbstractApplicationContext:582] - Refreshing org.springframework.boot.context.embedded.AnnotationConfigEmbeddedWebApplicationContext@3857f613: startup date [Wed Dec 21 21:52:32 CST 2016]; root of context hierarchy
2016-12-21 21:52:33 [org.hibernate.validator.internal.util.Version:30] - HV000001: Hibernate Validator 5.2.4.Final
2016-12-21 21:52:35 [org.springframework.data.repository.config.RepositoryConfigurationDelegate:170] - Multiple Spring Data modules found, entering strict repository configuration mode!
2016-12-21 21:52:35 [org.springframework.data.repository.config.RepositoryConfigurationDelegate:170] - Multiple Spring Data modules found, entering strict repository configuration mode!
2016-12-21 21:52:35 [org.springframework.data.repository.config.RepositoryConfigurationExtensionSupport:283] - Spring Data Redis - Could not safely identify store assignment for repository candidate interface com.weixk.helloworld.domain.UserDao.
2016-12-21 21:52:36 [org.springframework.context.support.PostProcessorRegistrationDelegate$BeanPostProcessorChecker:325] - Bean 'application' of type [class com.weixk.helloworld.Application$$EnhancerBySpringCGLIB$$48ac887f] is not eligible for getting processed by all BeanPostProcessors (for example: not eligible for auto-proxying)
2016-12-21 21:52:36 [org.springframework.context.support.PostProcessorRegistrationDelegate$BeanPostProcessorChecker:325] - Bean 'org.springframework.transaction.annotation.ProxyTransactionManagementConfiguration' of type [class org.springframework.transaction.annotation.ProxyTransactionManagementConfiguration$$EnhancerBySpringCGLIB$$53c3504b] is not eligible for getting processed by all BeanPostProcessors (for example: not eligible for auto-proxying)
2016-12-21 21:52:37 [org.springframework.boot.context.embedded.tomcat.TomcatEmbeddedServletContainer:87] - Tomcat initialized with port(s): 8080 (http)
2016-12-21 21:52:37 [org.apache.juli.logging.DirectJDKLog:179] - Starting service Tomcat
2016-12-21 21:52:37 [org.apache.juli.logging.DirectJDKLog:179] - Starting Servlet Engine: Apache Tomcat/8.5.6
2016-12-21 21:52:37 [org.apache.juli.logging.DirectJDKLog:179] - Initializing Spring embedded WebApplicationContext
2016-12-21 21:52:37 [org.springframework.boot.context.embedded.EmbeddedWebApplicationContext:276] - Root WebApplicationContext: initialization completed in 4917 ms
2016-12-21 21:52:38 [org.springframework.boot.web.servlet.AbstractFilterRegistrationBean:258] - Mapping filter: 'metricsFilter' to: [/*]
2016-12-21 21:52:38 [org.springframework.boot.web.servlet.AbstractFilterRegistrationBean:258] - Mapping filter: 'characterEncodingFilter' to: [/*]
2016-12-21 21:52:38 [org.springframework.boot.web.servlet.AbstractFilterRegistrationBean:258] - Mapping filter: 'hiddenHttpMethodFilter' to: [/*]
2016-12-21 21:52:38 [org.springframework.boot.web.servlet.AbstractFilterRegistrationBean:258] - Mapping filter: 'httpPutFormContentFilter' to: [/*]
2016-12-21 21:52:38 [org.springframework.boot.web.servlet.AbstractFilterRegistrationBean:258] - Mapping filter: 'requestContextFilter' to: [/*]
2016-12-21 21:52:38 [org.springframework.boot.web.servlet.AbstractFilterRegistrationBean:258] - Mapping filter: 'webRequestLoggingFilter' to: [/*]
2016-12-21 21:52:38 [org.springframework.boot.web.servlet.AbstractFilterRegistrationBean:271] - Mapping filter: 'validator' to urls: [/valid/*]
2016-12-21 21:52:38 [org.springframework.boot.web.servlet.AbstractFilterRegistrationBean:258] - Mapping filter: 'applicationContextIdFilter' to: [/*]
2016-12-21 21:52:38 [org.springframework.boot.web.servlet.ServletRegistrationBean:190] - Mapping servlet: 'dispatcherServlet' to [/]
2016-12-21 21:52:38 [com.weixk.helloworld.filter.ValidatorFilter:21] - ValidatorFilter初始化
2016-12-21 21:52:38 [org.springframework.orm.jpa.LocalContainerEntityManagerFactoryBean:349] - Building JPA container EntityManagerFactory for persistence unit 'default'
2016-12-21 21:52:38 [org.hibernate.Version:37] - HHH000412: Hibernate Core {5.0.11.Final}
2016-12-21 21:52:38 [org.hibernate.cfg.Environment:213] - HHH000206: hibernate.properties not found
2016-12-21 21:52:38 [org.hibernate.cfg.Environment:317] - HHH000021: Bytecode provider name : javassist
2016-12-21 21:52:39 [org.hibernate.annotations.common.reflection.java.JavaReflectionManager:66] - HCANN000001: Hibernate Commons Annotations {5.0.1.Final}
2016-12-21 21:52:40 [org.hibernate.dialect.Dialect:156] - HHH000400: Using dialect: org.hibernate.dialect.MySQL5Dialect
2016-12-21 21:52:40 [org.hibernate.tool.hbm2ddl.SchemaUpdate:105] - HHH000228: Running hbm2ddl schema update
2016-12-21 21:52:41 [org.springframework.orm.jpa.AbstractEntityManagerFactoryBean:382] - Initialized JPA EntityManagerFactory for persistence unit 'default'
2016-12-21 21:52:41 [org.hibernate.hql.internal.QueryTranslatorFactoryInitiator:47] - HHH000397: Using ASTQueryTranslatorFactory
2016-12-21 21:52:42 [org.springframework.web.servlet.mvc.method.annotation.RequestMappingHandlerAdapter:534] - Looking for @ControllerAdvice: org.springframework.boot.context.embedded.AnnotationConfigEmbeddedWebApplicationContext@3857f613: startup date [Wed Dec 21 21:52:32 CST 2016]; root of context hierarchy
2016-12-21 21:52:42 [org.springframework.web.servlet.handler.AbstractHandlerMethodMapping$MappingRegistry:543] - Mapped "{[/email/send]}" onto public void com.weixk.helloworld.web.EmailController.send(com.weixk.helloworld.domain.Email)
2016-12-21 21:52:42 [org.springframework.web.servlet.handler.AbstractHandlerMethodMapping$MappingRegistry:543] - Mapped "{[/img/download/{path}],methods=[POST]}" onto public void com.weixk.helloworld.web.ImageController.downloadImg(java.lang.String,javax.servlet.http.HttpServletResponse) throws java.io.IOException
2016-12-21 21:52:42 [org.springframework.web.servlet.handler.AbstractHandlerMethodMapping$MappingRegistry:543] - Mapped "{[/img/upload],methods=[POST]}" onto public com.weixk.helloworld.domain.Result<java.lang.String> com.weixk.helloworld.web.ImageController.uploadImg(org.springframework.web.multipart.MultipartFile) throws java.io.IOException
2016-12-21 21:52:42 [org.springframework.web.servlet.handler.AbstractHandlerMethodMapping$MappingRegistry:543] - Mapped "{[/],methods=[GET]}" onto public java.lang.String com.weixk.helloworld.web.IndexController.index()
2016-12-21 21:52:42 [org.springframework.web.servlet.handler.AbstractHandlerMethodMapping$MappingRegistry:543] - Mapped "{[/qiniu/download],methods=[GET]}" onto public com.weixk.helloworld.domain.Result<java.lang.String> com.weixk.helloworld.web.QiniuController.download(java.lang.String)
2016-12-21 21:52:42 [org.springframework.web.servlet.handler.AbstractHandlerMethodMapping$MappingRegistry:543] - Mapped "{[/qiniu/upload],methods=[POST]}" onto public com.weixk.helloworld.domain.Result<java.lang.String> com.weixk.helloworld.web.QiniuController.upload(org.springframework.web.multipart.MultipartFile)
2016-12-21 21:52:42 [org.springframework.web.servlet.handler.AbstractHandlerMethodMapping$MappingRegistry:543] - Mapped "{[/redis/add]}" onto public java.lang.String com.weixk.helloworld.web.RedisController.add(java.lang.String,java.lang.String)
2016-12-21 21:52:42 [org.springframework.web.servlet.handler.AbstractHandlerMethodMapping$MappingRegistry:543] - Mapped "{[/redis/find]}" onto public java.lang.String com.weixk.helloworld.web.RedisController.find(java.lang.String)
2016-12-21 21:52:42 [org.springframework.web.servlet.handler.AbstractHandlerMethodMapping$MappingRegistry:543] - Mapped "{[/user/register],methods=[POST]}" onto public com.weixk.helloworld.domain.Result<com.weixk.helloworld.domain.User> com.weixk.helloworld.web.UserController.register(com.weixk.helloworld.domain.UserRegister)
2016-12-21 21:52:42 [org.springframework.web.servlet.handler.AbstractHandlerMethodMapping$MappingRegistry:543] - Mapped "{[/user/{id}]}" onto public com.weixk.helloworld.domain.Result<com.weixk.helloworld.domain.User> com.weixk.helloworld.web.UserController.getUserByIdFromPath(long)
2016-12-21 21:52:42 [org.springframework.web.servlet.handler.AbstractHandlerMethodMapping$MappingRegistry:543] - Mapped "{[/user/user_id={id}]}" onto public com.weixk.helloworld.domain.Result<com.weixk.helloworld.domain.User> com.weixk.helloworld.web.UserController.getUserByIdFromPathWithKey(long)
2016-12-21 21:52:42 [org.springframework.web.servlet.handler.AbstractHandlerMethodMapping$MappingRegistry:543] - Mapped "{[/user/find-user]}" onto public com.weixk.helloworld.domain.Result<com.weixk.helloworld.domain.User> com.weixk.helloworld.web.UserController.getUserByIdFromQueryParam(java.lang.Long)
2016-12-21 21:52:42 [org.springframework.web.servlet.handler.AbstractHandlerMethodMapping$MappingRegistry:543] - Mapped "{[/user/find-by-name],methods=[POST]}" onto public com.weixk.helloworld.domain.Result<java.util.List<com.weixk.helloworld.domain.User>> com.weixk.helloworld.web.UserController.getUserByName(java.lang.String)
2016-12-21 21:52:42 [org.springframework.web.servlet.handler.AbstractHandlerMethodMapping$MappingRegistry:543] - Mapped "{[/user/find-by-n]}" onto public com.weixk.helloworld.domain.Result<java.util.List<com.weixk.helloworld.domain.User>> com.weixk.helloworld.web.UserController.getUserByN(java.lang.String)
2016-12-21 21:52:42 [org.springframework.web.servlet.handler.AbstractHandlerMethodMapping$MappingRegistry:543] - Mapped "{[/user/find-by-e]}" onto public com.weixk.helloworld.domain.Result<java.util.List<com.weixk.helloworld.domain.User>> com.weixk.helloworld.web.UserController.getUserByE(java.lang.String)
2016-12-21 21:52:42 [org.springframework.web.servlet.handler.AbstractHandlerMethodMapping$MappingRegistry:543] - Mapped "{[/user/find-by-ne]}" onto public com.weixk.helloworld.domain.Result<java.util.List<com.weixk.helloworld.domain.User>> com.weixk.helloworld.web.UserController.getUserByE(java.lang.String,java.lang.String)
2016-12-21 21:52:42 [org.springframework.web.servlet.handler.AbstractHandlerMethodMapping$MappingRegistry:543] - Mapped "{[/user/post-user],methods=[POST]}" onto public com.weixk.helloworld.domain.Result<com.weixk.helloworld.domain.User> com.weixk.helloworld.web.UserController.postUser(com.weixk.helloworld.domain.User,org.springframework.validation.BindingResult)
2016-12-21 21:52:42 [org.springframework.web.servlet.handler.AbstractHandlerMethodMapping$MappingRegistry:543] - Mapped "{[/user/login],methods=[POST]}" onto public com.weixk.helloworld.domain.Result<com.weixk.helloworld.domain.User> com.weixk.helloworld.web.UserController.login(com.weixk.helloworld.domain.UserLogin)
2016-12-21 21:52:42 [org.springframework.web.servlet.handler.AbstractHandlerMethodMapping$MappingRegistry:543] - Mapped "{[/valid/post-user],methods=[POST]}" onto public com.weixk.helloworld.domain.Result<com.weixk.helloworld.domain.User> com.weixk.helloworld.web.ValidatorController.postUser(com.weixk.helloworld.domain.User)
2016-12-21 21:52:42 [org.springframework.web.servlet.handler.AbstractHandlerMethodMapping$MappingRegistry:543] - Mapped "{[/error]}" onto public org.springframework.http.ResponseEntity<java.util.Map<java.lang.String, java.lang.Object>> org.springframework.boot.autoconfigure.web.BasicErrorController.error(javax.servlet.http.HttpServletRequest)
2016-12-21 21:52:42 [org.springframework.web.servlet.handler.AbstractHandlerMethodMapping$MappingRegistry:543] - Mapped "{[/error],produces=[text/html]}" onto public org.springframework.web.servlet.ModelAndView org.springframework.boot.autoconfigure.web.BasicErrorController.errorHtml(javax.servlet.http.HttpServletRequest,javax.servlet.http.HttpServletResponse)
2016-12-21 21:52:42 [org.springframework.web.servlet.handler.AbstractUrlHandlerMapping:354] - Mapped URL path [/webjars/**] onto handler of type [class org.springframework.web.servlet.resource.ResourceHttpRequestHandler]
2016-12-21 21:52:42 [org.springframework.web.servlet.handler.AbstractUrlHandlerMapping:354] - Mapped URL path [/**] onto handler of type [class org.springframework.web.servlet.resource.ResourceHttpRequestHandler]
2016-12-21 21:52:42 [org.springframework.web.servlet.mvc.method.annotation.ExceptionHandlerExceptionResolver:271] - Detected @ExceptionHandler methods in globalExceptionHandler
2016-12-21 21:52:42 [org.springframework.web.servlet.handler.AbstractUrlHandlerMapping:354] - Mapped URL path [/**/favicon.ico] onto handler of type [class org.springframework.web.servlet.resource.ResourceHttpRequestHandler]
2016-12-21 21:52:43 [org.springframework.web.servlet.handler.AbstractHandlerMethodMapping$MappingRegistry:543] - Mapped "{[/autoconfig || /autoconfig.json],methods=[GET],produces=[application/json]}" onto public java.lang.Object org.springframework.boot.actuate.endpoint.mvc.EndpointMvcAdapter.invoke()
2016-12-21 21:52:43 [org.springframework.web.servlet.handler.AbstractHandlerMethodMapping$MappingRegistry:543] - Mapped "{[/env/{name:.*}],methods=[GET],produces=[application/json]}" onto public java.lang.Object org.springframework.boot.actuate.endpoint.mvc.EnvironmentMvcEndpoint.value(java.lang.String)
2016-12-21 21:52:43 [org.springframework.web.servlet.handler.AbstractHandlerMethodMapping$MappingRegistry:543] - Mapped "{[/env || /env.json],methods=[GET],produces=[application/json]}" onto public java.lang.Object org.springframework.boot.actuate.endpoint.mvc.EndpointMvcAdapter.invoke()
2016-12-21 21:52:43 [org.springframework.web.servlet.handler.AbstractHandlerMethodMapping$MappingRegistry:543] - Mapped "{[/beans || /beans.json],methods=[GET],produces=[application/json]}" onto public java.lang.Object org.springframework.boot.actuate.endpoint.mvc.EndpointMvcAdapter.invoke()
2016-12-21 21:52:43 [org.springframework.web.servlet.handler.AbstractHandlerMethodMapping$MappingRegistry:543] - Mapped "{[/heapdump || /heapdump.json],methods=[GET],produces=[application/octet-stream]}" onto public void org.springframework.boot.actuate.endpoint.mvc.HeapdumpMvcEndpoint.invoke(boolean,javax.servlet.http.HttpServletRequest,javax.servlet.http.HttpServletResponse) throws java.io.IOException,javax.servlet.ServletException
2016-12-21 21:52:43 [org.springframework.web.servlet.handler.AbstractHandlerMethodMapping$MappingRegistry:543] - Mapped "{[/configprops || /configprops.json],methods=[GET],produces=[application/json]}" onto public java.lang.Object org.springframework.boot.actuate.endpoint.mvc.EndpointMvcAdapter.invoke()
2016-12-21 21:52:43 [org.springframework.web.servlet.handler.AbstractHandlerMethodMapping$MappingRegistry:543] - Mapped "{[/info || /info.json],methods=[GET],produces=[application/json]}" onto public java.lang.Object org.springframework.boot.actuate.endpoint.mvc.EndpointMvcAdapter.invoke()
2016-12-21 21:52:43 [org.springframework.web.servlet.handler.AbstractHandlerMethodMapping$MappingRegistry:543] - Mapped "{[/health || /health.json],produces=[application/json]}" onto public java.lang.Object org.springframework.boot.actuate.endpoint.mvc.HealthMvcEndpoint.invoke(java.security.Principal)
2016-12-21 21:52:43 [org.springframework.web.servlet.handler.AbstractHandlerMethodMapping$MappingRegistry:543] - Mapped "{[/mappings || /mappings.json],methods=[GET],produces=[application/json]}" onto public java.lang.Object org.springframework.boot.actuate.endpoint.mvc.EndpointMvcAdapter.invoke()
2016-12-21 21:52:43 [org.springframework.web.servlet.handler.AbstractHandlerMethodMapping$MappingRegistry:543] - Mapped "{[/metrics/{name:.*}],methods=[GET],produces=[application/json]}" onto public java.lang.Object org.springframework.boot.actuate.endpoint.mvc.MetricsMvcEndpoint.value(java.lang.String)
2016-12-21 21:52:43 [org.springframework.web.servlet.handler.AbstractHandlerMethodMapping$MappingRegistry:543] - Mapped "{[/metrics || /metrics.json],methods=[GET],produces=[application/json]}" onto public java.lang.Object org.springframework.boot.actuate.endpoint.mvc.EndpointMvcAdapter.invoke()
2016-12-21 21:52:43 [org.springframework.web.servlet.handler.AbstractHandlerMethodMapping$MappingRegistry:543] - Mapped "{[/trace || /trace.json],methods=[GET],produces=[application/json]}" onto public java.lang.Object org.springframework.boot.actuate.endpoint.mvc.EndpointMvcAdapter.invoke()
2016-12-21 21:52:43 [org.springframework.web.servlet.handler.AbstractHandlerMethodMapping$MappingRegistry:543] - Mapped "{[/dump || /dump.json],methods=[GET],produces=[application/json]}" onto public java.lang.Object org.springframework.boot.actuate.endpoint.mvc.EndpointMvcAdapter.invoke()
2016-12-21 21:52:44 [org.springframework.jmx.export.MBeanExporter:431] - Registering beans for JMX exposure on startup
2016-12-21 21:52:44 [org.springframework.jmx.export.MBeanExporter:431] - Registering beans for JMX exposure on startup
2016-12-21 21:52:44 [org.springframework.context.support.DefaultLifecycleProcessor$LifecycleGroup:341] - Starting beans in phase 0
2016-12-21 21:52:44 [org.springframework.jmx.export.MBeanExporter:674] - Located managed bean 'requestMappingEndpoint': registering with JMX server as MBean [org.springframework.boot:type=Endpoint,name=requestMappingEndpoint]
2016-12-21 21:52:44 [org.springframework.jmx.export.MBeanExporter:674] - Located managed bean 'environmentEndpoint': registering with JMX server as MBean [org.springframework.boot:type=Endpoint,name=environmentEndpoint]
2016-12-21 21:52:44 [org.springframework.jmx.export.MBeanExporter:674] - Located managed bean 'healthEndpoint': registering with JMX server as MBean [org.springframework.boot:type=Endpoint,name=healthEndpoint]
2016-12-21 21:52:44 [org.springframework.jmx.export.MBeanExporter:674] - Located managed bean 'beansEndpoint': registering with JMX server as MBean [org.springframework.boot:type=Endpoint,name=beansEndpoint]
2016-12-21 21:52:44 [org.springframework.jmx.export.MBeanExporter:674] - Located managed bean 'infoEndpoint': registering with JMX server as MBean [org.springframework.boot:type=Endpoint,name=infoEndpoint]
2016-12-21 21:52:44 [org.springframework.jmx.export.MBeanExporter:674] - Located managed bean 'metricsEndpoint': registering with JMX server as MBean [org.springframework.boot:type=Endpoint,name=metricsEndpoint]
2016-12-21 21:52:44 [org.springframework.jmx.export.MBeanExporter:674] - Located managed bean 'traceEndpoint': registering with JMX server as MBean [org.springframework.boot:type=Endpoint,name=traceEndpoint]
2016-12-21 21:52:44 [org.springframework.jmx.export.MBeanExporter:674] - Located managed bean 'dumpEndpoint': registering with JMX server as MBean [org.springframework.boot:type=Endpoint,name=dumpEndpoint]
2016-12-21 21:52:44 [org.springframework.jmx.export.MBeanExporter:674] - Located managed bean 'autoConfigurationReportEndpoint': registering with JMX server as MBean [org.springframework.boot:type=Endpoint,name=autoConfigurationReportEndpoint]
2016-12-21 21:52:44 [org.springframework.jmx.export.MBeanExporter:674] - Located managed bean 'configurationPropertiesReportEndpoint': registering with JMX server as MBean [org.springframework.boot:type=Endpoint,name=configurationPropertiesReportEndpoint]
2016-12-21 21:52:44 [org.apache.juli.logging.DirectJDKLog:179] - Initializing ProtocolHandler ["http-nio-8080"]
2016-12-21 21:52:44 [org.apache.juli.logging.DirectJDKLog:179] - Starting ProtocolHandler [http-nio-8080]
2016-12-21 21:52:44 [org.apache.juli.logging.DirectJDKLog:179] - Using a shared selector for servlet write/read
2016-12-21 21:52:44 [org.springframework.boot.context.embedded.tomcat.TomcatEmbeddedServletContainer:185] - Tomcat started on port(s): 8080 (http)
2016-12-21 21:52:44 [org.springframework.boot.StartupInfoLogger:57] - Started Application in 12.891 seconds (JVM running for 14.031)
2016-12-21 21:52:44 [com.weixk.helloworld.Application:31] - 应用启动
2016-12-21 21:54:33 [org.springframework.context.support.AbstractApplicationContext:987] - Closing org.springframework.boot.context.embedded.AnnotationConfigEmbeddedWebApplicationContext@3857f613: startup date [Wed Dec 21 21:52:32 CST 2016]; root of context hierarchy
2016-12-21 21:54:34 [org.springframework.context.support.DefaultLifecycleProcessor$LifecycleGroup:356] - Stopping beans in phase 0
2016-12-21 21:54:34 [org.springframework.jmx.export.MBeanExporter:449] - Unregistering JMX-exposed beans on shutdown
2016-12-21 21:54:34 [org.springframework.jmx.support.MBeanRegistrationSupport:241] - Unregistering JMX-exposed beans
2016-12-21 21:54:34 [org.springframework.jmx.export.MBeanExporter:449] - Unregistering JMX-exposed beans on shutdown
2016-12-21 21:54:34 [org.springframework.orm.jpa.AbstractEntityManagerFactoryBean:551] - Closing JPA EntityManagerFactory for persistence unit 'default'
2016-12-21 21:54:34 [com.weixk.helloworld.filter.ValidatorFilter:43] - ValidatorFilter销毁
2016-12-21 22:09:28 [org.springframework.test.context.support.AbstractTestContextBootstrapper:319] - Neither @ContextConfiguration nor @ContextHierarchy found for test class [com.weixk.helloworld.AppTest], using SpringBootContextLoader
2016-12-21 22:09:28 [org.springframework.test.context.support.AbstractContextLoader:264] - Could not detect default resource locations for test class [com.weixk.helloworld.AppTest]: no resource found for suffixes {-context.xml, Context.groovy}.
2016-12-21 22:09:28 [org.springframework.test.context.support.AnnotationConfigContextLoaderUtils:81] - Could not detect default configuration classes for test class [com.weixk.helloworld.AppTest]: AppTest does not declare any static, non-private, non-final, nested classes annotated with @Configuration.
2016-12-21 22:09:29 [org.springframework.boot.test.context.SpringBootTestContextBootstrapper:177] - Found @SpringBootConfiguration com.weixk.helloworld.Application for test class com.weixk.helloworld.AppTest
2016-12-21 22:09:29 [org.springframework.test.context.support.AbstractTestContextBootstrapper:260] - Loaded default TestExecutionListener class names from location [META-INF/spring.factories]: [org.springframework.boot.test.mock.mockito.MockitoTestExecutionListener, org.springframework.boot.test.mock.mockito.ResetMocksTestExecutionListener, org.springframework.boot.test.autoconfigure.restdocs.RestDocsTestExecutionListener, org.springframework.boot.test.autoconfigure.web.client.MockRestServiceServerResetTestExecutionListener, org.springframework.boot.test.autoconfigure.web.servlet.MockMvcPrintOnlyOnFailureTestExecutionListener, org.springframework.boot.test.autoconfigure.web.servlet.WebDriverTestExecutionListener, org.springframework.test.context.web.ServletTestExecutionListener, org.springframework.test.context.support.DirtiesContextBeforeModesTestExecutionListener, org.springframework.test.context.support.DependencyInjectionTestExecutionListener, org.springframework.test.context.support.DirtiesContextTestExecutionListener, org.springframework.test.context.transaction.TransactionalTestExecutionListener, org.springframework.test.context.jdbc.SqlScriptsTestExecutionListener]
2016-12-21 22:09:29 [org.springframework.test.context.support.AbstractTestContextBootstrapper:187] - Using TestExecutionListeners: [org.springframework.test.context.web.ServletTestExecutionListener@50a638b5, org.springframework.test.context.support.DirtiesContextBeforeModesTestExecutionListener@1817d444, org.springframework.boot.test.autoconfigure.SpringBootDependencyInjectionTestExecutionListener@6ca8564a, org.springframework.test.context.support.DirtiesContextTestExecutionListener@50b472aa, org.springframework.test.context.transaction.TransactionalTestExecutionListener@31368b99, org.springframework.test.context.jdbc.SqlScriptsTestExecutionListener@1725dc0f, org.springframework.boot.test.mock.mockito.ResetMocksTestExecutionListener@3911c2a7, org.springframework.boot.test.mock.mockito.MockitoTestExecutionListener@4ac3c60d, org.springframework.boot.test.autoconfigure.web.client.MockRestServiceServerResetTestExecutionListener@4facf68f, org.springframework.boot.test.autoconfigure.restdocs.RestDocsTestExecutionListener@76508ed1, org.springframework.boot.test.autoconfigure.web.servlet.MockMvcPrintOnlyOnFailureTestExecutionListener@41e36e46, org.springframework.boot.test.autoconfigure.web.servlet.WebDriverTestExecutionListener@15c43bd9]
2016-12-21 22:09:30 [org.springframework.boot.StartupInfoLogger:48] - Starting AppTest on weixiaokangdeMacBook-Pro.local with PID 5611 (started by www1 in /Users/www1/IdeaProjects/HelloWorld)
2016-12-21 22:09:30 [org.springframework.boot.SpringApplication:661] - No active profile set, falling back to default profiles: default
2016-12-21 22:09:30 [org.springframework.context.support.AbstractApplicationContext:582] - Refreshing org.springframework.web.context.support.GenericWebApplicationContext@5340477f: startup date [Wed Dec 21 22:09:30 CST 2016]; root of context hierarchy
2016-12-21 22:09:30 [org.hibernate.validator.internal.util.Version:30] - HV000001: Hibernate Validator 5.2.4.Final
2016-12-21 22:09:33 [org.springframework.data.repository.config.RepositoryConfigurationDelegate:170] - Multiple Spring Data modules found, entering strict repository configuration mode!
2016-12-21 22:09:33 [org.springframework.data.repository.config.RepositoryConfigurationDelegate:170] - Multiple Spring Data modules found, entering strict repository configuration mode!
2016-12-21 22:09:33 [org.springframework.data.repository.config.RepositoryConfigurationExtensionSupport:283] - Spring Data Redis - Could not safely identify store assignment for repository candidate interface com.weixk.helloworld.domain.UserDao.
2016-12-21 22:09:34 [org.springframework.context.support.PostProcessorRegistrationDelegate$BeanPostProcessorChecker:325] - Bean 'application' of type [class com.weixk.helloworld.Application$$EnhancerBySpringCGLIB$$b4813b7e] is not eligible for getting processed by all BeanPostProcessors (for example: not eligible for auto-proxying)
2016-12-21 22:09:34 [org.springframework.context.support.PostProcessorRegistrationDelegate$BeanPostProcessorChecker:325] - Bean 'org.springframework.transaction.annotation.ProxyTransactionManagementConfiguration' of type [class org.springframework.transaction.annotation.ProxyTransactionManagementConfiguration$$EnhancerBySpringCGLIB$$bf98034a] is not eligible for getting processed by all BeanPostProcessors (for example: not eligible for auto-proxying)
2016-12-21 22:09:35 [org.springframework.orm.jpa.LocalContainerEntityManagerFactoryBean:349] - Building JPA container EntityManagerFactory for persistence unit 'default'
2016-12-21 22:09:35 [org.hibernate.Version:37] - HHH000412: Hibernate Core {5.0.11.Final}
2016-12-21 22:09:35 [org.hibernate.cfg.Environment:213] - HHH000206: hibernate.properties not found
2016-12-21 22:09:35 [org.hibernate.cfg.Environment:317] - HHH000021: Bytecode provider name : javassist
2016-12-21 22:09:35 [org.hibernate.annotations.common.reflection.java.JavaReflectionManager:66] - HCANN000001: Hibernate Commons Annotations {5.0.1.Final}
2016-12-21 22:09:36 [org.hibernate.dialect.Dialect:156] - HHH000400: Using dialect: org.hibernate.dialect.MySQL5Dialect
2016-12-21 22:09:36 [org.hibernate.tool.hbm2ddl.SchemaUpdate:105] - HHH000228: Running hbm2ddl schema update
2016-12-21 22:09:37 [org.springframework.orm.jpa.AbstractEntityManagerFactoryBean:382] - Initialized JPA EntityManagerFactory for persistence unit 'default'
2016-12-21 22:09:37 [org.hibernate.hql.internal.QueryTranslatorFactoryInitiator:47] - HHH000397: Using ASTQueryTranslatorFactory
2016-12-21 22:09:38 [org.springframework.web.servlet.mvc.method.annotation.RequestMappingHandlerAdapter:534] - Looking for @ControllerAdvice: org.springframework.web.context.support.GenericWebApplicationContext@5340477f: startup date [Wed Dec 21 22:09:30 CST 2016]; root of context hierarchy
2016-12-21 22:09:39 [org.springframework.web.servlet.handler.AbstractHandlerMethodMapping$MappingRegistry:543] - Mapped "{[/email/send]}" onto public void com.weixk.helloworld.web.EmailController.send(com.weixk.helloworld.domain.Email)
2016-12-21 22:09:39 [org.springframework.web.servlet.handler.AbstractHandlerMethodMapping$MappingRegistry:543] - Mapped "{[/img/upload],methods=[POST]}" onto public com.weixk.helloworld.domain.Result<java.lang.String> com.weixk.helloworld.web.ImageController.uploadImg(org.springframework.web.multipart.MultipartFile) throws java.io.IOException
2016-12-21 22:09:39 [org.springframework.web.servlet.handler.AbstractHandlerMethodMapping$MappingRegistry:543] - Mapped "{[/img/download/{path}],methods=[POST]}" onto public void com.weixk.helloworld.web.ImageController.downloadImg(java.lang.String,javax.servlet.http.HttpServletResponse) throws java.io.IOException
2016-12-21 22:09:39 [org.springframework.web.servlet.handler.AbstractHandlerMethodMapping$MappingRegistry:543] - Mapped "{[/],methods=[GET]}" onto public java.lang.String com.weixk.helloworld.web.IndexController.index()
2016-12-21 22:09:39 [org.springframework.web.servlet.handler.AbstractHandlerMethodMapping$MappingRegistry:543] - Mapped "{[/qiniu/upload],methods=[POST]}" onto public com.weixk.helloworld.domain.Result<java.lang.String> com.weixk.helloworld.web.QiniuController.upload(org.springframework.web.multipart.MultipartFile)
2016-12-21 22:09:39 [org.springframework.web.servlet.handler.AbstractHandlerMethodMapping$MappingRegistry:543] - Mapped "{[/qiniu/download],methods=[GET]}" onto public com.weixk.helloworld.domain.Result<java.lang.String> com.weixk.helloworld.web.QiniuController.download(java.lang.String)
2016-12-21 22:09:39 [org.springframework.web.servlet.handler.AbstractHandlerMethodMapping$MappingRegistry:543] - Mapped "{[/redis/add]}" onto public java.lang.String com.weixk.helloworld.web.RedisController.add(java.lang.String,java.lang.String)
2016-12-21 22:09:39 [org.springframework.web.servlet.handler.AbstractHandlerMethodMapping$MappingRegistry:543] - Mapped "{[/redis/find]}" onto public java.lang.String com.weixk.helloworld.web.RedisController.find(java.lang.String)
2016-12-21 22:09:39 [org.springframework.web.servlet.handler.AbstractHandlerMethodMapping$MappingRegistry:543] - Mapped "{[/user/register],methods=[POST]}" onto public com.weixk.helloworld.domain.Result<com.weixk.helloworld.domain.User> com.weixk.helloworld.web.UserController.register(com.weixk.helloworld.domain.UserRegister)
2016-12-21 22:09:39 [org.springframework.web.servlet.handler.AbstractHandlerMethodMapping$MappingRegistry:543] - Mapped "{[/user/login],methods=[POST]}" onto public com.weixk.helloworld.domain.Result<com.weixk.helloworld.domain.User> com.weixk.helloworld.web.UserController.login(com.weixk.helloworld.domain.UserLogin)
2016-12-21 22:09:39 [org.springframework.web.servlet.handler.AbstractHandlerMethodMapping$MappingRegistry:543] - Mapped "{[/user/{id}]}" onto public com.weixk.helloworld.domain.Result<com.weixk.helloworld.domain.User> com.weixk.helloworld.web.UserController.getUserByIdFromPath(long)
2016-12-21 22:09:39 [org.springframework.web.servlet.handler.AbstractHandlerMethodMapping$MappingRegistry:543] - Mapped "{[/user/user_id={id}]}" onto public com.weixk.helloworld.domain.Result<com.weixk.helloworld.domain.User> com.weixk.helloworld.web.UserController.getUserByIdFromPathWithKey(long)
2016-12-21 22:09:39 [org.springframework.web.servlet.handler.AbstractHandlerMethodMapping$MappingRegistry:543] - Mapped "{[/user/find-user]}" onto public com.weixk.helloworld.domain.Result<com.weixk.helloworld.domain.User> com.weixk.helloworld.web.UserController.getUserByIdFromQueryParam(java.lang.Long)
2016-12-21 22:09:39 [org.springframework.web.servlet.handler.AbstractHandlerMethodMapping$MappingRegistry:543] - Mapped "{[/user/find-by-name],methods=[POST]}" onto public com.weixk.helloworld.domain.Result<java.util.List<com.weixk.helloworld.domain.User>> com.weixk.helloworld.web.UserController.getUserByName(java.lang.String)
2016-12-21 22:09:39 [org.springframework.web.servlet.handler.AbstractHandlerMethodMapping$MappingRegistry:543] - Mapped "{[/user/find-by-n]}" onto public com.weixk.helloworld.domain.Result<java.util.List<com.weixk.helloworld.domain.User>> com.weixk.helloworld.web.UserController.getUserByN(java.lang.String)
2016-12-21 22:09:39 [org.springframework.web.servlet.handler.AbstractHandlerMethodMapping$MappingRegistry:543] - Mapped "{[/user/find-by-e]}" onto public com.weixk.helloworld.domain.Result<java.util.List<com.weixk.helloworld.domain.User>> com.weixk.helloworld.web.UserController.getUserByE(java.lang.String)
2016-12-21 22:09:39 [org.springframework.web.servlet.handler.AbstractHandlerMethodMapping$MappingRegistry:543] - Mapped "{[/user/find-by-ne]}" onto public com.weixk.helloworld.domain.Result<java.util.List<com.weixk.helloworld.domain.User>> com.weixk.helloworld.web.UserController.getUserByE(java.lang.String,java.lang.String)
2016-12-21 22:09:39 [org.springframework.web.servlet.handler.AbstractHandlerMethodMapping$MappingRegistry:543] - Mapped "{[/user/post-user],methods=[POST]}" onto public com.weixk.helloworld.domain.Result<com.weixk.helloworld.domain.User> com.weixk.helloworld.web.UserController.postUser(com.weixk.helloworld.domain.User,org.springframework.validation.BindingResult)
2016-12-21 22:09:39 [org.springframework.web.servlet.handler.AbstractHandlerMethodMapping$MappingRegistry:543] - Mapped "{[/valid/post-user],methods=[POST]}" onto public com.weixk.helloworld.domain.Result<com.weixk.helloworld.domain.User> com.weixk.helloworld.web.ValidatorController.postUser(com.weixk.helloworld.domain.User)
2016-12-21 22:09:39 [org.springframework.web.servlet.handler.AbstractHandlerMethodMapping$MappingRegistry:543] - Mapped "{[/error]}" onto public org.springframework.http.ResponseEntity<java.util.Map<java.lang.String, java.lang.Object>> org.springframework.boot.autoconfigure.web.BasicErrorController.error(javax.servlet.http.HttpServletRequest)
2016-12-21 22:09:39 [org.springframework.web.servlet.handler.AbstractHandlerMethodMapping$MappingRegistry:543] - Mapped "{[/error],produces=[text/html]}" onto public org.springframework.web.servlet.ModelAndView org.springframework.boot.autoconfigure.web.BasicErrorController.errorHtml(javax.servlet.http.HttpServletRequest,javax.servlet.http.HttpServletResponse)
2016-12-21 22:09:39 [org.springframework.web.servlet.handler.AbstractUrlHandlerMapping:354] - Mapped URL path [/webjars/**] onto handler of type [class org.springframework.web.servlet.resource.ResourceHttpRequestHandler]
2016-12-21 22:09:39 [org.springframework.web.servlet.handler.AbstractUrlHandlerMapping:354] - Mapped URL path [/**] onto handler of type [class org.springframework.web.servlet.resource.ResourceHttpRequestHandler]
2016-12-21 22:09:39 [org.springframework.web.servlet.mvc.method.annotation.ExceptionHandlerExceptionResolver:271] - Detected @ExceptionHandler methods in globalExceptionHandler
2016-12-21 22:09:39 [org.springframework.web.servlet.handler.AbstractUrlHandlerMapping:354] - Mapped URL path [/**/favicon.ico] onto handler of type [class org.springframework.web.servlet.resource.ResourceHttpRequestHandler]
2016-12-21 22:09:39 [org.springframework.web.servlet.handler.AbstractHandlerMethodMapping$MappingRegistry:543] - Mapped "{[/mappings || /mappings.json],methods=[GET],produces=[application/json]}" onto public java.lang.Object org.springframework.boot.actuate.endpoint.mvc.EndpointMvcAdapter.invoke()
2016-12-21 22:09:39 [org.springframework.web.servlet.handler.AbstractHandlerMethodMapping$MappingRegistry:543] - Mapped "{[/configprops || /configprops.json],methods=[GET],produces=[application/json]}" onto public java.lang.Object org.springframework.boot.actuate.endpoint.mvc.EndpointMvcAdapter.invoke()
2016-12-21 22:09:39 [org.springframework.web.servlet.handler.AbstractHandlerMethodMapping$MappingRegistry:543] - Mapped "{[/autoconfig || /autoconfig.json],methods=[GET],produces=[application/json]}" onto public java.lang.Object org.springframework.boot.actuate.endpoint.mvc.EndpointMvcAdapter.invoke()
2016-12-21 22:09:39 [org.springframework.web.servlet.handler.AbstractHandlerMethodMapping$MappingRegistry:543] - Mapped "{[/info || /info.json],methods=[GET],produces=[application/json]}" onto public java.lang.Object org.springframework.boot.actuate.endpoint.mvc.EndpointMvcAdapter.invoke()
2016-12-21 22:09:39 [org.springframework.web.servlet.handler.AbstractHandlerMethodMapping$MappingRegistry:543] - Mapped "{[/trace || /trace.json],methods=[GET],produces=[application/json]}" onto public java.lang.Object org.springframework.boot.actuate.endpoint.mvc.EndpointMvcAdapter.invoke()
2016-12-21 22:09:39 [org.springframework.web.servlet.handler.AbstractHandlerMethodMapping$MappingRegistry:543] - Mapped "{[/dump || /dump.json],methods=[GET],produces=[application/json]}" onto public java.lang.Object org.springframework.boot.actuate.endpoint.mvc.EndpointMvcAdapter.invoke()
2016-12-21 22:09:39 [org.springframework.web.servlet.handler.AbstractHandlerMethodMapping$MappingRegistry:543] - Mapped "{[/metrics/{name:.*}],methods=[GET],produces=[application/json]}" onto public java.lang.Object org.springframework.boot.actuate.endpoint.mvc.MetricsMvcEndpoint.value(java.lang.String)
2016-12-21 22:09:39 [org.springframework.web.servlet.handler.AbstractHandlerMethodMapping$MappingRegistry:543] - Mapped "{[/metrics || /metrics.json],methods=[GET],produces=[application/json]}" onto public java.lang.Object org.springframework.boot.actuate.endpoint.mvc.EndpointMvcAdapter.invoke()
2016-12-21 22:09:39 [org.springframework.web.servlet.handler.AbstractHandlerMethodMapping$MappingRegistry:543] - Mapped "{[/beans || /beans.json],methods=[GET],produces=[application/json]}" onto public java.lang.Object org.springframework.boot.actuate.endpoint.mvc.EndpointMvcAdapter.invoke()
2016-12-21 22:09:39 [org.springframework.web.servlet.handler.AbstractHandlerMethodMapping$MappingRegistry:543] - Mapped "{[/heapdump || /heapdump.json],methods=[GET],produces=[application/octet-stream]}" onto public void org.springframework.boot.actuate.endpoint.mvc.HeapdumpMvcEndpoint.invoke(boolean,javax.servlet.http.HttpServletRequest,javax.servlet.http.HttpServletResponse) throws java.io.IOException,javax.servlet.ServletException
2016-12-21 22:09:40 [org.springframework.web.servlet.handler.AbstractHandlerMethodMapping$MappingRegistry:543] - Mapped "{[/env/{name:.*}],methods=[GET],produces=[application/json]}" onto public java.lang.Object org.springframework.boot.actuate.endpoint.mvc.EnvironmentMvcEndpoint.value(java.lang.String)
2016-12-21 22:09:40 [org.springframework.web.servlet.handler.AbstractHandlerMethodMapping$MappingRegistry:543] - Mapped "{[/env || /env.json],methods=[GET],produces=[application/json]}" onto public java.lang.Object org.springframework.boot.actuate.endpoint.mvc.EndpointMvcAdapter.invoke()
2016-12-21 22:09:40 [org.springframework.web.servlet.handler.AbstractHandlerMethodMapping$MappingRegistry:543] - Mapped "{[/health || /health.json],produces=[application/json]}" onto public java.lang.Object org.springframework.boot.actuate.endpoint.mvc.HealthMvcEndpoint.invoke(java.security.Principal)
2016-12-21 22:09:40 [org.springframework.boot.StartupInfoLogger:57] - Started AppTest in 11.14 seconds (JVM running for 13.059)
2016-12-21 22:09:40 [org.springframework.context.support.AbstractApplicationContext:987] - Closing org.springframework.web.context.support.GenericWebApplicationContext@5340477f: startup date [Wed Dec 21 22:09:30 CST 2016]; root of context hierarchy
2016-12-21 22:09:40 [org.springframework.orm.jpa.AbstractEntityManagerFactoryBean:551] - Closing JPA EntityManagerFactory for persistence unit 'default'
2016-12-21 22:10:15 [org.springframework.test.context.support.AbstractTestContextBootstrapper:319] - Neither @ContextConfiguration nor @ContextHierarchy found for test class [com.weixk.helloworld.AppTest], using SpringBootContextLoader
2016-12-21 22:10:15 [org.springframework.test.context.support.AbstractContextLoader:264] - Could not detect default resource locations for test class [com.weixk.helloworld.AppTest]: no resource found for suffixes {-context.xml, Context.groovy}.
2016-12-21 22:10:15 [org.springframework.test.context.support.AnnotationConfigContextLoaderUtils:81] - Could not detect default configuration classes for test class [com.weixk.helloworld.AppTest]: AppTest does not declare any static, non-private, non-final, nested classes annotated with @Configuration.
2016-12-21 22:10:15 [org.springframework.boot.test.context.SpringBootTestContextBootstrapper:177] - Found @SpringBootConfiguration com.weixk.helloworld.Application for test class com.weixk.helloworld.AppTest
2016-12-21 22:10:15 [org.springframework.test.context.support.AbstractTestContextBootstrapper:260] - Loaded default TestExecutionListener class names from location [META-INF/spring.factories]: [org.springframework.boot.test.mock.mockito.MockitoTestExecutionListener, org.springframework.boot.test.mock.mockito.ResetMocksTestExecutionListener, org.springframework.boot.test.autoconfigure.restdocs.RestDocsTestExecutionListener, org.springframework.boot.test.autoconfigure.web.client.MockRestServiceServerResetTestExecutionListener, org.springframework.boot.test.autoconfigure.web.servlet.MockMvcPrintOnlyOnFailureTestExecutionListener, org.springframework.boot.test.autoconfigure.web.servlet.WebDriverTestExecutionListener, org.springframework.test.context.web.ServletTestExecutionListener, org.springframework.test.context.support.DirtiesContextBeforeModesTestExecutionListener, org.springframework.test.context.support.DependencyInjectionTestExecutionListener, org.springframework.test.context.support.DirtiesContextTestExecutionListener, org.springframework.test.context.transaction.TransactionalTestExecutionListener, org.springframework.test.context.jdbc.SqlScriptsTestExecutionListener]
2016-12-21 22:10:15 [org.springframework.test.context.support.AbstractTestContextBootstrapper:187] - Using TestExecutionListeners: [org.springframework.test.context.web.ServletTestExecutionListener@50b472aa, org.springframework.test.context.support.DirtiesContextBeforeModesTestExecutionListener@31368b99, org.springframework.boot.test.autoconfigure.SpringBootDependencyInjectionTestExecutionListener@1725dc0f, org.springframework.test.context.support.DirtiesContextTestExecutionListener@3911c2a7, org.springframework.test.context.transaction.TransactionalTestExecutionListener@4ac3c60d, org.springframework.test.context.jdbc.SqlScriptsTestExecutionListener@4facf68f, org.springframework.boot.test.mock.mockito.MockitoTestExecutionListener@76508ed1, org.springframework.boot.test.autoconfigure.web.servlet.WebDriverTestExecutionListener@41e36e46, org.springframework.boot.test.autoconfigure.restdocs.RestDocsTestExecutionListener@15c43bd9, org.springframework.boot.test.mock.mockito.ResetMocksTestExecutionListener@3d74bf60, org.springframework.boot.test.autoconfigure.web.client.MockRestServiceServerResetTestExecutionListener@4f209819, org.springframework.boot.test.autoconfigure.web.servlet.MockMvcPrintOnlyOnFailureTestExecutionListener@15eb5ee5]
2016-12-21 22:10:16 [org.springframework.boot.StartupInfoLogger:48] - Starting AppTest on weixiaokangdeMacBook-Pro.local with PID 5616 (started by www1 in /Users/www1/IdeaProjects/HelloWorld)
2016-12-21 22:10:16 [org.springframework.boot.SpringApplication:661] - No active profile set, falling back to default profiles: default
2016-12-21 22:10:16 [org.springframework.context.support.AbstractApplicationContext:582] - Refreshing org.springframework.web.context.support.GenericWebApplicationContext@69504ae9: startup date [Wed Dec 21 22:10:16 CST 2016]; root of context hierarchy
2016-12-21 22:10:17 [org.hibernate.validator.internal.util.Version:30] - HV000001: Hibernate Validator 5.2.4.Final
2016-12-21 22:10:18 [org.springframework.data.repository.config.RepositoryConfigurationDelegate:170] - Multiple Spring Data modules found, entering strict repository configuration mode!
2016-12-21 22:10:18 [org.springframework.data.repository.config.RepositoryConfigurationDelegate:170] - Multiple Spring Data modules found, entering strict repository configuration mode!
2016-12-21 22:10:18 [org.springframework.data.repository.config.RepositoryConfigurationExtensionSupport:283] - Spring Data Redis - Could not safely identify store assignment for repository candidate interface com.weixk.helloworld.domain.UserDao.
2016-12-21 22:10:19 [org.springframework.context.support.PostProcessorRegistrationDelegate$BeanPostProcessorChecker:325] - Bean 'application' of type [class com.weixk.helloworld.Application$$EnhancerBySpringCGLIB$$c6821a46] is not eligible for getting processed by all BeanPostProcessors (for example: not eligible for auto-proxying)
2016-12-21 22:10:19 [org.springframework.context.support.PostProcessorRegistrationDelegate$BeanPostProcessorChecker:325] - Bean 'org.springframework.transaction.annotation.ProxyTransactionManagementConfiguration' of type [class org.springframework.transaction.annotation.ProxyTransactionManagementConfiguration$$EnhancerBySpringCGLIB$$d198e212] is not eligible for getting processed by all BeanPostProcessors (for example: not eligible for auto-proxying)
2016-12-21 22:10:20 [org.springframework.orm.jpa.LocalContainerEntityManagerFactoryBean:349] - Building JPA container EntityManagerFactory for persistence unit 'default'
2016-12-21 22:10:20 [org.hibernate.Version:37] - HHH000412: Hibernate Core {5.0.11.Final}
2016-12-21 22:10:20 [org.hibernate.cfg.Environment:213] - HHH000206: hibernate.properties not found
2016-12-21 22:10:20 [org.hibernate.cfg.Environment:317] - HHH000021: Bytecode provider name : javassist
2016-12-21 22:10:20 [org.hibernate.annotations.common.reflection.java.JavaReflectionManager:66] - HCANN000001: Hibernate Commons Annotations {5.0.1.Final}
2016-12-21 22:10:21 [org.hibernate.dialect.Dialect:156] - HHH000400: Using dialect: org.hibernate.dialect.MySQL5Dialect
2016-12-21 22:10:21 [org.hibernate.tool.hbm2ddl.SchemaUpdate:105] - HHH000228: Running hbm2ddl schema update
2016-12-21 22:10:21 [org.springframework.orm.jpa.AbstractEntityManagerFactoryBean:382] - Initialized JPA EntityManagerFactory for persistence unit 'default'
2016-12-21 22:10:22 [org.hibernate.hql.internal.QueryTranslatorFactoryInitiator:47] - HHH000397: Using ASTQueryTranslatorFactory
2016-12-21 22:10:23 [org.springframework.web.servlet.mvc.method.annotation.RequestMappingHandlerAdapter:534] - Looking for @ControllerAdvice: org.springframework.web.context.support.GenericWebApplicationContext@69504ae9: startup date [Wed Dec 21 22:10:16 CST 2016]; root of context hierarchy
2016-12-21 22:10:23 [org.springframework.web.servlet.handler.AbstractHandlerMethodMapping$MappingRegistry:543] - Mapped "{[/email/send]}" onto public void com.weixk.helloworld.web.EmailController.send(com.weixk.helloworld.domain.Email)
2016-12-21 22:10:23 [org.springframework.web.servlet.handler.AbstractHandlerMethodMapping$MappingRegistry:543] - Mapped "{[/img/download/{path}],methods=[POST]}" onto public void com.weixk.helloworld.web.ImageController.downloadImg(java.lang.String,javax.servlet.http.HttpServletResponse) throws java.io.IOException
2016-12-21 22:10:23 [org.springframework.web.servlet.handler.AbstractHandlerMethodMapping$MappingRegistry:543] - Mapped "{[/img/upload],methods=[POST]}" onto public com.weixk.helloworld.domain.Result<java.lang.String> com.weixk.helloworld.web.ImageController.uploadImg(org.springframework.web.multipart.MultipartFile) throws java.io.IOException
2016-12-21 22:10:23 [org.springframework.web.servlet.handler.AbstractHandlerMethodMapping$MappingRegistry:543] - Mapped "{[/],methods=[GET]}" onto public java.lang.String com.weixk.helloworld.web.IndexController.index()
2016-12-21 22:10:23 [org.springframework.web.servlet.handler.AbstractHandlerMethodMapping$MappingRegistry:543] - Mapped "{[/qiniu/download],methods=[GET]}" onto public com.weixk.helloworld.domain.Result<java.lang.String> com.weixk.helloworld.web.QiniuController.download(java.lang.String)
2016-12-21 22:10:23 [org.springframework.web.servlet.handler.AbstractHandlerMethodMapping$MappingRegistry:543] - Mapped "{[/qiniu/upload],methods=[POST]}" onto public com.weixk.helloworld.domain.Result<java.lang.String> com.weixk.helloworld.web.QiniuController.upload(org.springframework.web.multipart.MultipartFile)
2016-12-21 22:10:23 [org.springframework.web.servlet.handler.AbstractHandlerMethodMapping$MappingRegistry:543] - Mapped "{[/redis/add]}" onto public java.lang.String com.weixk.helloworld.web.RedisController.add(java.lang.String,java.lang.String)
2016-12-21 22:10:23 [org.springframework.web.servlet.handler.AbstractHandlerMethodMapping$MappingRegistry:543] - Mapped "{[/redis/find]}" onto public java.lang.String com.weixk.helloworld.web.RedisController.find(java.lang.String)
2016-12-21 22:10:23 [org.springframework.web.servlet.handler.AbstractHandlerMethodMapping$MappingRegistry:543] - Mapped "{[/user/register],methods=[POST]}" onto public com.weixk.helloworld.domain.Result<com.weixk.helloworld.domain.User> com.weixk.helloworld.web.UserController.register(com.weixk.helloworld.domain.UserRegister)
2016-12-21 22:10:23 [org.springframework.web.servlet.handler.AbstractHandlerMethodMapping$MappingRegistry:543] - Mapped "{[/user/{id}]}" onto public com.weixk.helloworld.domain.Result<com.weixk.helloworld.domain.User> com.weixk.helloworld.web.UserController.getUserByIdFromPath(long)
2016-12-21 22:10:23 [org.springframework.web.servlet.handler.AbstractHandlerMethodMapping$MappingRegistry:543] - Mapped "{[/user/user_id={id}]}" onto public com.weixk.helloworld.domain.Result<com.weixk.helloworld.domain.User> com.weixk.helloworld.web.UserController.getUserByIdFromPathWithKey(long)
2016-12-21 22:10:23 [org.springframework.web.servlet.handler.AbstractHandlerMethodMapping$MappingRegistry:543] - Mapped "{[/user/find-user]}" onto public com.weixk.helloworld.domain.Result<com.weixk.helloworld.domain.User> com.weixk.helloworld.web.UserController.getUserByIdFromQueryParam(java.lang.Long)
2016-12-21 22:10:23 [org.springframework.web.servlet.handler.AbstractHandlerMethodMapping$MappingRegistry:543] - Mapped "{[/user/find-by-name],methods=[POST]}" onto public com.weixk.helloworld.domain.Result<java.util.List<com.weixk.helloworld.domain.User>> com.weixk.helloworld.web.UserController.getUserByName(java.lang.String)
2016-12-21 22:10:23 [org.springframework.web.servlet.handler.AbstractHandlerMethodMapping$MappingRegistry:543] - Mapped "{[/user/find-by-n]}" onto public com.weixk.helloworld.domain.Result<java.util.List<com.weixk.helloworld.domain.User>> com.weixk.helloworld.web.UserController.getUserByN(java.lang.String)
2016-12-21 22:10:23 [org.springframework.web.servlet.handler.AbstractHandlerMethodMapping$MappingRegistry:543] - Mapped "{[/user/find-by-e]}" onto public com.weixk.helloworld.domain.Result<java.util.List<com.weixk.helloworld.domain.User>> com.weixk.helloworld.web.UserController.getUserByE(java.lang.String)
2016-12-21 22:10:23 [org.springframework.web.servlet.handler.AbstractHandlerMethodMapping$MappingRegistry:543] - Mapped "{[/user/find-by-ne]}" onto public com.weixk.helloworld.domain.Result<java.util.List<com.weixk.helloworld.domain.User>> com.weixk.helloworld.web.UserController.getUserByE(java.lang.String,java.lang.String)
2016-12-21 22:10:23 [org.springframework.web.servlet.handler.AbstractHandlerMethodMapping$MappingRegistry:543] - Mapped "{[/user/post-user],methods=[POST]}" onto public com.weixk.helloworld.domain.Result<com.weixk.helloworld.domain.User> com.weixk.helloworld.web.UserController.postUser(com.weixk.helloworld.domain.User,org.springframework.validation.BindingResult)
2016-12-21 22:10:23 [org.springframework.web.servlet.handler.AbstractHandlerMethodMapping$MappingRegistry:543] - Mapped "{[/user/login],methods=[POST]}" onto public com.weixk.helloworld.domain.Result<com.weixk.helloworld.domain.User> com.weixk.helloworld.web.UserController.login(com.weixk.helloworld.domain.UserLogin)
2016-12-21 22:10:23 [org.springframework.web.servlet.handler.AbstractHandlerMethodMapping$MappingRegistry:543] - Mapped "{[/valid/post-user],methods=[POST]}" onto public com.weixk.helloworld.domain.Result<com.weixk.helloworld.domain.User> com.weixk.helloworld.web.ValidatorController.postUser(com.weixk.helloworld.domain.User)
2016-12-21 22:10:23 [org.springframework.web.servlet.handler.AbstractHandlerMethodMapping$MappingRegistry:543] - Mapped "{[/error]}" onto public org.springframework.http.ResponseEntity<java.util.Map<java.lang.String, java.lang.Object>> org.springframework.boot.autoconfigure.web.BasicErrorController.error(javax.servlet.http.HttpServletRequest)
2016-12-21 22:10:23 [org.springframework.web.servlet.handler.AbstractHandlerMethodMapping$MappingRegistry:543] - Mapped "{[/error],produces=[text/html]}" onto public org.springframework.web.servlet.ModelAndView org.springframework.boot.autoconfigure.web.BasicErrorController.errorHtml(javax.servlet.http.HttpServletRequest,javax.servlet.http.HttpServletResponse)
2016-12-21 22:10:24 [org.springframework.web.servlet.handler.AbstractUrlHandlerMapping:354] - Mapped URL path [/webjars/**] onto handler of type [class org.springframework.web.servlet.resource.ResourceHttpRequestHandler]
2016-12-21 22:10:24 [org.springframework.web.servlet.handler.AbstractUrlHandlerMapping:354] - Mapped URL path [/**] onto handler of type [class org.springframework.web.servlet.resource.ResourceHttpRequestHandler]
2016-12-21 22:10:24 [org.springframework.web.servlet.mvc.method.annotation.ExceptionHandlerExceptionResolver:271] - Detected @ExceptionHandler methods in globalExceptionHandler
2016-12-21 22:10:24 [org.springframework.web.servlet.handler.AbstractUrlHandlerMapping:354] - Mapped URL path [/**/favicon.ico] onto handler of type [class org.springframework.web.servlet.resource.ResourceHttpRequestHandler]
2016-12-21 22:10:24 [org.springframework.web.servlet.handler.AbstractHandlerMethodMapping$MappingRegistry:543] - Mapped "{[/dump || /dump.json],methods=[GET],produces=[application/json]}" onto public java.lang.Object org.springframework.boot.actuate.endpoint.mvc.EndpointMvcAdapter.invoke()
2016-12-21 22:10:24 [org.springframework.web.servlet.handler.AbstractHandlerMethodMapping$MappingRegistry:543] - Mapped "{[/env/{name:.*}],methods=[GET],produces=[application/json]}" onto public java.lang.Object org.springframework.boot.actuate.endpoint.mvc.EnvironmentMvcEndpoint.value(java.lang.String)
2016-12-21 22:10:24 [org.springframework.web.servlet.handler.AbstractHandlerMethodMapping$MappingRegistry:543] - Mapped "{[/env || /env.json],methods=[GET],produces=[application/json]}" onto public java.lang.Object org.springframework.boot.actuate.endpoint.mvc.EndpointMvcAdapter.invoke()
2016-12-21 22:10:24 [org.springframework.web.servlet.handler.AbstractHandlerMethodMapping$MappingRegistry:543] - Mapped "{[/trace || /trace.json],methods=[GET],produces=[application/json]}" onto public java.lang.Object org.springframework.boot.actuate.endpoint.mvc.EndpointMvcAdapter.invoke()
2016-12-21 22:10:24 [org.springframework.web.servlet.handler.AbstractHandlerMethodMapping$MappingRegistry:543] - Mapped "{[/mappings || /mappings.json],methods=[GET],produces=[application/json]}" onto public java.lang.Object org.springframework.boot.actuate.endpoint.mvc.EndpointMvcAdapter.invoke()
2016-12-21 22:10:24 [org.springframework.web.servlet.handler.AbstractHandlerMethodMapping$MappingRegistry:543] - Mapped "{[/beans || /beans.json],methods=[GET],produces=[application/json]}" onto public java.lang.Object org.springframework.boot.actuate.endpoint.mvc.EndpointMvcAdapter.invoke()
2016-12-21 22:10:24 [org.springframework.web.servlet.handler.AbstractHandlerMethodMapping$MappingRegistry:543] - Mapped "{[/info || /info.json],methods=[GET],produces=[application/json]}" onto public java.lang.Object org.springframework.boot.actuate.endpoint.mvc.EndpointMvcAdapter.invoke()
2016-12-21 22:10:24 [org.springframework.web.servlet.handler.AbstractHandlerMethodMapping$MappingRegistry:543] - Mapped "{[/health || /health.json],produces=[application/json]}" onto public java.lang.Object org.springframework.boot.actuate.endpoint.mvc.HealthMvcEndpoint.invoke(java.security.Principal)
2016-12-21 22:10:24 [org.springframework.web.servlet.handler.AbstractHandlerMethodMapping$MappingRegistry:543] - Mapped "{[/configprops || /configprops.json],methods=[GET],produces=[application/json]}" onto public java.lang.Object org.springframework.boot.actuate.endpoint.mvc.EndpointMvcAdapter.invoke()
2016-12-21 22:10:24 [org.springframework.web.servlet.handler.AbstractHandlerMethodMapping$MappingRegistry:543] - Mapped "{[/heapdump || /heapdump.json],methods=[GET],produces=[application/octet-stream]}" onto public void org.springframework.boot.actuate.endpoint.mvc.HeapdumpMvcEndpoint.invoke(boolean,javax.servlet.http.HttpServletRequest,javax.servlet.http.HttpServletResponse) throws java.io.IOException,javax.servlet.ServletException
2016-12-21 22:10:24 [org.springframework.web.servlet.handler.AbstractHandlerMethodMapping$MappingRegistry:543] - Mapped "{[/metrics/{name:.*}],methods=[GET],produces=[application/json]}" onto public java.lang.Object org.springframework.boot.actuate.endpoint.mvc.MetricsMvcEndpoint.value(java.lang.String)
2016-12-21 22:10:24 [org.springframework.web.servlet.handler.AbstractHandlerMethodMapping$MappingRegistry:543] - Mapped "{[/metrics || /metrics.json],methods=[GET],produces=[application/json]}" onto public java.lang.Object org.springframework.boot.actuate.endpoint.mvc.EndpointMvcAdapter.invoke()
2016-12-21 22:10:24 [org.springframework.web.servlet.handler.AbstractHandlerMethodMapping$MappingRegistry:543] - Mapped "{[/autoconfig || /autoconfig.json],methods=[GET],produces=[application/json]}" onto public java.lang.Object org.springframework.boot.actuate.endpoint.mvc.EndpointMvcAdapter.invoke()
2016-12-21 22:10:25 [org.springframework.boot.StartupInfoLogger:57] - Started AppTest in 9.501 seconds (JVM running for 11.316)
2016-12-21 22:10:25 [org.springframework.context.support.AbstractApplicationContext:987] - Closing org.springframework.web.context.support.GenericWebApplicationContext@69504ae9: startup date [Wed Dec 21 22:10:16 CST 2016]; root of context hierarchy
2016-12-21 22:10:25 [org.springframework.orm.jpa.AbstractEntityManagerFactoryBean:551] - Closing JPA EntityManagerFactory for persistence unit 'default'
