2016/12/12-23:53 [main] DEBUG org.springframework.web.context.support.StandardServletEnvironment- Adding [servletConfigInitParams] PropertySource with lowest search precedence
2016/12/12-23:53 [main] DEBUG org.springframework.web.context.support.StandardServletEnvironment- Adding [servletContextInitParams] PropertySource with lowest search precedence
2016/12/12-23:53 [main] DEBUG org.springframework.web.context.support.StandardServletEnvironment- Adding [systemProperties] PropertySource with lowest search precedence
2016/12/12-23:53 [main] DEBUG org.springframework.web.context.support.StandardServletEnvironment- Adding [systemEnvironment] PropertySource with lowest search precedence
2016/12/12-23:53 [main] DEBUG org.springframework.web.context.support.StandardServletEnvironment- Initialized StandardServletEnvironment with PropertySources [servletConfigInitParams,servletContextInitParams,systemProperties,systemEnvironment]
2016/12/12-23:53 [main] DEBUG org.springframework.web.context.support.StandardServletEnvironment- Adding [applicationConfig: [classpath:/application.properties]] PropertySource with search precedence immediately lower than [applicationConfigurationProperties]
2016/12/12-23:53 [main] DEBUG org.springframework.web.context.support.StandardServletEnvironment- Removing [applicationConfigurationProperties] PropertySource
2016/12/12-23:53 [main] DEBUG org.springframework.web.context.support.StandardServletEnvironment- Removing [defaultProperties] PropertySource
2016/12/12-23:53 [localhost-startStop-1] DEBUG org.springframework.web.context.ContextLoader- Published root WebApplicationContext as ServletContext attribute with name [org.springframework.web.context.WebApplicationContext.ROOT]
2016/12/12-23:53 [localhost-startStop-1] INFO  org.springframework.web.context.ContextLoader- Root WebApplicationContext: initialization completed in 3562 ms
2016/12/12-23:53 [localhost-startStop-1] DEBUG org.springframework.web.context.support.StandardServletEnvironment- Adding [servletConfigInitParams] PropertySource with lowest search precedence
2016/12/12-23:53 [localhost-startStop-1] DEBUG org.springframework.web.context.support.StandardServletEnvironment- Adding [servletContextInitParams] PropertySource with lowest search precedence
2016/12/12-23:53 [localhost-startStop-1] DEBUG org.springframework.web.context.support.StandardServletEnvironment- Adding [systemProperties] PropertySource with lowest search precedence
2016/12/12-23:53 [localhost-startStop-1] DEBUG org.springframework.web.context.support.StandardServletEnvironment- Adding [systemEnvironment] PropertySource with lowest search precedence
2016/12/12-23:53 [localhost-startStop-1] DEBUG org.springframework.web.context.support.StandardServletEnvironment- Initialized StandardServletEnvironment with PropertySources [servletConfigInitParams,servletContextInitParams,systemProperties,systemEnvironment]
2016/12/12-23:53 [localhost-startStop-1] DEBUG org.springframework.web.context.support.StandardServletEnvironment- Adding [servletConfigInitParams] PropertySource with lowest search precedence
2016/12/12-23:53 [localhost-startStop-1] DEBUG org.springframework.web.context.support.StandardServletEnvironment- Adding [servletContextInitParams] PropertySource with lowest search precedence
2016/12/12-23:53 [localhost-startStop-1] DEBUG org.springframework.web.context.support.StandardServletEnvironment- Adding [systemProperties] PropertySource with lowest search precedence
2016/12/12-23:53 [localhost-startStop-1] DEBUG org.springframework.web.context.support.StandardServletEnvironment- Adding [systemEnvironment] PropertySource with lowest search precedence
2016/12/12-23:53 [localhost-startStop-1] DEBUG org.springframework.web.context.support.StandardServletEnvironment- Initialized StandardServletEnvironment with PropertySources [servletConfigInitParams,servletContextInitParams,systemProperties,systemEnvironment]
2016/12/12-23:53 [localhost-startStop-1] DEBUG org.springframework.web.context.support.StandardServletEnvironment- Adding [servletConfigInitParams] PropertySource with lowest search precedence
2016/12/12-23:53 [localhost-startStop-1] DEBUG org.springframework.web.context.support.StandardServletEnvironment- Adding [servletContextInitParams] PropertySource with lowest search precedence
2016/12/12-23:53 [localhost-startStop-1] DEBUG org.springframework.web.context.support.StandardServletEnvironment- Adding [systemProperties] PropertySource with lowest search precedence
2016/12/12-23:53 [localhost-startStop-1] DEBUG org.springframework.web.context.support.StandardServletEnvironment- Adding [systemEnvironment] PropertySource with lowest search precedence
2016/12/12-23:53 [localhost-startStop-1] DEBUG org.springframework.web.context.support.StandardServletEnvironment- Initialized StandardServletEnvironment with PropertySources [servletConfigInitParams,servletContextInitParams,systemProperties,systemEnvironment]
2016/12/12-23:53 [localhost-startStop-1] DEBUG org.springframework.web.context.support.StandardServletEnvironment- Adding [servletConfigInitParams] PropertySource with lowest search precedence
2016/12/12-23:53 [localhost-startStop-1] DEBUG org.springframework.web.context.support.StandardServletEnvironment- Adding [servletContextInitParams] PropertySource with lowest search precedence
2016/12/12-23:53 [localhost-startStop-1] DEBUG org.springframework.web.context.support.StandardServletEnvironment- Adding [systemProperties] PropertySource with lowest search precedence
2016/12/12-23:53 [localhost-startStop-1] DEBUG org.springframework.web.context.support.StandardServletEnvironment- Adding [systemEnvironment] PropertySource with lowest search precedence
2016/12/12-23:53 [localhost-startStop-1] DEBUG org.springframework.web.context.support.StandardServletEnvironment- Initialized StandardServletEnvironment with PropertySources [servletConfigInitParams,servletContextInitParams,systemProperties,systemEnvironment]
2016/12/12-23:53 [localhost-startStop-1] DEBUG org.springframework.web.context.support.StandardServletEnvironment- Adding [servletConfigInitParams] PropertySource with lowest search precedence
2016/12/12-23:53 [localhost-startStop-1] DEBUG org.springframework.web.context.support.StandardServletEnvironment- Adding [servletContextInitParams] PropertySource with lowest search precedence
2016/12/12-23:53 [localhost-startStop-1] DEBUG org.springframework.web.context.support.StandardServletEnvironment- Adding [systemProperties] PropertySource with lowest search precedence
2016/12/12-23:53 [localhost-startStop-1] DEBUG org.springframework.web.context.support.StandardServletEnvironment- Adding [systemEnvironment] PropertySource with lowest search precedence
2016/12/12-23:53 [localhost-startStop-1] DEBUG org.springframework.web.context.support.StandardServletEnvironment- Initialized StandardServletEnvironment with PropertySources [servletConfigInitParams,servletContextInitParams,systemProperties,systemEnvironment]
2016/12/12-23:53 [localhost-startStop-1] DEBUG org.springframework.web.context.support.StandardServletEnvironment- Adding [servletConfigInitParams] PropertySource with lowest search precedence
2016/12/12-23:53 [localhost-startStop-1] DEBUG org.springframework.web.context.support.StandardServletEnvironment- Adding [servletContextInitParams] PropertySource with lowest search precedence
2016/12/12-23:53 [localhost-startStop-1] DEBUG org.springframework.web.context.support.StandardServletEnvironment- Adding [systemProperties] PropertySource with lowest search precedence
2016/12/12-23:53 [localhost-startStop-1] DEBUG org.springframework.web.context.support.StandardServletEnvironment- Adding [systemEnvironment] PropertySource with lowest search precedence
2016/12/12-23:53 [localhost-startStop-1] DEBUG org.springframework.web.context.support.StandardServletEnvironment- Initialized StandardServletEnvironment with PropertySources [servletConfigInitParams,servletContextInitParams,systemProperties,systemEnvironment]
2016/12/12-23:53 [localhost-startStop-1] DEBUG org.springframework.web.context.support.StandardServletEnvironment- Adding [servletConfigInitParams] PropertySource with lowest search precedence
2016/12/12-23:53 [localhost-startStop-1] DEBUG org.springframework.web.context.support.StandardServletEnvironment- Adding [servletContextInitParams] PropertySource with lowest search precedence
2016/12/12-23:53 [localhost-startStop-1] DEBUG org.springframework.web.context.support.StandardServletEnvironment- Adding [systemProperties] PropertySource with lowest search precedence
2016/12/12-23:53 [localhost-startStop-1] DEBUG org.springframework.web.context.support.StandardServletEnvironment- Adding [systemEnvironment] PropertySource with lowest search precedence
2016/12/12-23:53 [localhost-startStop-1] DEBUG org.springframework.web.context.support.StandardServletEnvironment- Initialized StandardServletEnvironment with PropertySources [servletConfigInitParams,servletContextInitParams,systemProperties,systemEnvironment]
2016/12/12-23:53 [main] DEBUG org.springframework.web.context.support.StandardServletEnvironment- Replacing [servletContextInitParams] PropertySource with [servletContextInitParams]
2016/12/12-23:53 [main] INFO  org.springframework.web.servlet.mvc.method.annotation.RequestMappingHandlerAdapter- Looking for @ControllerAdvice: org.springframework.boot.context.embedded.AnnotationConfigEmbeddedWebApplicationContext@72967906: startup date [Mon Dec 12 23:53:36 CST 2016]; root of context hierarchy
2016/12/12-23:53 [main] DEBUG org.springframework.web.servlet.mvc.method.annotation.RequestMappingHandlerMapping- Looking for request mappings in application context: org.springframework.boot.context.embedded.AnnotationConfigEmbeddedWebApplicationContext@72967906: startup date [Mon Dec 12 23:53:36 CST 2016]; root of context hierarchy
2016/12/12-23:53 [main] DEBUG org.springframework.web.servlet.mvc.method.annotation.RequestMappingHandlerMapping- 1 request handler methods found on class com.weixk.helloworld.web.EmailController: {public void com.weixk.helloworld.web.EmailController.send(com.weixk.helloworld.domain.Email)={[/email/send]}}
2016/12/12-23:53 [main] INFO  org.springframework.web.servlet.mvc.method.annotation.RequestMappingHandlerMapping- Mapped "{[/email/send]}" onto public void com.weixk.helloworld.web.EmailController.send(com.weixk.helloworld.domain.Email)
2016/12/12-23:53 [main] DEBUG org.springframework.web.servlet.mvc.method.annotation.RequestMappingHandlerMapping- 1 request handler methods found on class com.weixk.helloworld.web.IndexController: {public java.lang.String com.weixk.helloworld.web.IndexController.index()={[/],methods=[GET]}}
2016/12/12-23:53 [main] INFO  org.springframework.web.servlet.mvc.method.annotation.RequestMappingHandlerMapping- Mapped "{[/],methods=[GET]}" onto public java.lang.String com.weixk.helloworld.web.IndexController.index()
2016/12/12-23:53 [main] DEBUG org.springframework.web.servlet.mvc.method.annotation.RequestMappingHandlerMapping- 2 request handler methods found on class com.weixk.helloworld.web.RedisController: {public java.lang.String com.weixk.helloworld.web.RedisController.add(java.lang.String,java.lang.String)={[/redis/add]}, public java.lang.String com.weixk.helloworld.web.RedisController.find(java.lang.String)={[/redis/find]}}
2016/12/12-23:53 [main] INFO  org.springframework.web.servlet.mvc.method.annotation.RequestMappingHandlerMapping- Mapped "{[/redis/add]}" onto public java.lang.String com.weixk.helloworld.web.RedisController.add(java.lang.String,java.lang.String)
2016/12/12-23:53 [main] INFO  org.springframework.web.servlet.mvc.method.annotation.RequestMappingHandlerMapping- Mapped "{[/redis/find]}" onto public java.lang.String com.weixk.helloworld.web.RedisController.find(java.lang.String)
2016/12/12-23:53 [main] DEBUG org.springframework.web.servlet.mvc.method.annotation.RequestMappingHandlerMapping- 10 request handler methods found on class com.weixk.helloworld.web.UserController: {public com.weixk.helloworld.domain.Result com.weixk.helloworld.web.UserController.register(com.weixk.helloworld.domain.UserResgiter)={[/user/register],methods=[POST]}, public com.weixk.helloworld.domain.Result com.weixk.helloworld.web.UserController.getUserByIdFromPath(long)={[/user/{id}]}, public com.weixk.helloworld.domain.Result com.weixk.helloworld.web.UserController.getUserByIdFromPathWithKey(long)={[/user/user_id={id}]}, public com.weixk.helloworld.domain.Result com.weixk.helloworld.web.UserController.getUserByIdFromQueryParam(java.lang.Long)={[/user/find-user]}, public com.weixk.helloworld.domain.Result com.weixk.helloworld.web.UserController.getUserByName(java.lang.String)={[/user/find-by-name]}, public com.weixk.helloworld.domain.Result com.weixk.helloworld.web.UserController.getUserByN(java.lang.String)={[/user/find-by-n]}, public com.weixk.helloworld.domain.Result com.weixk.helloworld.web.UserController.getUserByE(java.lang.String)={[/user/find-by-e]}, public com.weixk.helloworld.domain.Result com.weixk.helloworld.web.UserController.getUserByE(java.lang.String,java.lang.String)={[/user/find-by-ne]}, public com.weixk.helloworld.domain.Result com.weixk.helloworld.web.UserController.postUser(com.weixk.helloworld.domain.User,org.springframework.validation.BindingResult)={[/user/post-user],methods=[POST]}, public com.weixk.helloworld.domain.Result com.weixk.helloworld.web.UserController.login(com.weixk.helloworld.domain.UserLogin)={[/user/login],methods=[POST]}}
2016/12/12-23:53 [main] INFO  org.springframework.web.servlet.mvc.method.annotation.RequestMappingHandlerMapping- Mapped "{[/user/register],methods=[POST]}" onto public com.weixk.helloworld.domain.Result<com.weixk.helloworld.domain.User> com.weixk.helloworld.web.UserController.register(com.weixk.helloworld.domain.UserResgiter)
2016/12/12-23:53 [main] INFO  org.springframework.web.servlet.mvc.method.annotation.RequestMappingHandlerMapping- Mapped "{[/user/{id}]}" onto public com.weixk.helloworld.domain.Result<com.weixk.helloworld.domain.User> com.weixk.helloworld.web.UserController.getUserByIdFromPath(long)
2016/12/12-23:53 [main] INFO  org.springframework.web.servlet.mvc.method.annotation.RequestMappingHandlerMapping- Mapped "{[/user/user_id={id}]}" onto public com.weixk.helloworld.domain.Result<com.weixk.helloworld.domain.User> com.weixk.helloworld.web.UserController.getUserByIdFromPathWithKey(long)
2016/12/12-23:53 [main] INFO  org.springframework.web.servlet.mvc.method.annotation.RequestMappingHandlerMapping- Mapped "{[/user/find-user]}" onto public com.weixk.helloworld.domain.Result<com.weixk.helloworld.domain.User> com.weixk.helloworld.web.UserController.getUserByIdFromQueryParam(java.lang.Long)
2016/12/12-23:53 [main] INFO  org.springframework.web.servlet.mvc.method.annotation.RequestMappingHandlerMapping- Mapped "{[/user/find-by-name]}" onto public com.weixk.helloworld.domain.Result<java.util.List<com.weixk.helloworld.domain.User>> com.weixk.helloworld.web.UserController.getUserByName(java.lang.String)
2016/12/12-23:53 [main] INFO  org.springframework.web.servlet.mvc.method.annotation.RequestMappingHandlerMapping- Mapped "{[/user/find-by-n]}" onto public com.weixk.helloworld.domain.Result<java.util.List<com.weixk.helloworld.domain.User>> com.weixk.helloworld.web.UserController.getUserByN(java.lang.String)
2016/12/12-23:53 [main] INFO  org.springframework.web.servlet.mvc.method.annotation.RequestMappingHandlerMapping- Mapped "{[/user/find-by-e]}" onto public com.weixk.helloworld.domain.Result<java.util.List<com.weixk.helloworld.domain.User>> com.weixk.helloworld.web.UserController.getUserByE(java.lang.String)
2016/12/12-23:53 [main] INFO  org.springframework.web.servlet.mvc.method.annotation.RequestMappingHandlerMapping- Mapped "{[/user/find-by-ne]}" onto public com.weixk.helloworld.domain.Result<java.util.List<com.weixk.helloworld.domain.User>> com.weixk.helloworld.web.UserController.getUserByE(java.lang.String,java.lang.String)
2016/12/12-23:53 [main] INFO  org.springframework.web.servlet.mvc.method.annotation.RequestMappingHandlerMapping- Mapped "{[/user/post-user],methods=[POST]}" onto public com.weixk.helloworld.domain.Result<com.weixk.helloworld.domain.User> com.weixk.helloworld.web.UserController.postUser(com.weixk.helloworld.domain.User,org.springframework.validation.BindingResult)
2016/12/12-23:53 [main] INFO  org.springframework.web.servlet.mvc.method.annotation.RequestMappingHandlerMapping- Mapped "{[/user/login],methods=[POST]}" onto public com.weixk.helloworld.domain.Result<com.weixk.helloworld.domain.User> com.weixk.helloworld.web.UserController.login(com.weixk.helloworld.domain.UserLogin)
2016/12/12-23:53 [main] DEBUG org.springframework.web.servlet.mvc.method.annotation.RequestMappingHandlerMapping- 1 request handler methods found on class com.weixk.helloworld.web.ValidatorController: {public com.weixk.helloworld.domain.Result com.weixk.helloworld.web.ValidatorController.postUser(com.weixk.helloworld.domain.User)={[/valid/post-user],methods=[POST]}}
2016/12/12-23:53 [main] INFO  org.springframework.web.servlet.mvc.method.annotation.RequestMappingHandlerMapping- Mapped "{[/valid/post-user],methods=[POST]}" onto public com.weixk.helloworld.domain.Result<com.weixk.helloworld.domain.User> com.weixk.helloworld.web.ValidatorController.postUser(com.weixk.helloworld.domain.User)
2016/12/12-23:53 [main] DEBUG org.springframework.web.servlet.mvc.method.annotation.RequestMappingHandlerMapping- 2 request handler methods found on class org.springframework.boot.autoconfigure.web.BasicErrorController: {public org.springframework.http.ResponseEntity org.springframework.boot.autoconfigure.web.BasicErrorController.error(javax.servlet.http.HttpServletRequest)={[/error]}, public org.springframework.web.servlet.ModelAndView org.springframework.boot.autoconfigure.web.BasicErrorController.errorHtml(javax.servlet.http.HttpServletRequest,javax.servlet.http.HttpServletResponse)={[/error],produces=[text/html]}}
2016/12/12-23:53 [main] INFO  org.springframework.web.servlet.mvc.method.annotation.RequestMappingHandlerMapping- Mapped "{[/error]}" onto public org.springframework.http.ResponseEntity<java.util.Map<java.lang.String, java.lang.Object>> org.springframework.boot.autoconfigure.web.BasicErrorController.error(javax.servlet.http.HttpServletRequest)
2016/12/12-23:53 [main] INFO  org.springframework.web.servlet.mvc.method.annotation.RequestMappingHandlerMapping- Mapped "{[/error],produces=[text/html]}" onto public org.springframework.web.servlet.ModelAndView org.springframework.boot.autoconfigure.web.BasicErrorController.errorHtml(javax.servlet.http.HttpServletRequest,javax.servlet.http.HttpServletResponse)
2016/12/12-23:53 [main] DEBUG org.springframework.web.servlet.handler.BeanNameUrlHandlerMapping- Looking for URL mappings in application context: org.springframework.boot.context.embedded.AnnotationConfigEmbeddedWebApplicationContext@72967906: startup date [Mon Dec 12 23:53:36 CST 2016]; root of context hierarchy
2016/12/12-23:53 [main] DEBUG org.springframework.web.servlet.handler.BeanNameUrlHandlerMapping- Rejected bean name 'org.springframework.context.annotation.internalConfigurationAnnotationProcessor': no URL paths identified
2016/12/12-23:53 [main] DEBUG org.springframework.web.servlet.handler.BeanNameUrlHandlerMapping- Rejected bean name 'org.springframework.context.annotation.internalAutowiredAnnotationProcessor': no URL paths identified
2016/12/12-23:53 [main] DEBUG org.springframework.web.servlet.handler.BeanNameUrlHandlerMapping- Rejected bean name 'org.springframework.context.annotation.internalRequiredAnnotationProcessor': no URL paths identified
2016/12/12-23:53 [main] DEBUG org.springframework.web.servlet.handler.BeanNameUrlHandlerMapping- Rejected bean name 'org.springframework.context.annotation.internalCommonAnnotationProcessor': no URL paths identified
2016/12/12-23:53 [main] DEBUG org.springframework.web.servlet.handler.BeanNameUrlHandlerMapping- Rejected bean name 'org.springframework.context.annotation.internalPersistenceAnnotationProcessor': no URL paths identified
2016/12/12-23:53 [main] DEBUG org.springframework.web.servlet.handler.BeanNameUrlHandlerMapping- Rejected bean name 'org.springframework.context.event.internalEventListenerProcessor': no URL paths identified
2016/12/12-23:53 [main] DEBUG org.springframework.web.servlet.handler.BeanNameUrlHandlerMapping- Rejected bean name 'org.springframework.context.event.internalEventListenerFactory': no URL paths identified
2016/12/12-23:53 [main] DEBUG org.springframework.web.servlet.handler.BeanNameUrlHandlerMapping- Rejected bean name 'application': no URL paths identified
2016/12/12-23:53 [main] DEBUG org.springframework.web.servlet.handler.BeanNameUrlHandlerMapping- Rejected bean name 'org.springframework.boot.autoconfigure.internalCachingMetadataReaderFactory': no URL paths identified
2016/12/12-23:53 [main] DEBUG org.springframework.web.servlet.handler.BeanNameUrlHandlerMapping- Rejected bean name 'org.springframework.context.annotation.ConfigurationClassPostProcessor.importAwareProcessor': no URL paths identified
2016/12/12-23:53 [main] DEBUG org.springframework.web.servlet.handler.BeanNameUrlHandlerMapping- Rejected bean name 'org.springframework.context.annotation.ConfigurationClassPostProcessor.enhancedConfigurationProcessor': no URL paths identified
2016/12/12-23:53 [main] DEBUG org.springframework.web.servlet.handler.BeanNameUrlHandlerMapping- Rejected bean name 'globalExceptionHandler': no URL paths identified
2016/12/12-23:53 [main] DEBUG org.springframework.web.servlet.handler.BeanNameUrlHandlerMapping- Rejected bean name 'emailController': no URL paths identified
2016/12/12-23:53 [main] DEBUG org.springframework.web.servlet.handler.BeanNameUrlHandlerMapping- Rejected bean name 'indexController': no URL paths identified
2016/12/12-23:53 [main] DEBUG org.springframework.web.servlet.handler.BeanNameUrlHandlerMapping- Rejected bean name 'redisController': no URL paths identified
2016/12/12-23:53 [main] DEBUG org.springframework.web.servlet.handler.BeanNameUrlHandlerMapping- Rejected bean name 'userController': no URL paths identified
2016/12/12-23:53 [main] DEBUG org.springframework.web.servlet.handler.BeanNameUrlHandlerMapping- Rejected bean name 'validatorController': no URL paths identified
2016/12/12-23:53 [main] DEBUG org.springframework.web.servlet.handler.BeanNameUrlHandlerMapping- Rejected bean name 'fastJsonHttpMessageConverters': no URL paths identified
2016/12/12-23:53 [main] DEBUG org.springframework.web.servlet.handler.BeanNameUrlHandlerMapping- Rejected bean name 'methodValidationPostProcessor': no URL paths identified
2016/12/12-23:53 [main] DEBUG org.springframework.web.servlet.handler.BeanNameUrlHandlerMapping- Rejected bean name 'validatorFilter': no URL paths identified
2016/12/12-23:53 [main] DEBUG org.springframework.web.servlet.handler.BeanNameUrlHandlerMapping- Rejected bean name 'jedisConnectionFactory': no URL paths identified
2016/12/12-23:53 [main] DEBUG org.springframework.web.servlet.handler.BeanNameUrlHandlerMapping- Rejected bean name 'org.springframework.boot.autoconfigure.AutoConfigurationPackages': no URL paths identified
2016/12/12-23:53 [main] DEBUG org.springframework.web.servlet.handler.BeanNameUrlHandlerMapping- Rejected bean name 'org.springframework.boot.autoconfigure.PropertyPlaceholderAutoConfiguration': no URL paths identified
2016/12/12-23:53 [main] DEBUG org.springframework.web.servlet.handler.BeanNameUrlHandlerMapping- Rejected bean name 'org.springframework.boot.autoconfigure.condition.BeanTypeRegistry': no URL paths identified
2016/12/12-23:53 [main] DEBUG org.springframework.web.servlet.handler.BeanNameUrlHandlerMapping- Rejected bean name 'propertySourcesPlaceholderConfigurer': no URL paths identified
2016/12/12-23:53 [main] DEBUG org.springframework.web.servlet.handler.BeanNameUrlHandlerMapping- Rejected bean name 'org.springframework.boot.autoconfigure.jackson.JacksonAutoConfiguration$Jackson2ObjectMapperBuilderCustomizerConfiguration': no URL paths identified
2016/12/12-23:53 [main] DEBUG org.springframework.web.servlet.handler.BeanNameUrlHandlerMapping- Rejected bean name 'standardJacksonObjectMapperBuilderCustomizer': no URL paths identified
2016/12/12-23:53 [main] DEBUG org.springframework.web.servlet.handler.BeanNameUrlHandlerMapping- Rejected bean name 'spring.jackson-org.springframework.boot.autoconfigure.jackson.JacksonProperties': no URL paths identified
2016/12/12-23:53 [main] DEBUG org.springframework.web.servlet.handler.BeanNameUrlHandlerMapping- Rejected bean name 'org.springframework.boot.context.properties.ConfigurationPropertiesBindingPostProcessor': no URL paths identified
2016/12/12-23:53 [main] DEBUG org.springframework.web.servlet.handler.BeanNameUrlHandlerMapping- Rejected bean name 'org.springframework.boot.context.properties.ConfigurationPropertiesBindingPostProcessor.store': no URL paths identified
2016/12/12-23:53 [main] DEBUG org.springframework.web.servlet.handler.BeanNameUrlHandlerMapping- Rejected bean name 'org.springframework.boot.autoconfigure.jackson.JacksonAutoConfiguration$JacksonObjectMapperBuilderConfiguration': no URL paths identified
2016/12/12-23:53 [main] DEBUG org.springframework.web.servlet.handler.BeanNameUrlHandlerMapping- Rejected bean name 'jacksonObjectMapperBuilder': no URL paths identified
2016/12/12-23:53 [main] DEBUG org.springframework.web.servlet.handler.BeanNameUrlHandlerMapping- Rejected bean name 'org.springframework.boot.autoconfigure.jackson.JacksonAutoConfiguration$JacksonObjectMapperConfiguration': no URL paths identified
2016/12/12-23:53 [main] DEBUG org.springframework.web.servlet.handler.BeanNameUrlHandlerMapping- Rejected bean name 'jacksonObjectMapper': no URL paths identified
2016/12/12-23:53 [main] DEBUG org.springframework.web.servlet.handler.BeanNameUrlHandlerMapping- Rejected bean name 'org.springframework.boot.autoconfigure.jackson.JacksonAutoConfiguration': no URL paths identified
2016/12/12-23:53 [main] DEBUG org.springframework.web.servlet.handler.BeanNameUrlHandlerMapping- Rejected bean name 'jsonComponentModule': no URL paths identified
2016/12/12-23:53 [main] DEBUG org.springframework.web.servlet.handler.BeanNameUrlHandlerMapping- Rejected bean name 'org.springframework.boot.autoconfigure.websocket.WebSocketAutoConfiguration$TomcatWebSocketConfiguration': no URL paths identified
2016/12/12-23:53 [main] DEBUG org.springframework.web.servlet.handler.BeanNameUrlHandlerMapping- Rejected bean name 'websocketContainerCustomizer': no URL paths identified
2016/12/12-23:53 [main] DEBUG org.springframework.web.servlet.handler.BeanNameUrlHandlerMapping- Rejected bean name 'org.springframework.boot.autoconfigure.websocket.WebSocketAutoConfiguration': no URL paths identified
2016/12/12-23:53 [main] DEBUG org.springframework.web.servlet.handler.BeanNameUrlHandlerMapping- Rejected bean name 'org.springframework.boot.autoconfigure.web.EmbeddedServletContainerAutoConfiguration$EmbeddedTomcat': no URL paths identified
2016/12/12-23:53 [main] DEBUG org.springframework.web.servlet.handler.BeanNameUrlHandlerMapping- Rejected bean name 'tomcatEmbeddedServletContainerFactory': no URL paths identified
2016/12/12-23:53 [main] DEBUG org.springframework.web.servlet.handler.BeanNameUrlHandlerMapping- Rejected bean name 'org.springframework.boot.autoconfigure.web.EmbeddedServletContainerAutoConfiguration': no URL paths identified
2016/12/12-23:53 [main] DEBUG org.springframework.web.servlet.handler.BeanNameUrlHandlerMapping- Rejected bean name 'embeddedServletContainerCustomizerBeanPostProcessor': no URL paths identified
2016/12/12-23:53 [main] DEBUG org.springframework.web.servlet.handler.BeanNameUrlHandlerMapping- Rejected bean name 'errorPageRegistrarBeanPostProcessor': no URL paths identified
2016/12/12-23:53 [main] DEBUG org.springframework.web.servlet.handler.BeanNameUrlHandlerMapping- Rejected bean name 'org.springframework.boot.autoconfigure.web.DispatcherServletAutoConfiguration$DispatcherServletConfiguration': no URL paths identified
2016/12/12-23:53 [main] DEBUG org.springframework.web.servlet.handler.BeanNameUrlHandlerMapping- Rejected bean name 'dispatcherServlet': no URL paths identified
2016/12/12-23:53 [main] DEBUG org.springframework.web.servlet.handler.BeanNameUrlHandlerMapping- Rejected bean name 'spring.mvc-org.springframework.boot.autoconfigure.web.WebMvcProperties': no URL paths identified
2016/12/12-23:53 [main] DEBUG org.springframework.web.servlet.handler.BeanNameUrlHandlerMapping- Rejected bean name 'org.springframework.boot.autoconfigure.web.DispatcherServletAutoConfiguration$DispatcherServletRegistrationConfiguration': no URL paths identified
2016/12/12-23:53 [main] DEBUG org.springframework.web.servlet.handler.BeanNameUrlHandlerMapping- Rejected bean name 'dispatcherServletRegistration': no URL paths identified
2016/12/12-23:53 [main] DEBUG org.springframework.web.servlet.handler.BeanNameUrlHandlerMapping- Rejected bean name 'org.springframework.boot.autoconfigure.web.DispatcherServletAutoConfiguration': no URL paths identified
2016/12/12-23:53 [main] DEBUG org.springframework.web.servlet.handler.BeanNameUrlHandlerMapping- Rejected bean name 'org.springframework.boot.autoconfigure.web.ErrorMvcAutoConfiguration$WhitelabelErrorViewConfiguration': no URL paths identified
2016/12/12-23:53 [main] DEBUG org.springframework.web.servlet.handler.BeanNameUrlHandlerMapping- Rejected bean name 'error': no URL paths identified
2016/12/12-23:53 [main] DEBUG org.springframework.web.servlet.handler.BeanNameUrlHandlerMapping- Rejected bean name 'beanNameViewResolver': no URL paths identified
2016/12/12-23:53 [main] DEBUG org.springframework.web.servlet.handler.BeanNameUrlHandlerMapping- Rejected bean name 'org.springframework.boot.autoconfigure.web.ErrorMvcAutoConfiguration': no URL paths identified
2016/12/12-23:53 [main] DEBUG org.springframework.web.servlet.handler.BeanNameUrlHandlerMapping- Rejected bean name 'errorAttributes': no URL paths identified
2016/12/12-23:53 [main] DEBUG org.springframework.web.servlet.handler.BeanNameUrlHandlerMapping- Rejected bean name 'basicErrorController': no URL paths identified
2016/12/12-23:53 [main] DEBUG org.springframework.web.servlet.handler.BeanNameUrlHandlerMapping- Rejected bean name 'errorPageCustomizer': no URL paths identified
2016/12/12-23:53 [main] DEBUG org.springframework.web.servlet.handler.BeanNameUrlHandlerMapping- Rejected bean name 'conventionErrorViewResolver': no URL paths identified
2016/12/12-23:53 [main] DEBUG org.springframework.web.servlet.handler.BeanNameUrlHandlerMapping- Rejected bean name 'preserveErrorControllerTargetClassPostProcessor': no URL paths identified
2016/12/12-23:53 [main] DEBUG org.springframework.web.servlet.handler.BeanNameUrlHandlerMapping- Rejected bean name 'spring.resources-org.springframework.boot.autoconfigure.web.ResourceProperties': no URL paths identified
2016/12/12-23:53 [main] DEBUG org.springframework.web.servlet.handler.BeanNameUrlHandlerMapping- Rejected bean name 'org.springframework.boot.autoconfigure.web.WebMvcAutoConfiguration$EnableWebMvcConfiguration': no URL paths identified
2016/12/12-23:53 [main] DEBUG org.springframework.web.servlet.handler.BeanNameUrlHandlerMapping- Rejected bean name 'requestMappingHandlerAdapter': no URL paths identified
2016/12/12-23:53 [main] DEBUG org.springframework.web.servlet.handler.BeanNameUrlHandlerMapping- Rejected bean name 'requestMappingHandlerMapping': no URL paths identified
2016/12/12-23:53 [main] DEBUG org.springframework.web.servlet.handler.BeanNameUrlHandlerMapping- Rejected bean name 'mvcPathMatcher': no URL paths identified
2016/12/12-23:53 [main] DEBUG org.springframework.web.servlet.handler.BeanNameUrlHandlerMapping- Rejected bean name 'mvcUrlPathHelper': no URL paths identified
2016/12/12-23:53 [main] DEBUG org.springframework.web.servlet.handler.BeanNameUrlHandlerMapping- Rejected bean name 'mvcContentNegotiationManager': no URL paths identified
2016/12/12-23:53 [main] DEBUG org.springframework.web.servlet.handler.BeanNameUrlHandlerMapping- Rejected bean name 'viewControllerHandlerMapping': no URL paths identified
2016/12/12-23:53 [main] DEBUG org.springframework.web.servlet.handler.BeanNameUrlHandlerMapping- Rejected bean name 'beanNameHandlerMapping': no URL paths identified
2016/12/12-23:53 [main] DEBUG org.springframework.web.servlet.handler.BeanNameUrlHandlerMapping- Rejected bean name 'resourceHandlerMapping': no URL paths identified
2016/12/12-23:53 [main] DEBUG org.springframework.web.servlet.handler.BeanNameUrlHandlerMapping- Rejected bean name 'mvcResourceUrlProvider': no URL paths identified
2016/12/12-23:53 [main] DEBUG org.springframework.web.servlet.handler.BeanNameUrlHandlerMapping- Rejected bean name 'defaultServletHandlerMapping': no URL paths identified
2016/12/12-23:53 [main] DEBUG org.springframework.web.servlet.handler.BeanNameUrlHandlerMapping- Rejected bean name 'mvcConversionService': no URL paths identified
2016/12/12-23:53 [main] DEBUG org.springframework.web.servlet.handler.BeanNameUrlHandlerMapping- Rejected bean name 'mvcValidator': no URL paths identified
2016/12/12-23:53 [main] DEBUG org.springframework.web.servlet.handler.BeanNameUrlHandlerMapping- Rejected bean name 'mvcUriComponentsContributor': no URL paths identified
2016/12/12-23:53 [main] DEBUG org.springframework.web.servlet.handler.BeanNameUrlHandlerMapping- Rejected bean name 'httpRequestHandlerAdapter': no URL paths identified
2016/12/12-23:53 [main] DEBUG org.springframework.web.servlet.handler.BeanNameUrlHandlerMapping- Rejected bean name 'simpleControllerHandlerAdapter': no URL paths identified
2016/12/12-23:53 [main] DEBUG org.springframework.web.servlet.handler.BeanNameUrlHandlerMapping- Rejected bean name 'handlerExceptionResolver': no URL paths identified
2016/12/12-23:53 [main] DEBUG org.springframework.web.servlet.handler.BeanNameUrlHandlerMapping- Rejected bean name 'mvcViewResolver': no URL paths identified
2016/12/12-23:53 [main] DEBUG org.springframework.web.servlet.handler.BeanNameUrlHandlerMapping- Rejected bean name 'org.springframework.boot.autoconfigure.web.WebMvcAutoConfiguration$WebMvcAutoConfigurationAdapter$FaviconConfiguration': no URL paths identified
2016/12/12-23:53 [main] DEBUG org.springframework.web.servlet.handler.BeanNameUrlHandlerMapping- Rejected bean name 'faviconHandlerMapping': no URL paths identified
2016/12/12-23:53 [main] DEBUG org.springframework.web.servlet.handler.BeanNameUrlHandlerMapping- Rejected bean name 'faviconRequestHandler': no URL paths identified
2016/12/12-23:53 [main] DEBUG org.springframework.web.servlet.handler.BeanNameUrlHandlerMapping- Rejected bean name 'org.springframework.boot.autoconfigure.web.WebMvcAutoConfiguration$WebMvcAutoConfigurationAdapter': no URL paths identified
2016/12/12-23:53 [main] DEBUG org.springframework.web.servlet.handler.BeanNameUrlHandlerMapping- Rejected bean name 'defaultViewResolver': no URL paths identified
2016/12/12-23:53 [main] DEBUG org.springframework.web.servlet.handler.BeanNameUrlHandlerMapping- Rejected bean name 'viewResolver': no URL paths identified
2016/12/12-23:53 [main] DEBUG org.springframework.web.servlet.handler.BeanNameUrlHandlerMapping- Rejected bean name 'welcomePageHandlerMapping': no URL paths identified
2016/12/12-23:53 [main] DEBUG org.springframework.web.servlet.handler.BeanNameUrlHandlerMapping- Rejected bean name 'requestContextFilter': no URL paths identified
2016/12/12-23:53 [main] DEBUG org.springframework.web.servlet.handler.BeanNameUrlHandlerMapping- Rejected bean name 'org.springframework.boot.autoconfigure.web.WebMvcAutoConfiguration': no URL paths identified
2016/12/12-23:53 [main] DEBUG org.springframework.web.servlet.handler.BeanNameUrlHandlerMapping- Rejected bean name 'hiddenHttpMethodFilter': no URL paths identified
2016/12/12-23:53 [main] DEBUG org.springframework.web.servlet.handler.BeanNameUrlHandlerMapping- Rejected bean name 'httpPutFormContentFilter': no URL paths identified
2016/12/12-23:53 [main] DEBUG org.springframework.web.servlet.handler.BeanNameUrlHandlerMapping- Rejected bean name 'org.springframework.boot.actuate.autoconfigure.AuditAutoConfiguration$AuditEventRepositoryConfiguration': no URL paths identified
2016/12/12-23:53 [main] DEBUG org.springframework.web.servlet.handler.BeanNameUrlHandlerMapping- Rejected bean name 'auditEventRepository': no URL paths identified
2016/12/12-23:53 [main] DEBUG org.springframework.web.servlet.handler.BeanNameUrlHandlerMapping- Rejected bean name 'org.springframework.boot.actuate.autoconfigure.AuditAutoConfiguration': no URL paths identified
2016/12/12-23:53 [main] DEBUG org.springframework.web.servlet.handler.BeanNameUrlHandlerMapping- Rejected bean name 'auditListener': no URL paths identified
2016/12/12-23:53 [main] DEBUG org.springframework.web.servlet.handler.BeanNameUrlHandlerMapping- Rejected bean name 'org.springframework.boot.autoconfigure.data.redis.RedisAutoConfiguration$RedisConfiguration': no URL paths identified
2016/12/12-23:53 [main] DEBUG org.springframework.web.servlet.handler.BeanNameUrlHandlerMapping- Rejected bean name 'redisTemplate': no URL paths identified
2016/12/12-23:53 [main] DEBUG org.springframework.web.servlet.handler.BeanNameUrlHandlerMapping- Rejected bean name 'stringRedisTemplate': no URL paths identified
2016/12/12-23:53 [main] DEBUG org.springframework.web.servlet.handler.BeanNameUrlHandlerMapping- Rejected bean name 'org.springframework.boot.autoconfigure.data.redis.RedisAutoConfiguration$RedisConnectionConfiguration': no URL paths identified
2016/12/12-23:53 [main] DEBUG org.springframework.web.servlet.handler.BeanNameUrlHandlerMapping- Rejected bean name 'org.springframework.boot.autoconfigure.data.redis.RedisAutoConfiguration': no URL paths identified
2016/12/12-23:53 [main] DEBUG org.springframework.web.servlet.handler.BeanNameUrlHandlerMapping- Rejected bean name 'spring.redis-org.springframework.boot.autoconfigure.data.redis.RedisProperties': no URL paths identified
2016/12/12-23:53 [main] DEBUG org.springframework.web.servlet.handler.BeanNameUrlHandlerMapping- Rejected bean name 'org.springframework.boot.autoconfigure.transaction.jta.JtaAutoConfiguration': no URL paths identified
2016/12/12-23:53 [main] DEBUG org.springframework.web.servlet.handler.BeanNameUrlHandlerMapping- Rejected bean name 'spring.jta-org.springframework.boot.autoconfigure.transaction.jta.JtaProperties': no URL paths identified
2016/12/12-23:53 [main] DEBUG org.springframework.web.servlet.handler.BeanNameUrlHandlerMapping- Rejected bean name 'org.springframework.boot.autoconfigure.jdbc.DataSourceConfiguration$Tomcat': no URL paths identified
2016/12/12-23:53 [main] DEBUG org.springframework.web.servlet.handler.BeanNameUrlHandlerMapping- Rejected bean name 'dataSource': no URL paths identified
2016/12/12-23:53 [main] DEBUG org.springframework.web.servlet.handler.BeanNameUrlHandlerMapping- Rejected bean name 'org.springframework.boot.autoconfigure.jdbc.DataSourceAutoConfiguration$PooledDataSourceConfiguration': no URL paths identified
2016/12/12-23:53 [main] DEBUG org.springframework.web.servlet.handler.BeanNameUrlHandlerMapping- Rejected bean name 'org.springframework.boot.autoconfigure.jdbc.metadata.DataSourcePoolMetadataProvidersConfiguration$TomcatDataSourcePoolMetadataProviderConfiguration': no URL paths identified
2016/12/12-23:53 [main] DEBUG org.springframework.web.servlet.handler.BeanNameUrlHandlerMapping- Rejected bean name 'tomcatPoolDataSourceMetadataProvider': no URL paths identified
2016/12/12-23:53 [main] DEBUG org.springframework.web.servlet.handler.BeanNameUrlHandlerMapping- Rejected bean name 'org.springframework.boot.autoconfigure.jdbc.metadata.DataSourcePoolMetadataProvidersConfiguration': no URL paths identified
2016/12/12-23:53 [main] DEBUG org.springframework.web.servlet.handler.BeanNameUrlHandlerMapping- Rejected bean name 'org.springframework.boot.autoconfigure.jdbc.DataSourceAutoConfiguration': no URL paths identified
2016/12/12-23:53 [main] DEBUG org.springframework.web.servlet.handler.BeanNameUrlHandlerMapping- Rejected bean name 'dataSourceInitializer': no URL paths identified
2016/12/12-23:53 [main] DEBUG org.springframework.web.servlet.handler.BeanNameUrlHandlerMapping- Rejected bean name 'spring.datasource-org.springframework.boot.autoconfigure.jdbc.DataSourceProperties': no URL paths identified
2016/12/12-23:53 [main] DEBUG org.springframework.web.servlet.handler.BeanNameUrlHandlerMapping- Rejected bean name 'dataSourceInitializerPostProcessor': no URL paths identified
2016/12/12-23:53 [main] DEBUG org.springframework.web.servlet.handler.BeanNameUrlHandlerMapping- Rejected bean name 'org.springframework.boot.autoconfigure.orm.jpa.JpaBaseConfiguration$JpaWebConfiguration$JpaWebMvcConfiguration': no URL paths identified
2016/12/12-23:53 [main] DEBUG org.springframework.web.servlet.handler.BeanNameUrlHandlerMapping- Rejected bean name 'openEntityManagerInViewInterceptor': no URL paths identified
2016/12/12-23:53 [main] DEBUG org.springframework.web.servlet.handler.BeanNameUrlHandlerMapping- Rejected bean name 'org.springframework.boot.autoconfigure.orm.jpa.JpaBaseConfiguration$JpaWebConfiguration': no URL paths identified
2016/12/12-23:53 [main] DEBUG org.springframework.web.servlet.handler.BeanNameUrlHandlerMapping- Rejected bean name 'org.springframework.boot.autoconfigure.orm.jpa.HibernateJpaAutoConfiguration': no URL paths identified
2016/12/12-23:53 [main] DEBUG org.springframework.web.servlet.handler.BeanNameUrlHandlerMapping- Rejected bean name 'transactionManager': no URL paths identified
2016/12/12-23:53 [main] DEBUG org.springframework.web.servlet.handler.BeanNameUrlHandlerMapping- Rejected bean name 'jpaVendorAdapter': no URL paths identified
2016/12/12-23:53 [main] DEBUG org.springframework.web.servlet.handler.BeanNameUrlHandlerMapping- Rejected bean name 'entityManagerFactoryBuilder': no URL paths identified
2016/12/12-23:53 [main] DEBUG org.springframework.web.servlet.handler.BeanNameUrlHandlerMapping- Rejected bean name 'entityManagerFactory': no URL paths identified
2016/12/12-23:53 [main] DEBUG org.springframework.web.servlet.handler.BeanNameUrlHandlerMapping- Rejected bean name 'spring.jpa-org.springframework.boot.autoconfigure.orm.jpa.JpaProperties': no URL paths identified
2016/12/12-23:53 [main] DEBUG org.springframework.web.servlet.handler.BeanNameUrlHandlerMapping- Rejected bean name 'dataSourceInitializedPublisher': no URL paths identified
2016/12/12-23:53 [main] DEBUG org.springframework.web.servlet.handler.BeanNameUrlHandlerMapping- Rejected bean name 'org.springframework.boot.autoconfigure.info.ProjectInfoAutoConfiguration': no URL paths identified
2016/12/12-23:53 [main] DEBUG org.springframework.web.servlet.handler.BeanNameUrlHandlerMapping- Rejected bean name 'spring.info-org.springframework.boot.autoconfigure.info.ProjectInfoProperties': no URL paths identified
2016/12/12-23:53 [main] DEBUG org.springframework.web.servlet.handler.BeanNameUrlHandlerMapping- Rejected bean name 'org.springframework.boot.actuate.autoconfigure.InfoContributorAutoConfiguration': no URL paths identified
2016/12/12-23:53 [main] DEBUG org.springframework.web.servlet.handler.BeanNameUrlHandlerMapping- Rejected bean name 'envInfoContributor': no URL paths identified
2016/12/12-23:53 [main] DEBUG org.springframework.web.servlet.handler.BeanNameUrlHandlerMapping- Rejected bean name 'management.info-org.springframework.boot.actuate.autoconfigure.InfoContributorProperties': no URL paths identified
2016/12/12-23:53 [main] DEBUG org.springframework.web.servlet.handler.BeanNameUrlHandlerMapping- Rejected bean name 'org.springframework.boot.autoconfigure.mail.MailSenderAutoConfiguration': no URL paths identified
2016/12/12-23:53 [main] DEBUG org.springframework.web.servlet.handler.BeanNameUrlHandlerMapping- Rejected bean name 'mailSender': no URL paths identified
2016/12/12-23:53 [main] DEBUG org.springframework.web.servlet.handler.BeanNameUrlHandlerMapping- Rejected bean name 'spring.mail-org.springframework.boot.autoconfigure.mail.MailProperties': no URL paths identified
2016/12/12-23:53 [main] DEBUG org.springframework.web.servlet.handler.BeanNameUrlHandlerMapping- Rejected bean name 'org.springframework.boot.actuate.autoconfigure.HealthIndicatorAutoConfiguration$MailHealthIndicatorConfiguration': no URL paths identified
2016/12/12-23:53 [main] DEBUG org.springframework.web.servlet.handler.BeanNameUrlHandlerMapping- Rejected bean name 'mailHealthIndicator': no URL paths identified
2016/12/12-23:53 [main] DEBUG org.springframework.web.servlet.handler.BeanNameUrlHandlerMapping- Rejected bean name 'org.springframework.boot.actuate.autoconfigure.HealthIndicatorAutoConfiguration$DiskSpaceHealthIndicatorConfiguration': no URL paths identified
2016/12/12-23:53 [main] DEBUG org.springframework.web.servlet.handler.BeanNameUrlHandlerMapping- Rejected bean name 'diskSpaceHealthIndicator': no URL paths identified
2016/12/12-23:53 [main] DEBUG org.springframework.web.servlet.handler.BeanNameUrlHandlerMapping- Rejected bean name 'diskSpaceHealthIndicatorProperties': no URL paths identified
2016/12/12-23:53 [main] DEBUG org.springframework.web.servlet.handler.BeanNameUrlHandlerMapping- Rejected bean name 'org.springframework.boot.actuate.autoconfigure.HealthIndicatorAutoConfiguration$RedisHealthIndicatorConfiguration': no URL paths identified
2016/12/12-23:53 [main] DEBUG org.springframework.web.servlet.handler.BeanNameUrlHandlerMapping- Rejected bean name 'redisHealthIndicator': no URL paths identified
2016/12/12-23:53 [main] DEBUG org.springframework.web.servlet.handler.BeanNameUrlHandlerMapping- Rejected bean name 'org.springframework.boot.actuate.autoconfigure.HealthIndicatorAutoConfiguration$DataSourcesHealthIndicatorConfiguration': no URL paths identified
2016/12/12-23:53 [main] DEBUG org.springframework.web.servlet.handler.BeanNameUrlHandlerMapping- Rejected bean name 'dbHealthIndicator': no URL paths identified
2016/12/12-23:53 [main] DEBUG org.springframework.web.servlet.handler.BeanNameUrlHandlerMapping- Rejected bean name 'org.springframework.boot.actuate.autoconfigure.HealthIndicatorAutoConfiguration': no URL paths identified
2016/12/12-23:53 [main] DEBUG org.springframework.web.servlet.handler.BeanNameUrlHandlerMapping- Rejected bean name 'healthAggregator': no URL paths identified
2016/12/12-23:53 [main] DEBUG org.springframework.web.servlet.handler.BeanNameUrlHandlerMapping- Rejected bean name 'management.health.status-org.springframework.boot.actuate.autoconfigure.HealthIndicatorProperties': no URL paths identified
2016/12/12-23:53 [main] DEBUG org.springframework.web.servlet.handler.BeanNameUrlHandlerMapping- Rejected bean name 'org.springframework.boot.actuate.autoconfigure.MetricRepositoryAutoConfiguration$FastMetricServicesConfiguration': no URL paths identified
2016/12/12-23:53 [main] DEBUG org.springframework.web.servlet.handler.BeanNameUrlHandlerMapping- Rejected bean name 'counterBuffers': no URL paths identified
2016/12/12-23:53 [main] DEBUG org.springframework.web.servlet.handler.BeanNameUrlHandlerMapping- Rejected bean name 'gaugeBuffers': no URL paths identified
2016/12/12-23:53 [main] DEBUG org.springframework.web.servlet.handler.BeanNameUrlHandlerMapping- Rejected bean name 'actuatorMetricReader': no URL paths identified
2016/12/12-23:53 [main] DEBUG org.springframework.web.servlet.handler.BeanNameUrlHandlerMapping- Rejected bean name 'counterService': no URL paths identified
2016/12/12-23:53 [main] DEBUG org.springframework.web.servlet.handler.BeanNameUrlHandlerMapping- Rejected bean name 'gaugeService': no URL paths identified
2016/12/12-23:53 [main] DEBUG org.springframework.web.servlet.handler.BeanNameUrlHandlerMapping- Rejected bean name 'org.springframework.boot.actuate.autoconfigure.MetricRepositoryAutoConfiguration': no URL paths identified
2016/12/12-23:53 [main] DEBUG org.springframework.web.servlet.handler.BeanNameUrlHandlerMapping- Rejected bean name 'org.springframework.boot.autoconfigure.jmx.JmxAutoConfiguration': no URL paths identified
2016/12/12-23:53 [main] DEBUG org.springframework.web.servlet.handler.BeanNameUrlHandlerMapping- Rejected bean name 'mbeanExporter': no URL paths identified
2016/12/12-23:53 [main] DEBUG org.springframework.web.servlet.handler.BeanNameUrlHandlerMapping- Rejected bean name 'objectNamingStrategy': no URL paths identified
2016/12/12-23:53 [main] DEBUG org.springframework.web.servlet.handler.BeanNameUrlHandlerMapping- Rejected bean name 'mbeanServer': no URL paths identified
2016/12/12-23:53 [main] DEBUG org.springframework.web.servlet.handler.BeanNameUrlHandlerMapping- Rejected bean name 'org.springframework.boot.actuate.autoconfigure.PublicMetricsAutoConfiguration$TomcatMetricsConfiguration': no URL paths identified
2016/12/12-23:53 [main] DEBUG org.springframework.web.servlet.handler.BeanNameUrlHandlerMapping- Rejected bean name 'tomcatPublicMetrics': no URL paths identified
2016/12/12-23:53 [main] DEBUG org.springframework.web.servlet.handler.BeanNameUrlHandlerMapping- Rejected bean name 'org.springframework.boot.actuate.autoconfigure.PublicMetricsAutoConfiguration$DataSourceMetricsConfiguration': no URL paths identified
2016/12/12-23:53 [main] DEBUG org.springframework.web.servlet.handler.BeanNameUrlHandlerMapping- Rejected bean name 'dataSourcePublicMetrics': no URL paths identified
2016/12/12-23:53 [main] DEBUG org.springframework.web.servlet.handler.BeanNameUrlHandlerMapping- Rejected bean name 'org.springframework.boot.actuate.autoconfigure.PublicMetricsAutoConfiguration': no URL paths identified
2016/12/12-23:53 [main] DEBUG org.springframework.web.servlet.handler.BeanNameUrlHandlerMapping- Rejected bean name 'systemPublicMetrics': no URL paths identified
2016/12/12-23:53 [main] DEBUG org.springframework.web.servlet.handler.BeanNameUrlHandlerMapping- Rejected bean name 'metricReaderPublicMetrics': no URL paths identified
2016/12/12-23:53 [main] DEBUG org.springframework.web.servlet.handler.BeanNameUrlHandlerMapping- Rejected bean name 'org.springframework.boot.actuate.autoconfigure.EndpointAutoConfiguration$RequestMappingEndpointConfiguration': no URL paths identified
2016/12/12-23:53 [main] DEBUG org.springframework.web.servlet.handler.BeanNameUrlHandlerMapping- Rejected bean name 'requestMappingEndpoint': no URL paths identified
2016/12/12-23:53 [main] DEBUG org.springframework.web.servlet.handler.BeanNameUrlHandlerMapping- Rejected bean name 'org.springframework.boot.actuate.autoconfigure.EndpointAutoConfiguration': no URL paths identified
2016/12/12-23:53 [main] DEBUG org.springframework.web.servlet.handler.BeanNameUrlHandlerMapping- Rejected bean name 'environmentEndpoint': no URL paths identified
2016/12/12-23:53 [main] DEBUG org.springframework.web.servlet.handler.BeanNameUrlHandlerMapping- Rejected bean name 'healthEndpoint': no URL paths identified
2016/12/12-23:53 [main] DEBUG org.springframework.web.servlet.handler.BeanNameUrlHandlerMapping- Rejected bean name 'beansEndpoint': no URL paths identified
2016/12/12-23:53 [main] DEBUG org.springframework.web.servlet.handler.BeanNameUrlHandlerMapping- Rejected bean name 'infoEndpoint': no URL paths identified
2016/12/12-23:53 [main] DEBUG org.springframework.web.servlet.handler.BeanNameUrlHandlerMapping- Rejected bean name 'metricsEndpoint': no URL paths identified
2016/12/12-23:53 [main] DEBUG org.springframework.web.servlet.handler.BeanNameUrlHandlerMapping- Rejected bean name 'traceEndpoint': no URL paths identified
2016/12/12-23:53 [main] DEBUG org.springframework.web.servlet.handler.BeanNameUrlHandlerMapping- Rejected bean name 'dumpEndpoint': no URL paths identified
2016/12/12-23:53 [main] DEBUG org.springframework.web.servlet.handler.BeanNameUrlHandlerMapping- Rejected bean name 'autoConfigurationReportEndpoint': no URL paths identified
2016/12/12-23:53 [main] DEBUG org.springframework.web.servlet.handler.BeanNameUrlHandlerMapping- Rejected bean name 'shutdownEndpoint': no URL paths identified
2016/12/12-23:53 [main] DEBUG org.springframework.web.servlet.handler.BeanNameUrlHandlerMapping- Rejected bean name 'configurationPropertiesReportEndpoint': no URL paths identified
2016/12/12-23:53 [main] DEBUG org.springframework.web.servlet.handler.BeanNameUrlHandlerMapping- Rejected bean name 'endpoints-org.springframework.boot.actuate.endpoint.EndpointProperties': no URL paths identified
2016/12/12-23:53 [main] DEBUG org.springframework.web.servlet.handler.BeanNameUrlHandlerMapping- Rejected bean name 'org.springframework.boot.actuate.autoconfigure.EndpointMBeanExportAutoConfiguration': no URL paths identified
2016/12/12-23:53 [main] DEBUG org.springframework.web.servlet.handler.BeanNameUrlHandlerMapping- Rejected bean name 'endpointMBeanExporter': no URL paths identified
2016/12/12-23:53 [main] DEBUG org.springframework.web.servlet.handler.BeanNameUrlHandlerMapping- Rejected bean name 'endpoints.jmx-org.springframework.boot.actuate.autoconfigure.EndpointMBeanExportProperties': no URL paths identified
2016/12/12-23:53 [main] DEBUG org.springframework.web.servlet.handler.BeanNameUrlHandlerMapping- Rejected bean name 'org.springframework.boot.autoconfigure.web.ServerPropertiesAutoConfiguration': no URL paths identified
2016/12/12-23:53 [main] DEBUG org.springframework.web.servlet.handler.BeanNameUrlHandlerMapping- Rejected bean name 'serverProperties': no URL paths identified
2016/12/12-23:53 [main] DEBUG org.springframework.web.servlet.handler.BeanNameUrlHandlerMapping- Rejected bean name 'duplicateServerPropertiesDetector': no URL paths identified
2016/12/12-23:53 [main] DEBUG org.springframework.web.servlet.handler.BeanNameUrlHandlerMapping- Rejected bean name 'org.springframework.boot.actuate.autoconfigure.ManagementServerPropertiesAutoConfiguration': no URL paths identified
2016/12/12-23:53 [main] DEBUG org.springframework.web.servlet.handler.BeanNameUrlHandlerMapping- Rejected bean name 'managementServerProperties': no URL paths identified
2016/12/12-23:53 [main] DEBUG org.springframework.web.servlet.handler.BeanNameUrlHandlerMapping- Rejected bean name 'org.springframework.boot.autoconfigure.web.HttpMessageConvertersAutoConfiguration$StringHttpMessageConverterConfiguration': no URL paths identified
2016/12/12-23:53 [main] DEBUG org.springframework.web.servlet.handler.BeanNameUrlHandlerMapping- Rejected bean name 'stringHttpMessageConverter': no URL paths identified
2016/12/12-23:53 [main] DEBUG org.springframework.web.servlet.handler.BeanNameUrlHandlerMapping- Rejected bean name 'spring.http.encoding-org.springframework.boot.autoconfigure.web.HttpEncodingProperties': no URL paths identified
2016/12/12-23:53 [main] DEBUG org.springframework.web.servlet.handler.BeanNameUrlHandlerMapping- Rejected bean name 'org.springframework.boot.autoconfigure.web.JacksonHttpMessageConvertersConfiguration$MappingJackson2HttpMessageConverterConfiguration': no URL paths identified
2016/12/12-23:53 [main] DEBUG org.springframework.web.servlet.handler.BeanNameUrlHandlerMapping- Rejected bean name 'mappingJackson2HttpMessageConverter': no URL paths identified
2016/12/12-23:53 [main] DEBUG org.springframework.web.servlet.handler.BeanNameUrlHandlerMapping- Rejected bean name 'org.springframework.boot.autoconfigure.web.JacksonHttpMessageConvertersConfiguration': no URL paths identified
2016/12/12-23:53 [main] DEBUG org.springframework.web.servlet.handler.BeanNameUrlHandlerMapping- Rejected bean name 'org.springframework.boot.autoconfigure.web.HttpMessageConvertersAutoConfiguration': no URL paths identified
2016/12/12-23:53 [main] DEBUG org.springframework.web.servlet.handler.BeanNameUrlHandlerMapping- Rejected bean name 'org.springframework.boot.actuate.autoconfigure.EndpointWebMvcManagementContextConfiguration': no URL paths identified
2016/12/12-23:53 [main] DEBUG org.springframework.web.servlet.handler.BeanNameUrlHandlerMapping- Rejected bean name 'endpointHandlerMapping': no URL paths identified
2016/12/12-23:53 [main] DEBUG org.springframework.web.servlet.handler.BeanNameUrlHandlerMapping- Rejected bean name 'mvcEndpoints': no URL paths identified
2016/12/12-23:53 [main] DEBUG org.springframework.web.servlet.handler.BeanNameUrlHandlerMapping- Rejected bean name 'environmentMvcEndpoint': no URL paths identified
2016/12/12-23:53 [main] DEBUG org.springframework.web.servlet.handler.BeanNameUrlHandlerMapping- Rejected bean name 'heapdumpMvcEndpoint': no URL paths identified
2016/12/12-23:53 [main] DEBUG org.springframework.web.servlet.handler.BeanNameUrlHandlerMapping- Rejected bean name 'healthMvcEndpoint': no URL paths identified
2016/12/12-23:53 [main] DEBUG org.springframework.web.servlet.handler.BeanNameUrlHandlerMapping- Rejected bean name 'metricsMvcEndpoint': no URL paths identified
2016/12/12-23:53 [main] DEBUG org.springframework.web.servlet.handler.BeanNameUrlHandlerMapping- Rejected bean name 'logfileMvcEndpoint': no URL paths identified
2016/12/12-23:53 [main] DEBUG org.springframework.web.servlet.handler.BeanNameUrlHandlerMapping- Rejected bean name 'endpoints.health-org.springframework.boot.actuate.autoconfigure.HealthMvcEndpointProperties': no URL paths identified
2016/12/12-23:53 [main] DEBUG org.springframework.web.servlet.handler.BeanNameUrlHandlerMapping- Rejected bean name 'endpoints.cors-org.springframework.boot.actuate.autoconfigure.EndpointCorsProperties': no URL paths identified
2016/12/12-23:53 [main] DEBUG org.springframework.web.servlet.handler.BeanNameUrlHandlerMapping- Rejected bean name 'org.springframework.boot.actuate.autoconfigure.EndpointWebMvcAutoConfiguration$EndpointWebMvcConfiguration': no URL paths identified
2016/12/12-23:53 [main] DEBUG org.springframework.web.servlet.handler.BeanNameUrlHandlerMapping- Rejected bean name 'org.springframework.boot.actuate.autoconfigure.EndpointWebMvcAutoConfiguration$ApplicationContextFilterConfiguration': no URL paths identified
2016/12/12-23:53 [main] DEBUG org.springframework.web.servlet.handler.BeanNameUrlHandlerMapping- Rejected bean name 'applicationContextIdFilter': no URL paths identified
2016/12/12-23:53 [main] DEBUG org.springframework.web.servlet.handler.BeanNameUrlHandlerMapping- Rejected bean name 'org.springframework.boot.actuate.autoconfigure.EndpointWebMvcAutoConfiguration': no URL paths identified
2016/12/12-23:53 [main] DEBUG org.springframework.web.servlet.handler.BeanNameUrlHandlerMapping- Rejected bean name 'managementContextResolver': no URL paths identified
2016/12/12-23:53 [main] DEBUG org.springframework.web.servlet.handler.BeanNameUrlHandlerMapping- Rejected bean name 'managementServletContext': no URL paths identified
2016/12/12-23:53 [main] DEBUG org.springframework.web.servlet.handler.BeanNameUrlHandlerMapping- Rejected bean name 'org.springframework.boot.actuate.autoconfigure.MetricExportAutoConfiguration$MetricExportPropertiesConfiguration': no URL paths identified
2016/12/12-23:53 [main] DEBUG org.springframework.web.servlet.handler.BeanNameUrlHandlerMapping- Rejected bean name 'spring.metrics.export-org.springframework.boot.actuate.metrics.export.MetricExportProperties': no URL paths identified
2016/12/12-23:53 [main] DEBUG org.springframework.web.servlet.handler.BeanNameUrlHandlerMapping- Rejected bean name 'org.springframework.boot.actuate.autoconfigure.MetricExportAutoConfiguration$StatsdConfiguration': no URL paths identified
2016/12/12-23:53 [main] DEBUG org.springframework.web.servlet.handler.BeanNameUrlHandlerMapping- Rejected bean name 'org.springframework.scheduling.annotation.SchedulingConfiguration': no URL paths identified
2016/12/12-23:53 [main] DEBUG org.springframework.web.servlet.handler.BeanNameUrlHandlerMapping- Rejected bean name 'org.springframework.context.annotation.internalScheduledAnnotationProcessor': no URL paths identified
2016/12/12-23:53 [main] DEBUG org.springframework.web.servlet.handler.BeanNameUrlHandlerMapping- Rejected bean name 'org.springframework.boot.actuate.autoconfigure.MetricExportAutoConfiguration': no URL paths identified
2016/12/12-23:53 [main] DEBUG org.springframework.web.servlet.handler.BeanNameUrlHandlerMapping- Rejected bean name 'metricWritersMetricExporter': no URL paths identified
2016/12/12-23:53 [main] DEBUG org.springframework.web.servlet.handler.BeanNameUrlHandlerMapping- Rejected bean name 'org.springframework.boot.actuate.autoconfigure.MetricFilterAutoConfiguration': no URL paths identified
2016/12/12-23:53 [main] DEBUG org.springframework.web.servlet.handler.BeanNameUrlHandlerMapping- Rejected bean name 'metricsFilter': no URL paths identified
2016/12/12-23:53 [main] DEBUG org.springframework.web.servlet.handler.BeanNameUrlHandlerMapping- Rejected bean name 'endpoints.metrics.filter-org.springframework.boot.actuate.autoconfigure.MetricFilterProperties': no URL paths identified
2016/12/12-23:53 [main] DEBUG org.springframework.web.servlet.handler.BeanNameUrlHandlerMapping- Rejected bean name 'org.springframework.boot.actuate.autoconfigure.TraceRepositoryAutoConfiguration': no URL paths identified
2016/12/12-23:53 [main] DEBUG org.springframework.web.servlet.handler.BeanNameUrlHandlerMapping- Rejected bean name 'traceRepository': no URL paths identified
2016/12/12-23:53 [main] DEBUG org.springframework.web.servlet.handler.BeanNameUrlHandlerMapping- Rejected bean name 'org.springframework.boot.actuate.autoconfigure.TraceWebFilterAutoConfiguration': no URL paths identified
2016/12/12-23:53 [main] DEBUG org.springframework.web.servlet.handler.BeanNameUrlHandlerMapping- Rejected bean name 'webRequestLoggingFilter': no URL paths identified
2016/12/12-23:53 [main] DEBUG org.springframework.web.servlet.handler.BeanNameUrlHandlerMapping- Rejected bean name 'management.trace-org.springframework.boot.actuate.trace.TraceProperties': no URL paths identified
2016/12/12-23:53 [main] DEBUG org.springframework.web.servlet.handler.BeanNameUrlHandlerMapping- Rejected bean name 'org.springframework.boot.autoconfigure.aop.AopAutoConfiguration$JdkDynamicAutoProxyConfiguration': no URL paths identified
2016/12/12-23:53 [main] DEBUG org.springframework.web.servlet.handler.BeanNameUrlHandlerMapping- Rejected bean name 'org.springframework.aop.config.internalAutoProxyCreator': no URL paths identified
2016/12/12-23:53 [main] DEBUG org.springframework.web.servlet.handler.BeanNameUrlHandlerMapping- Rejected bean name 'org.springframework.boot.autoconfigure.aop.AopAutoConfiguration': no URL paths identified
2016/12/12-23:53 [main] DEBUG org.springframework.web.servlet.handler.BeanNameUrlHandlerMapping- Rejected bean name 'org.springframework.boot.autoconfigure.context.ConfigurationPropertiesAutoConfiguration': no URL paths identified
2016/12/12-23:53 [main] DEBUG org.springframework.web.servlet.handler.BeanNameUrlHandlerMapping- Rejected bean name 'org.springframework.boot.autoconfigure.dao.PersistenceExceptionTranslationAutoConfiguration': no URL paths identified
2016/12/12-23:53 [main] DEBUG org.springframework.web.servlet.handler.BeanNameUrlHandlerMapping- Rejected bean name 'persistenceExceptionTranslationPostProcessor': no URL paths identified
2016/12/12-23:53 [main] DEBUG org.springframework.web.servlet.handler.BeanNameUrlHandlerMapping- Rejected bean name 'org.springframework.boot.autoconfigure.data.jpa.JpaRepositoriesAutoConfiguration': no URL paths identified
2016/12/12-23:53 [main] DEBUG org.springframework.web.servlet.handler.BeanNameUrlHandlerMapping- Rejected bean name 'org.springframework.data.repository.core.support.RepositoryFactoryBeanSupport_Predictor': no URL paths identified
2016/12/12-23:53 [main] DEBUG org.springframework.web.servlet.handler.BeanNameUrlHandlerMapping- Rejected bean name 'emBeanDefinitionRegistrarPostProcessor': no URL paths identified
2016/12/12-23:53 [main] DEBUG org.springframework.web.servlet.handler.BeanNameUrlHandlerMapping- Rejected bean name 'jpaMappingContext': no URL paths identified
2016/12/12-23:53 [main] DEBUG org.springframework.web.servlet.handler.BeanNameUrlHandlerMapping- Rejected bean name 'jpaContext': no URL paths identified
2016/12/12-23:53 [main] DEBUG org.springframework.web.servlet.handler.BeanNameUrlHandlerMapping- Rejected bean name 'userDao': no URL paths identified
2016/12/12-23:53 [main] DEBUG org.springframework.web.servlet.handler.BeanNameUrlHandlerMapping- Rejected bean name 'org.springframework.boot.autoconfigure.data.redis.RedisRepositoriesAutoConfiguration': no URL paths identified
2016/12/12-23:53 [main] DEBUG org.springframework.web.servlet.handler.BeanNameUrlHandlerMapping- Rejected bean name 'keyValueMappingContext': no URL paths identified
2016/12/12-23:53 [main] DEBUG org.springframework.web.servlet.handler.BeanNameUrlHandlerMapping- Rejected bean name 'redisCustomConversions': no URL paths identified
2016/12/12-23:53 [main] DEBUG org.springframework.web.servlet.handler.BeanNameUrlHandlerMapping- Rejected bean name 'redisReferenceResolver': no URL paths identified
2016/12/12-23:53 [main] DEBUG org.springframework.web.servlet.handler.BeanNameUrlHandlerMapping- Rejected bean name 'redisConverter': no URL paths identified
2016/12/12-23:53 [main] DEBUG org.springframework.web.servlet.handler.BeanNameUrlHandlerMapping- Rejected bean name 'redisKeyValueAdapter': no URL paths identified
2016/12/12-23:53 [main] DEBUG org.springframework.web.servlet.handler.BeanNameUrlHandlerMapping- Rejected bean name 'redisKeyValueTemplate': no URL paths identified
2016/12/12-23:53 [main] DEBUG org.springframework.web.servlet.handler.BeanNameUrlHandlerMapping- Rejected bean name 'org.springframework.data.web.config.SpringDataWebConfiguration': no URL paths identified
2016/12/12-23:53 [main] DEBUG org.springframework.web.servlet.handler.BeanNameUrlHandlerMapping- Rejected bean name 'pageableResolver': no URL paths identified
2016/12/12-23:53 [main] DEBUG org.springframework.web.servlet.handler.BeanNameUrlHandlerMapping- Rejected bean name 'sortResolver': no URL paths identified
2016/12/12-23:53 [main] DEBUG org.springframework.web.servlet.handler.BeanNameUrlHandlerMapping- Rejected bean name 'org.springframework.data.web.config.SpringDataJacksonConfiguration': no URL paths identified
2016/12/12-23:53 [main] DEBUG org.springframework.web.servlet.handler.BeanNameUrlHandlerMapping- Rejected bean name 'jacksonGeoModule': no URL paths identified
2016/12/12-23:53 [main] DEBUG org.springframework.web.servlet.handler.BeanNameUrlHandlerMapping- Rejected bean name 'org.springframework.boot.autoconfigure.data.web.SpringDataWebAutoConfiguration': no URL paths identified
2016/12/12-23:53 [main] DEBUG org.springframework.web.servlet.handler.BeanNameUrlHandlerMapping- Rejected bean name 'org.springframework.transaction.annotation.ProxyTransactionManagementConfiguration': no URL paths identified
2016/12/12-23:53 [main] DEBUG org.springframework.web.servlet.handler.BeanNameUrlHandlerMapping- Rejected bean name 'org.springframework.transaction.config.internalTransactionAdvisor': no URL paths identified
2016/12/12-23:53 [main] DEBUG org.springframework.web.servlet.handler.BeanNameUrlHandlerMapping- Rejected bean name 'transactionAttributeSource': no URL paths identified
2016/12/12-23:53 [main] DEBUG org.springframework.web.servlet.handler.BeanNameUrlHandlerMapping- Rejected bean name 'transactionInterceptor': no URL paths identified
2016/12/12-23:53 [main] DEBUG org.springframework.web.servlet.handler.BeanNameUrlHandlerMapping- Rejected bean name 'org.springframework.transaction.config.internalTransactionalEventListenerFactory': no URL paths identified
2016/12/12-23:53 [main] DEBUG org.springframework.web.servlet.handler.BeanNameUrlHandlerMapping- Rejected bean name 'org.springframework.boot.autoconfigure.jdbc.DataSourceTransactionManagerAutoConfiguration$TransactionManagementConfiguration': no URL paths identified
2016/12/12-23:53 [main] DEBUG org.springframework.web.servlet.handler.BeanNameUrlHandlerMapping- Rejected bean name 'org.springframework.boot.autoconfigure.jdbc.DataSourceTransactionManagerAutoConfiguration$DataSourceTransactionManagerConfiguration': no URL paths identified
2016/12/12-23:53 [main] DEBUG org.springframework.web.servlet.handler.BeanNameUrlHandlerMapping- Rejected bean name 'org.springframework.boot.autoconfigure.jdbc.DataSourceTransactionManagerAutoConfiguration': no URL paths identified
2016/12/12-23:53 [main] DEBUG org.springframework.web.servlet.handler.BeanNameUrlHandlerMapping- Rejected bean name 'org.springframework.boot.autoconfigure.jdbc.JdbcTemplateAutoConfiguration': no URL paths identified
2016/12/12-23:53 [main] DEBUG org.springframework.web.servlet.handler.BeanNameUrlHandlerMapping- Rejected bean name 'jdbcTemplate': no URL paths identified
2016/12/12-23:53 [main] DEBUG org.springframework.web.servlet.handler.BeanNameUrlHandlerMapping- Rejected bean name 'namedParameterJdbcTemplate': no URL paths identified
2016/12/12-23:53 [main] DEBUG org.springframework.web.servlet.handler.BeanNameUrlHandlerMapping- Rejected bean name 'org.springframework.boot.autoconfigure.transaction.TransactionAutoConfiguration': no URL paths identified
2016/12/12-23:53 [main] DEBUG org.springframework.web.servlet.handler.BeanNameUrlHandlerMapping- Rejected bean name 'transactionTemplate': no URL paths identified
2016/12/12-23:53 [main] DEBUG org.springframework.web.servlet.handler.BeanNameUrlHandlerMapping- Rejected bean name 'org.springframework.boot.autoconfigure.web.HttpEncodingAutoConfiguration': no URL paths identified
2016/12/12-23:53 [main] DEBUG org.springframework.web.servlet.handler.BeanNameUrlHandlerMapping- Rejected bean name 'characterEncodingFilter': no URL paths identified
2016/12/12-23:53 [main] DEBUG org.springframework.web.servlet.handler.BeanNameUrlHandlerMapping- Rejected bean name 'localeCharsetMappingsCustomizer': no URL paths identified
2016/12/12-23:53 [main] DEBUG org.springframework.web.servlet.handler.BeanNameUrlHandlerMapping- Rejected bean name 'org.springframework.boot.autoconfigure.web.MultipartAutoConfiguration': no URL paths identified
2016/12/12-23:53 [main] DEBUG org.springframework.web.servlet.handler.BeanNameUrlHandlerMapping- Rejected bean name 'multipartConfigElement': no URL paths identified
2016/12/12-23:53 [main] DEBUG org.springframework.web.servlet.handler.BeanNameUrlHandlerMapping- Rejected bean name 'multipartResolver': no URL paths identified
2016/12/12-23:53 [main] DEBUG org.springframework.web.servlet.handler.BeanNameUrlHandlerMapping- Rejected bean name 'spring.http.multipart-org.springframework.boot.autoconfigure.web.MultipartProperties': no URL paths identified
2016/12/12-23:53 [main] DEBUG org.springframework.web.servlet.handler.BeanNameUrlHandlerMapping- Rejected bean name 'org.springframework.boot.autoconfigure.web.WebClientAutoConfiguration$RestTemplateConfiguration': no URL paths identified
2016/12/12-23:53 [main] DEBUG org.springframework.web.servlet.handler.BeanNameUrlHandlerMapping- Rejected bean name 'restTemplateBuilder': no URL paths identified
2016/12/12-23:53 [main] DEBUG org.springframework.web.servlet.handler.BeanNameUrlHandlerMapping- Rejected bean name 'org.springframework.boot.autoconfigure.web.WebClientAutoConfiguration': no URL paths identified
2016/12/12-23:53 [main] DEBUG org.springframework.web.servlet.handler.BeanNameUrlHandlerMapping- Rejected bean name 'org.springframework.boot.starter.redis.RedisStarterDeprecationWarningAutoConfiguration': no URL paths identified
2016/12/12-23:53 [main] DEBUG org.springframework.web.servlet.handler.BeanNameUrlHandlerMapping- Rejected bean name 'org.springframework.orm.jpa.SharedEntityManagerCreator#0': no URL paths identified
2016/12/12-23:53 [main] DEBUG org.springframework.web.servlet.handler.BeanNameUrlHandlerMapping- Rejected bean name 'autoConfigurationReport': no URL paths identified
2016/12/12-23:53 [main] DEBUG org.springframework.web.servlet.handler.BeanNameUrlHandlerMapping- Rejected bean name 'springApplicationArguments': no URL paths identified
2016/12/12-23:53 [main] DEBUG org.springframework.web.servlet.handler.BeanNameUrlHandlerMapping- Rejected bean name 'springBootBanner': no URL paths identified
2016/12/12-23:53 [main] DEBUG org.springframework.web.servlet.handler.BeanNameUrlHandlerMapping- Rejected bean name 'springBootLoggingSystem': no URL paths identified
2016/12/12-23:53 [main] DEBUG org.springframework.web.servlet.handler.BeanNameUrlHandlerMapping- Rejected bean name 'environment': no URL paths identified
2016/12/12-23:53 [main] DEBUG org.springframework.web.servlet.handler.BeanNameUrlHandlerMapping- Rejected bean name 'systemProperties': no URL paths identified
2016/12/12-23:53 [main] DEBUG org.springframework.web.servlet.handler.BeanNameUrlHandlerMapping- Rejected bean name 'systemEnvironment': no URL paths identified
2016/12/12-23:53 [main] DEBUG org.springframework.web.servlet.handler.BeanNameUrlHandlerMapping- Rejected bean name 'org.springframework.context.annotation.ConfigurationClassPostProcessor.importRegistry': no URL paths identified
2016/12/12-23:53 [main] DEBUG org.springframework.web.servlet.handler.BeanNameUrlHandlerMapping- Rejected bean name 'messageSource': no URL paths identified
2016/12/12-23:53 [main] DEBUG org.springframework.web.servlet.handler.BeanNameUrlHandlerMapping- Rejected bean name 'applicationEventMulticaster': no URL paths identified
2016/12/12-23:53 [main] DEBUG org.springframework.web.servlet.handler.BeanNameUrlHandlerMapping- Rejected bean name 'servletContext': no URL paths identified
2016/12/12-23:53 [main] DEBUG org.springframework.web.servlet.handler.BeanNameUrlHandlerMapping- Rejected bean name 'contextParameters': no URL paths identified
2016/12/12-23:53 [main] DEBUG org.springframework.web.servlet.handler.BeanNameUrlHandlerMapping- Rejected bean name 'contextAttributes': no URL paths identified
2016/12/12-23:53 [main] INFO  org.springframework.web.servlet.handler.SimpleUrlHandlerMapping- Mapped URL path [/webjars/**] onto handler of type [class org.springframework.web.servlet.resource.ResourceHttpRequestHandler]
2016/12/12-23:53 [main] INFO  org.springframework.web.servlet.handler.SimpleUrlHandlerMapping- Mapped URL path [/**] onto handler of type [class org.springframework.web.servlet.resource.ResourceHttpRequestHandler]
2016/12/12-23:53 [main] DEBUG org.springframework.web.servlet.mvc.method.annotation.ExceptionHandlerExceptionResolver- Looking for exception mappings: org.springframework.boot.context.embedded.AnnotationConfigEmbeddedWebApplicationContext@72967906: startup date [Mon Dec 12 23:53:36 CST 2016]; root of context hierarchy
2016/12/12-23:53 [main] INFO  org.springframework.web.servlet.mvc.method.annotation.ExceptionHandlerExceptionResolver- Detected @ExceptionHandler methods in globalExceptionHandler
2016/12/12-23:53 [main] INFO  org.springframework.web.servlet.handler.SimpleUrlHandlerMapping- Mapped URL path [/**/favicon.ico] onto handler of type [class org.springframework.web.servlet.resource.ResourceHttpRequestHandler]
2016/12/12-23:53 [main] WARN  org.springframework.boot.starter.redis.RedisStarterDeprecationWarningAutoConfiguration- spring-boot-starter-redis is deprecated as of Spring Boot 1.4, please migrate to spring-boot-starter-data-redis
2016/12/12-23:53 [main] DEBUG org.springframework.web.context.support.StandardServletEnvironment- Adding [Management Server] PropertySource with lowest search precedence
2016/12/12-23:53 [main] DEBUG org.springframework.web.servlet.resource.ResourceUrlProvider- Looking for resource handler mappings
2016/12/12-23:53 [main] DEBUG org.springframework.web.servlet.resource.ResourceUrlProvider- Found resource handler mapping: URL pattern="/**/favicon.ico", locations=[ServletContext resource [/], class path resource [META-INF/resources/], class path resource [resources/], class path resource [static/], class path resource [public/], class path resource []], resolvers=[org.springframework.web.servlet.resource.PathResourceResolver@2ac3d530]
2016/12/12-23:53 [main] DEBUG org.springframework.web.servlet.resource.ResourceUrlProvider- Found resource handler mapping: URL pattern="/webjars/**", locations=[class path resource [META-INF/resources/webjars/]], resolvers=[org.springframework.web.servlet.resource.PathResourceResolver@3a5e4f32]
2016/12/12-23:53 [main] DEBUG org.springframework.web.servlet.resource.ResourceUrlProvider- Found resource handler mapping: URL pattern="/**", locations=[ServletContext resource [/], class path resource [META-INF/resources/], class path resource [resources/], class path resource [static/], class path resource [public/]], resolvers=[org.springframework.web.servlet.resource.PathResourceResolver@2b0494a8]
2016/12/12-23:53 [main] DEBUG org.springframework.web.context.support.StandardServletEnvironment- Adding [server.ports] PropertySource with highest search precedence
2016/12/12-23:54 [main] INFO  com.weixk.helloworld.Application- Starting Application on weixiaokangdeMacBook-Pro.local with PID 771 (/Users/www1/IdeaProjects/HelloWorld/target/classes started by www1 in /Users/www1/IdeaProjects/HelloWorld)
2016/12/12-23:54 [main] INFO  com.weixk.helloworld.Application- No active profile set, falling back to default profiles: default
2016/12/12-23:55 [main] INFO  org.springframework.boot.context.embedded.AnnotationConfigEmbeddedWebApplicationContext- Refreshing org.springframework.boot.context.embedded.AnnotationConfigEmbeddedWebApplicationContext@72967906: startup date [Mon Dec 12 23:55:00 CST 2016]; root of context hierarchy
2016/12/12-23:55 [main] INFO  org.springframework.data.repository.config.RepositoryConfigurationDelegate- Multiple Spring Data modules found, entering strict repository configuration mode!
2016/12/12-23:55 [main] INFO  org.springframework.data.repository.config.RepositoryConfigurationDelegate- Multiple Spring Data modules found, entering strict repository configuration mode!
2016/12/12-23:55 [main] INFO  org.springframework.data.repository.config.RepositoryConfigurationExtensionSupport- Spring Data Redis - Could not safely identify store assignment for repository candidate interface com.weixk.helloworld.domain.UserDao.
2016/12/12-23:55 [main] INFO  org.springframework.context.support.PostProcessorRegistrationDelegate$BeanPostProcessorChecker- Bean 'application' of type [class com.weixk.helloworld.Application$$EnhancerBySpringCGLIB$$6eb123c0] is not eligible for getting processed by all BeanPostProcessors (for example: not eligible for auto-proxying)
2016/12/12-23:55 [main] INFO  org.springframework.context.support.PostProcessorRegistrationDelegate$BeanPostProcessorChecker- Bean 'org.springframework.transaction.annotation.ProxyTransactionManagementConfiguration' of type [class org.springframework.transaction.annotation.ProxyTransactionManagementConfiguration$$EnhancerBySpringCGLIB$$79c7eb8c] is not eligible for getting processed by all BeanPostProcessors (for example: not eligible for auto-proxying)
2016/12/12-23:55 [main] INFO  org.springframework.boot.context.embedded.tomcat.TomcatEmbeddedServletContainer- Tomcat initialized with port(s): 8080 (http)
2016/12/12-23:55 [main] INFO  org.apache.catalina.core.StandardService- Starting service Tomcat
2016/12/12-23:55 [main] INFO  org.apache.catalina.core.StandardEngine- Starting Servlet Engine: Apache Tomcat/8.5.6
2016/12/12-23:55 [localhost-startStop-1] INFO  org.apache.catalina.core.ContainerBase.[Tomcat].[localhost].[/]- Initializing Spring embedded WebApplicationContext
2016/12/12-23:55 [localhost-startStop-1] INFO  org.springframework.web.context.ContextLoader- Root WebApplicationContext: initialization completed in 3514 ms
2016/12/12-23:55 [localhost-startStop-1] INFO  org.springframework.boot.web.servlet.FilterRegistrationBean- Mapping filter: 'metricsFilter' to: [/*]
2016/12/12-23:55 [localhost-startStop-1] INFO  org.springframework.boot.web.servlet.FilterRegistrationBean- Mapping filter: 'characterEncodingFilter' to: [/*]
2016/12/12-23:55 [localhost-startStop-1] INFO  org.springframework.boot.web.servlet.FilterRegistrationBean- Mapping filter: 'hiddenHttpMethodFilter' to: [/*]
2016/12/12-23:55 [localhost-startStop-1] INFO  org.springframework.boot.web.servlet.FilterRegistrationBean- Mapping filter: 'httpPutFormContentFilter' to: [/*]
2016/12/12-23:55 [localhost-startStop-1] INFO  org.springframework.boot.web.servlet.FilterRegistrationBean- Mapping filter: 'requestContextFilter' to: [/*]
2016/12/12-23:55 [localhost-startStop-1] INFO  org.springframework.boot.web.servlet.FilterRegistrationBean- Mapping filter: 'webRequestLoggingFilter' to: [/*]
2016/12/12-23:55 [localhost-startStop-1] INFO  org.springframework.boot.web.servlet.FilterRegistrationBean- Mapping filter: 'validator' to urls: [/valid/*]
2016/12/12-23:55 [localhost-startStop-1] INFO  org.springframework.boot.web.servlet.FilterRegistrationBean- Mapping filter: 'applicationContextIdFilter' to: [/*]
2016/12/12-23:55 [localhost-startStop-1] INFO  org.springframework.boot.web.servlet.ServletRegistrationBean- Mapping servlet: 'dispatcherServlet' to [/]
2016/12/12-23:55 [localhost-startStop-1] INFO  com.weixk.helloworld.filter.ValidatorFilter- ValidatorFilter
2016/12/12-23:55 [main] INFO  org.springframework.orm.jpa.LocalContainerEntityManagerFactoryBean- Building JPA container EntityManagerFactory for persistence unit 'default'
2016/12/12-23:55 [main] INFO  org.hibernate.jpa.internal.util.LogHelper- HHH000204: Processing PersistenceUnitInfo [
	name: default
	...]
2016/12/12-23:55 [main] INFO  org.hibernate.Version- HHH000412: Hibernate Core {5.0.11.Final}
2016/12/12-23:55 [main] INFO  org.hibernate.cfg.Environment- HHH000206: hibernate.properties not found
2016/12/12-23:55 [main] INFO  org.hibernate.cfg.Environment- HHH000021: Bytecode provider name : javassist
2016/12/12-23:55 [main] INFO  org.hibernate.annotations.common.Version- HCANN000001: Hibernate Commons Annotations {5.0.1.Final}
2016/12/12-23:55 [main] INFO  org.hibernate.dialect.Dialect- HHH000400: Using dialect: org.hibernate.dialect.MySQL5Dialect
2016/12/12-23:55 [main] INFO  org.hibernate.tool.hbm2ddl.SchemaUpdate- HHH000228: Running hbm2ddl schema update
2016/12/12-23:55 [main] INFO  org.springframework.orm.jpa.LocalContainerEntityManagerFactoryBean- Initialized JPA EntityManagerFactory for persistence unit 'default'
2016/12/12-23:55 [main] INFO  org.hibernate.hql.internal.QueryTranslatorFactoryInitiator- HHH000397: Using ASTQueryTranslatorFactory
2016/12/12-23:55 [main] INFO  org.springframework.web.servlet.mvc.method.annotation.RequestMappingHandlerAdapter- Looking for @ControllerAdvice: org.springframework.boot.context.embedded.AnnotationConfigEmbeddedWebApplicationContext@72967906: startup date [Mon Dec 12 23:55:00 CST 2016]; root of context hierarchy
2016/12/12-23:55 [main] INFO  org.springframework.web.servlet.mvc.method.annotation.RequestMappingHandlerMapping- Mapped "{[/email/send]}" onto public void com.weixk.helloworld.web.EmailController.send(com.weixk.helloworld.domain.Email)
2016/12/12-23:55 [main] INFO  org.springframework.web.servlet.mvc.method.annotation.RequestMappingHandlerMapping- Mapped "{[/],methods=[GET]}" onto public java.lang.String com.weixk.helloworld.web.IndexController.index()
2016/12/12-23:55 [main] INFO  org.springframework.web.servlet.mvc.method.annotation.RequestMappingHandlerMapping- Mapped "{[/redis/add]}" onto public java.lang.String com.weixk.helloworld.web.RedisController.add(java.lang.String,java.lang.String)
2016/12/12-23:55 [main] INFO  org.springframework.web.servlet.mvc.method.annotation.RequestMappingHandlerMapping- Mapped "{[/redis/find]}" onto public java.lang.String com.weixk.helloworld.web.RedisController.find(java.lang.String)
2016/12/12-23:55 [main] INFO  org.springframework.web.servlet.mvc.method.annotation.RequestMappingHandlerMapping- Mapped "{[/user/register],methods=[POST]}" onto public com.weixk.helloworld.domain.Result<com.weixk.helloworld.domain.User> com.weixk.helloworld.web.UserController.register(com.weixk.helloworld.domain.UserResgiter)
2016/12/12-23:55 [main] INFO  org.springframework.web.servlet.mvc.method.annotation.RequestMappingHandlerMapping- Mapped "{[/user/{id}]}" onto public com.weixk.helloworld.domain.Result<com.weixk.helloworld.domain.User> com.weixk.helloworld.web.UserController.getUserByIdFromPath(long)
2016/12/12-23:55 [main] INFO  org.springframework.web.servlet.mvc.method.annotation.RequestMappingHandlerMapping- Mapped "{[/user/user_id={id}]}" onto public com.weixk.helloworld.domain.Result<com.weixk.helloworld.domain.User> com.weixk.helloworld.web.UserController.getUserByIdFromPathWithKey(long)
2016/12/12-23:55 [main] INFO  org.springframework.web.servlet.mvc.method.annotation.RequestMappingHandlerMapping- Mapped "{[/user/find-user]}" onto public com.weixk.helloworld.domain.Result<com.weixk.helloworld.domain.User> com.weixk.helloworld.web.UserController.getUserByIdFromQueryParam(java.lang.Long)
2016/12/12-23:55 [main] INFO  org.springframework.web.servlet.mvc.method.annotation.RequestMappingHandlerMapping- Mapped "{[/user/find-by-name]}" onto public com.weixk.helloworld.domain.Result<java.util.List<com.weixk.helloworld.domain.User>> com.weixk.helloworld.web.UserController.getUserByName(java.lang.String)
2016/12/12-23:55 [main] INFO  org.springframework.web.servlet.mvc.method.annotation.RequestMappingHandlerMapping- Mapped "{[/user/find-by-n]}" onto public com.weixk.helloworld.domain.Result<java.util.List<com.weixk.helloworld.domain.User>> com.weixk.helloworld.web.UserController.getUserByN(java.lang.String)
2016/12/12-23:55 [main] INFO  org.springframework.web.servlet.mvc.method.annotation.RequestMappingHandlerMapping- Mapped "{[/user/find-by-e]}" onto public com.weixk.helloworld.domain.Result<java.util.List<com.weixk.helloworld.domain.User>> com.weixk.helloworld.web.UserController.getUserByE(java.lang.String)
2016/12/12-23:55 [main] INFO  org.springframework.web.servlet.mvc.method.annotation.RequestMappingHandlerMapping- Mapped "{[/user/find-by-ne]}" onto public com.weixk.helloworld.domain.Result<java.util.List<com.weixk.helloworld.domain.User>> com.weixk.helloworld.web.UserController.getUserByE(java.lang.String,java.lang.String)
2016/12/12-23:55 [main] INFO  org.springframework.web.servlet.mvc.method.annotation.RequestMappingHandlerMapping- Mapped "{[/user/post-user],methods=[POST]}" onto public com.weixk.helloworld.domain.Result<com.weixk.helloworld.domain.User> com.weixk.helloworld.web.UserController.postUser(com.weixk.helloworld.domain.User,org.springframework.validation.BindingResult)
2016/12/12-23:55 [main] INFO  org.springframework.web.servlet.mvc.method.annotation.RequestMappingHandlerMapping- Mapped "{[/user/login],methods=[POST]}" onto public com.weixk.helloworld.domain.Result<com.weixk.helloworld.domain.User> com.weixk.helloworld.web.UserController.login(com.weixk.helloworld.domain.UserLogin)
2016/12/12-23:55 [main] INFO  org.springframework.web.servlet.mvc.method.annotation.RequestMappingHandlerMapping- Mapped "{[/valid/post-user],methods=[POST]}" onto public com.weixk.helloworld.domain.Result<com.weixk.helloworld.domain.User> com.weixk.helloworld.web.ValidatorController.postUser(com.weixk.helloworld.domain.User)
2016/12/12-23:55 [main] INFO  org.springframework.web.servlet.mvc.method.annotation.RequestMappingHandlerMapping- Mapped "{[/error]}" onto public org.springframework.http.ResponseEntity<java.util.Map<java.lang.String, java.lang.Object>> org.springframework.boot.autoconfigure.web.BasicErrorController.error(javax.servlet.http.HttpServletRequest)
2016/12/12-23:55 [main] INFO  org.springframework.web.servlet.mvc.method.annotation.RequestMappingHandlerMapping- Mapped "{[/error],produces=[text/html]}" onto public org.springframework.web.servlet.ModelAndView org.springframework.boot.autoconfigure.web.BasicErrorController.errorHtml(javax.servlet.http.HttpServletRequest,javax.servlet.http.HttpServletResponse)
2016/12/12-23:55 [main] INFO  org.springframework.web.servlet.handler.SimpleUrlHandlerMapping- Mapped URL path [/webjars/**] onto handler of type [class org.springframework.web.servlet.resource.ResourceHttpRequestHandler]
2016/12/12-23:55 [main] INFO  org.springframework.web.servlet.handler.SimpleUrlHandlerMapping- Mapped URL path [/**] onto handler of type [class org.springframework.web.servlet.resource.ResourceHttpRequestHandler]
2016/12/12-23:55 [main] INFO  org.springframework.web.servlet.mvc.method.annotation.ExceptionHandlerExceptionResolver- Detected @ExceptionHandler methods in globalExceptionHandler
2016/12/12-23:55 [main] INFO  org.springframework.web.servlet.handler.SimpleUrlHandlerMapping- Mapped URL path [/**/favicon.ico] onto handler of type [class org.springframework.web.servlet.resource.ResourceHttpRequestHandler]
2016/12/12-23:55 [main] INFO  org.springframework.boot.actuate.endpoint.mvc.EndpointHandlerMapping- Mapped "{[/env/{name:.*}],methods=[GET],produces=[application/json]}" onto public java.lang.Object org.springframework.boot.actuate.endpoint.mvc.EnvironmentMvcEndpoint.value(java.lang.String)
2016/12/12-23:55 [main] INFO  org.springframework.boot.actuate.endpoint.mvc.EndpointHandlerMapping- Mapped "{[/env || /env.json],methods=[GET],produces=[application/json]}" onto public java.lang.Object org.springframework.boot.actuate.endpoint.mvc.EndpointMvcAdapter.invoke()
2016/12/12-23:55 [main] INFO  org.springframework.boot.actuate.endpoint.mvc.EndpointHandlerMapping- Mapped "{[/metrics/{name:.*}],methods=[GET],produces=[application/json]}" onto public java.lang.Object org.springframework.boot.actuate.endpoint.mvc.MetricsMvcEndpoint.value(java.lang.String)
2016/12/12-23:55 [main] INFO  org.springframework.boot.actuate.endpoint.mvc.EndpointHandlerMapping- Mapped "{[/metrics || /metrics.json],methods=[GET],produces=[application/json]}" onto public java.lang.Object org.springframework.boot.actuate.endpoint.mvc.EndpointMvcAdapter.invoke()
2016/12/12-23:55 [main] INFO  org.springframework.boot.actuate.endpoint.mvc.EndpointHandlerMapping- Mapped "{[/mappings || /mappings.json],methods=[GET],produces=[application/json]}" onto public java.lang.Object org.springframework.boot.actuate.endpoint.mvc.EndpointMvcAdapter.invoke()
2016/12/12-23:55 [main] INFO  org.springframework.boot.actuate.endpoint.mvc.EndpointHandlerMapping- Mapped "{[/heapdump || /heapdump.json],methods=[GET],produces=[application/octet-stream]}" onto public void org.springframework.boot.actuate.endpoint.mvc.HeapdumpMvcEndpoint.invoke(boolean,javax.servlet.http.HttpServletRequest,javax.servlet.http.HttpServletResponse) throws java.io.IOException,javax.servlet.ServletException
2016/12/12-23:55 [main] INFO  org.springframework.boot.actuate.endpoint.mvc.EndpointHandlerMapping- Mapped "{[/autoconfig || /autoconfig.json],methods=[GET],produces=[application/json]}" onto public java.lang.Object org.springframework.boot.actuate.endpoint.mvc.EndpointMvcAdapter.invoke()
2016/12/12-23:55 [main] INFO  org.springframework.boot.actuate.endpoint.mvc.EndpointHandlerMapping- Mapped "{[/configprops || /configprops.json],methods=[GET],produces=[application/json]}" onto public java.lang.Object org.springframework.boot.actuate.endpoint.mvc.EndpointMvcAdapter.invoke()
2016/12/12-23:55 [main] INFO  org.springframework.boot.actuate.endpoint.mvc.EndpointHandlerMapping- Mapped "{[/info || /info.json],methods=[GET],produces=[application/json]}" onto public java.lang.Object org.springframework.boot.actuate.endpoint.mvc.EndpointMvcAdapter.invoke()
2016/12/12-23:55 [main] INFO  org.springframework.boot.actuate.endpoint.mvc.EndpointHandlerMapping- Mapped "{[/beans || /beans.json],methods=[GET],produces=[application/json]}" onto public java.lang.Object org.springframework.boot.actuate.endpoint.mvc.EndpointMvcAdapter.invoke()
2016/12/12-23:55 [main] INFO  org.springframework.boot.actuate.endpoint.mvc.EndpointHandlerMapping- Mapped "{[/logfile || /logfile.json],methods=[GET || HEAD]}" onto public void org.springframework.boot.actuate.endpoint.mvc.LogFileMvcEndpoint.invoke(javax.servlet.http.HttpServletRequest,javax.servlet.http.HttpServletResponse) throws javax.servlet.ServletException,java.io.IOException
2016/12/12-23:55 [main] INFO  org.springframework.boot.actuate.endpoint.mvc.EndpointHandlerMapping- Mapped "{[/dump || /dump.json],methods=[GET],produces=[application/json]}" onto public java.lang.Object org.springframework.boot.actuate.endpoint.mvc.EndpointMvcAdapter.invoke()
2016/12/12-23:55 [main] INFO  org.springframework.boot.actuate.endpoint.mvc.EndpointHandlerMapping- Mapped "{[/health || /health.json],produces=[application/json]}" onto public java.lang.Object org.springframework.boot.actuate.endpoint.mvc.HealthMvcEndpoint.invoke(java.security.Principal)
2016/12/12-23:55 [main] INFO  org.springframework.boot.actuate.endpoint.mvc.EndpointHandlerMapping- Mapped "{[/trace || /trace.json],methods=[GET],produces=[application/json]}" onto public java.lang.Object org.springframework.boot.actuate.endpoint.mvc.EndpointMvcAdapter.invoke()
2016/12/12-23:55 [main] WARN  org.springframework.boot.starter.redis.RedisStarterDeprecationWarningAutoConfiguration- spring-boot-starter-redis is deprecated as of Spring Boot 1.4, please migrate to spring-boot-starter-data-redis
2016/12/12-23:55 [main] INFO  org.springframework.jmx.export.annotation.AnnotationMBeanExporter- Registering beans for JMX exposure on startup
2016/12/12-23:55 [main] INFO  org.springframework.context.support.DefaultLifecycleProcessor- Starting beans in phase 0
2016/12/12-23:55 [main] INFO  org.springframework.boot.context.embedded.tomcat.TomcatEmbeddedServletContainer- Tomcat started on port(s): 8080 (http)
2016/12/12-23:55 [main] INFO  com.weixk.helloworld.Application- Started Application in 9.407 seconds (JVM running for 10.413)
2016/12/12-23:55 [main] INFO  com.weixk.helloworld.Application- 
2016/12/12-23:56 [Thread-5] INFO  org.springframework.boot.context.embedded.AnnotationConfigEmbeddedWebApplicationContext- Closing org.springframework.boot.context.embedded.AnnotationConfigEmbeddedWebApplicationContext@72967906: startup date [Mon Dec 12 23:55:00 CST 2016]; root of context hierarchy
2016/12/12-23:56 [Thread-5] INFO  org.springframework.context.support.DefaultLifecycleProcessor- Stopping beans in phase 0
2016/12/12-23:56 [Thread-5] INFO  org.springframework.jmx.export.annotation.AnnotationMBeanExporter- Unregistering JMX-exposed beans on shutdown
2016/12/12-23:56 [Thread-5] INFO  org.springframework.orm.jpa.LocalContainerEntityManagerFactoryBean- Closing JPA EntityManagerFactory for persistence unit 'default'
2016/12/12-23:56 [localhost-startStop-2] INFO  com.weixk.helloworld.filter.ValidatorFilter- ValidatorFilter
