2016-12-27 10:04:23 [org.springframework.test.context.support.AbstractTestContextBootstrapper:319] - Neither @ContextConfiguration nor @ContextHierarchy found for test class [com.weixk.helloworld.AppTest], using SpringBootContextLoader
2016-12-27 10:04:23 [org.springframework.test.context.support.AbstractContextLoader:264] - Could not detect default resource locations for test class [com.weixk.helloworld.AppTest]: no resource found for suffixes {-context.xml, Context.groovy}.
2016-12-27 10:04:23 [org.springframework.test.context.support.AnnotationConfigContextLoaderUtils:81] - Could not detect default configuration classes for test class [com.weixk.helloworld.AppTest]: AppTest does not declare any static, non-private, non-final, nested classes annotated with @Configuration.
2016-12-27 10:04:24 [org.springframework.boot.test.context.SpringBootTestContextBootstrapper:177] - Found @SpringBootConfiguration com.weixk.helloworld.Application for test class com.weixk.helloworld.AppTest
2016-12-27 10:04:24 [org.springframework.test.context.support.AbstractTestContextBootstrapper:260] - Loaded default TestExecutionListener class names from location [META-INF/spring.factories]: [org.springframework.boot.test.mock.mockito.MockitoTestExecutionListener, org.springframework.boot.test.mock.mockito.ResetMocksTestExecutionListener, org.springframework.boot.test.autoconfigure.restdocs.RestDocsTestExecutionListener, org.springframework.boot.test.autoconfigure.web.client.MockRestServiceServerResetTestExecutionListener, org.springframework.boot.test.autoconfigure.web.servlet.MockMvcPrintOnlyOnFailureTestExecutionListener, org.springframework.boot.test.autoconfigure.web.servlet.WebDriverTestExecutionListener, org.springframework.test.context.web.ServletTestExecutionListener, org.springframework.test.context.support.DirtiesContextBeforeModesTestExecutionListener, org.springframework.test.context.support.DependencyInjectionTestExecutionListener, org.springframework.test.context.support.DirtiesContextTestExecutionListener, org.springframework.test.context.transaction.TransactionalTestExecutionListener, org.springframework.test.context.jdbc.SqlScriptsTestExecutionListener]
2016-12-27 10:04:24 [org.springframework.test.context.support.AbstractTestContextBootstrapper:187] - Using TestExecutionListeners: [org.springframework.test.context.web.ServletTestExecutionListener@35ef1869, org.springframework.test.context.support.DirtiesContextBeforeModesTestExecutionListener@c33b74f, org.springframework.boot.test.autoconfigure.SpringBootDependencyInjectionTestExecutionListener@130161f7, org.springframework.test.context.support.DirtiesContextTestExecutionListener@2c767a52, org.springframework.test.context.transaction.TransactionalTestExecutionListener@619713e5, org.springframework.test.context.jdbc.SqlScriptsTestExecutionListener@708f5957, org.springframework.boot.test.autoconfigure.web.servlet.MockMvcPrintOnlyOnFailureTestExecutionListener@68999068, org.springframework.boot.test.autoconfigure.web.client.MockRestServiceServerResetTestExecutionListener@7722c3c3, org.springframework.boot.test.autoconfigure.web.servlet.WebDriverTestExecutionListener@2ef3eef9, org.springframework.boot.test.mock.mockito.ResetMocksTestExecutionListener@243c4f91, org.springframework.boot.test.autoconfigure.restdocs.RestDocsTestExecutionListener@291ae, org.springframework.boot.test.mock.mockito.MockitoTestExecutionListener@61df66b6]
2016-12-27 10:04:25 [org.springframework.boot.StartupInfoLogger:48] - Starting AppTest on weixiaokangdeMacBook-Pro.local with PID 1069 (started by www1 in /Users/www1/IdeaProjects/HelloWorld)
2016-12-27 10:04:25 [org.springframework.boot.SpringApplication:661] - No active profile set, falling back to default profiles: default
2016-12-27 10:04:25 [org.hibernate.validator.internal.util.Version:30] - HV000001: Hibernate Validator 5.2.4.Final
2016-12-27 10:04:25 [org.springframework.context.support.AbstractApplicationContext:582] - Refreshing org.springframework.web.context.support.GenericWebApplicationContext@6a4f1a55: startup date [Tue Dec 27 10:04:25 CST 2016]; root of context hierarchy
2016-12-27 10:04:27 [org.springframework.data.repository.config.RepositoryConfigurationDelegate:170] - Multiple Spring Data modules found, entering strict repository configuration mode!
2016-12-27 10:04:27 [org.springframework.data.repository.config.RepositoryConfigurationDelegate:170] - Multiple Spring Data modules found, entering strict repository configuration mode!
2016-12-27 10:04:27 [org.springframework.data.repository.config.RepositoryConfigurationExtensionSupport:283] - Spring Data Redis - Could not safely identify store assignment for repository candidate interface com.weixk.helloworld.domain.UserDao.
2016-12-27 10:04:28 [org.springframework.context.support.PostProcessorRegistrationDelegate$BeanPostProcessorChecker:325] - Bean 'application' of type [class com.weixk.helloworld.Application$$EnhancerBySpringCGLIB$$d5b67590] is not eligible for getting processed by all BeanPostProcessors (for example: not eligible for auto-proxying)
2016-12-27 10:04:28 [org.springframework.context.support.PostProcessorRegistrationDelegate$BeanPostProcessorChecker:325] - Bean 'org.springframework.transaction.annotation.ProxyTransactionManagementConfiguration' of type [class org.springframework.transaction.annotation.ProxyTransactionManagementConfiguration$$EnhancerBySpringCGLIB$$e0cd3d5c] is not eligible for getting processed by all BeanPostProcessors (for example: not eligible for auto-proxying)
2016-12-27 10:04:29 [org.springframework.orm.jpa.LocalContainerEntityManagerFactoryBean:349] - Building JPA container EntityManagerFactory for persistence unit 'default'
2016-12-27 10:04:29 [org.hibernate.jpa.internal.util.LogHelper:31] - HHH000204: Processing PersistenceUnitInfo [
	name: default
	...]
2016-12-27 10:04:29 [org.hibernate.Version:37] - HHH000412: Hibernate Core {5.0.11.Final}
2016-12-27 10:04:29 [org.hibernate.cfg.Environment:213] - HHH000206: hibernate.properties not found
2016-12-27 10:04:29 [org.hibernate.cfg.Environment:317] - HHH000021: Bytecode provider name : javassist
2016-12-27 10:04:29 [org.hibernate.annotations.common.reflection.java.JavaReflectionManager:66] - HCANN000001: Hibernate Commons Annotations {5.0.1.Final}
2016-12-27 10:04:30 [org.hibernate.dialect.Dialect:156] - HHH000400: Using dialect: org.hibernate.dialect.MySQL5Dialect
2016-12-27 10:04:30 [org.hibernate.tool.hbm2ddl.SchemaUpdate:105] - HHH000228: Running hbm2ddl schema update
2016-12-27 10:04:30 [org.springframework.orm.jpa.AbstractEntityManagerFactoryBean:382] - Initialized JPA EntityManagerFactory for persistence unit 'default'
2016-12-27 10:04:31 [org.hibernate.hql.internal.QueryTranslatorFactoryInitiator:47] - HHH000397: Using ASTQueryTranslatorFactory
2016-12-27 10:04:32 [org.springframework.web.servlet.mvc.method.annotation.RequestMappingHandlerAdapter:534] - Looking for @ControllerAdvice: org.springframework.web.context.support.GenericWebApplicationContext@6a4f1a55: startup date [Tue Dec 27 10:04:25 CST 2016]; root of context hierarchy
2016-12-27 10:04:32 [org.springframework.web.servlet.handler.AbstractHandlerMethodMapping$MappingRegistry:543] - Mapped "{[/auth/register]}" onto public java.lang.String com.weixk.helloworld.web.AuthController.auth(java.lang.String,org.springframework.ui.ModelMap)
2016-12-27 10:04:32 [org.springframework.web.servlet.handler.AbstractHandlerMethodMapping$MappingRegistry:543] - Mapped "{[/email/send]}" onto public com.weixk.helloworld.domain.Result<java.lang.String> com.weixk.helloworld.web.EmailController.send(com.weixk.helloworld.domain.Email)
2016-12-27 10:04:32 [org.springframework.web.servlet.handler.AbstractHandlerMethodMapping$MappingRegistry:543] - Mapped "{[/email/send],methods=[POST]}" onto public com.weixk.helloworld.domain.Result<java.lang.String> com.weixk.helloworld.web.EmailController.sendLink(java.lang.String)
2016-12-27 10:04:32 [org.springframework.web.servlet.handler.AbstractHandlerMethodMapping$MappingRegistry:543] - Mapped "{[/img/upload-multi],methods=[POST]}" onto public com.weixk.helloworld.domain.Result<java.lang.String> com.weixk.helloworld.web.ImageController.uploadMultiImg(javax.servlet.http.HttpServletRequest)
2016-12-27 10:04:32 [org.springframework.web.servlet.handler.AbstractHandlerMethodMapping$MappingRegistry:543] - Mapped "{[/img/upload],methods=[POST]}" onto public com.weixk.helloworld.domain.Result<java.lang.String> com.weixk.helloworld.web.ImageController.uploadImg(org.springframework.web.multipart.MultipartFile) throws java.io.IOException
2016-12-27 10:04:32 [org.springframework.web.servlet.handler.AbstractHandlerMethodMapping$MappingRegistry:543] - Mapped "{[/img/download/{path}],methods=[POST]}" onto public void com.weixk.helloworld.web.ImageController.downloadImg(java.lang.String,javax.servlet.http.HttpServletResponse) throws java.io.IOException
2016-12-27 10:04:32 [org.springframework.web.servlet.handler.AbstractHandlerMethodMapping$MappingRegistry:543] - Mapped "{[/hello],methods=[GET]}" onto public java.lang.String com.weixk.helloworld.web.IndexController.index(org.springframework.ui.Model)
2016-12-27 10:04:32 [org.springframework.web.servlet.handler.AbstractHandlerMethodMapping$MappingRegistry:543] - Mapped "{[/qiniu/upload],methods=[POST]}" onto public com.weixk.helloworld.domain.Result<java.lang.String> com.weixk.helloworld.web.QiniuController.upload(org.springframework.web.multipart.MultipartFile)
2016-12-27 10:04:32 [org.springframework.web.servlet.handler.AbstractHandlerMethodMapping$MappingRegistry:543] - Mapped "{[/qiniu/download],methods=[GET]}" onto public com.weixk.helloworld.domain.Result<java.lang.String> com.weixk.helloworld.web.QiniuController.download(java.lang.String)
2016-12-27 10:04:32 [org.springframework.web.servlet.handler.AbstractHandlerMethodMapping$MappingRegistry:543] - Mapped "{[/redis/add]}" onto public java.lang.String com.weixk.helloworld.web.RedisController.add(java.lang.String,java.lang.String)
2016-12-27 10:04:32 [org.springframework.web.servlet.handler.AbstractHandlerMethodMapping$MappingRegistry:543] - Mapped "{[/redis/find]}" onto public java.lang.String com.weixk.helloworld.web.RedisController.find(java.lang.String)
2016-12-27 10:04:32 [org.springframework.web.servlet.handler.AbstractHandlerMethodMapping$MappingRegistry:543] - Mapped "{[/user/register],methods=[POST]}" onto public com.weixk.helloworld.domain.Result<com.weixk.helloworld.domain.User> com.weixk.helloworld.web.UserController.register(com.weixk.helloworld.domain.UserRegister)
2016-12-27 10:04:32 [org.springframework.web.servlet.handler.AbstractHandlerMethodMapping$MappingRegistry:543] - Mapped "{[/user/login],methods=[POST]}" onto public com.weixk.helloworld.domain.Result<com.weixk.helloworld.domain.User> com.weixk.helloworld.web.UserController.login(com.weixk.helloworld.domain.UserLogin)
2016-12-27 10:04:32 [org.springframework.web.servlet.handler.AbstractHandlerMethodMapping$MappingRegistry:543] - Mapped "{[/user/{id}]}" onto public com.weixk.helloworld.domain.Result<com.weixk.helloworld.domain.User> com.weixk.helloworld.web.UserController.getUserByIdFromPath(long)
2016-12-27 10:04:32 [org.springframework.web.servlet.handler.AbstractHandlerMethodMapping$MappingRegistry:543] - Mapped "{[/user/user_id={id}]}" onto public com.weixk.helloworld.domain.Result<com.weixk.helloworld.domain.User> com.weixk.helloworld.web.UserController.getUserByIdFromPathWithKey(long)
2016-12-27 10:04:32 [org.springframework.web.servlet.handler.AbstractHandlerMethodMapping$MappingRegistry:543] - Mapped "{[/user/find-user]}" onto public com.weixk.helloworld.domain.Result<com.weixk.helloworld.domain.User> com.weixk.helloworld.web.UserController.getUserByIdFromQueryParam(java.lang.Long)
2016-12-27 10:04:32 [org.springframework.web.servlet.handler.AbstractHandlerMethodMapping$MappingRegistry:543] - Mapped "{[/user/find-by-name],methods=[POST]}" onto public com.weixk.helloworld.domain.Result<java.util.List<com.weixk.helloworld.domain.User>> com.weixk.helloworld.web.UserController.getUserByName(java.lang.String)
2016-12-27 10:04:32 [org.springframework.web.servlet.handler.AbstractHandlerMethodMapping$MappingRegistry:543] - Mapped "{[/user/find-by-n]}" onto public com.weixk.helloworld.domain.Result<java.util.List<com.weixk.helloworld.domain.User>> com.weixk.helloworld.web.UserController.getUserByN(java.lang.String)
2016-12-27 10:04:32 [org.springframework.web.servlet.handler.AbstractHandlerMethodMapping$MappingRegistry:543] - Mapped "{[/user/find-by-e]}" onto public com.weixk.helloworld.domain.Result<java.util.List<com.weixk.helloworld.domain.User>> com.weixk.helloworld.web.UserController.getUserByE(java.lang.String)
2016-12-27 10:04:32 [org.springframework.web.servlet.handler.AbstractHandlerMethodMapping$MappingRegistry:543] - Mapped "{[/user/find-by-ne]}" onto public com.weixk.helloworld.domain.Result<java.util.List<com.weixk.helloworld.domain.User>> com.weixk.helloworld.web.UserController.getUserByE(java.lang.String,java.lang.String)
2016-12-27 10:04:32 [org.springframework.web.servlet.handler.AbstractHandlerMethodMapping$MappingRegistry:543] - Mapped "{[/user/post-user],methods=[POST]}" onto public com.weixk.helloworld.domain.Result<com.weixk.helloworld.domain.User> com.weixk.helloworld.web.UserController.postUser(com.weixk.helloworld.domain.User,org.springframework.validation.BindingResult)
2016-12-27 10:04:32 [org.springframework.web.servlet.handler.AbstractHandlerMethodMapping$MappingRegistry:543] - Mapped "{[/error]}" onto public org.springframework.http.ResponseEntity<java.util.Map<java.lang.String, java.lang.Object>> org.springframework.boot.autoconfigure.web.BasicErrorController.error(javax.servlet.http.HttpServletRequest)
2016-12-27 10:04:32 [org.springframework.web.servlet.handler.AbstractHandlerMethodMapping$MappingRegistry:543] - Mapped "{[/error],produces=[text/html]}" onto public org.springframework.web.servlet.ModelAndView org.springframework.boot.autoconfigure.web.BasicErrorController.errorHtml(javax.servlet.http.HttpServletRequest,javax.servlet.http.HttpServletResponse)
2016-12-27 10:04:32 [org.springframework.web.servlet.handler.AbstractUrlHandlerMapping:354] - Mapped URL path [/webjars/**] onto handler of type [class org.springframework.web.servlet.resource.ResourceHttpRequestHandler]
2016-12-27 10:04:32 [org.springframework.web.servlet.handler.AbstractUrlHandlerMapping:354] - Mapped URL path [/**] onto handler of type [class org.springframework.web.servlet.resource.ResourceHttpRequestHandler]
2016-12-27 10:04:32 [org.springframework.web.servlet.mvc.method.annotation.ExceptionHandlerExceptionResolver:271] - Detected @ExceptionHandler methods in globalExceptionHandler
2016-12-27 10:04:32 [org.springframework.web.servlet.handler.AbstractUrlHandlerMapping:354] - Mapped URL path [/**/favicon.ico] onto handler of type [class org.springframework.web.servlet.resource.ResourceHttpRequestHandler]
2016-12-27 10:04:33 [org.springframework.web.servlet.handler.AbstractHandlerMethodMapping$MappingRegistry:543] - Mapped "{[/metrics/{name:.*}],methods=[GET],produces=[application/json]}" onto public java.lang.Object org.springframework.boot.actuate.endpoint.mvc.MetricsMvcEndpoint.value(java.lang.String)
2016-12-27 10:04:33 [org.springframework.web.servlet.handler.AbstractHandlerMethodMapping$MappingRegistry:543] - Mapped "{[/metrics || /metrics.json],methods=[GET],produces=[application/json]}" onto public java.lang.Object org.springframework.boot.actuate.endpoint.mvc.EndpointMvcAdapter.invoke()
2016-12-27 10:04:33 [org.springframework.web.servlet.handler.AbstractHandlerMethodMapping$MappingRegistry:543] - Mapped "{[/configprops || /configprops.json],methods=[GET],produces=[application/json]}" onto public java.lang.Object org.springframework.boot.actuate.endpoint.mvc.EndpointMvcAdapter.invoke()
2016-12-27 10:04:33 [org.springframework.web.servlet.handler.AbstractHandlerMethodMapping$MappingRegistry:543] - Mapped "{[/dump || /dump.json],methods=[GET],produces=[application/json]}" onto public java.lang.Object org.springframework.boot.actuate.endpoint.mvc.EndpointMvcAdapter.invoke()
2016-12-27 10:04:33 [org.springframework.web.servlet.handler.AbstractHandlerMethodMapping$MappingRegistry:543] - Mapped "{[/trace || /trace.json],methods=[GET],produces=[application/json]}" onto public java.lang.Object org.springframework.boot.actuate.endpoint.mvc.EndpointMvcAdapter.invoke()
2016-12-27 10:04:33 [org.springframework.web.servlet.handler.AbstractHandlerMethodMapping$MappingRegistry:543] - Mapped "{[/heapdump || /heapdump.json],methods=[GET],produces=[application/octet-stream]}" onto public void org.springframework.boot.actuate.endpoint.mvc.HeapdumpMvcEndpoint.invoke(boolean,javax.servlet.http.HttpServletRequest,javax.servlet.http.HttpServletResponse) throws java.io.IOException,javax.servlet.ServletException
2016-12-27 10:04:33 [org.springframework.web.servlet.handler.AbstractHandlerMethodMapping$MappingRegistry:543] - Mapped "{[/health || /health.json],produces=[application/json]}" onto public java.lang.Object org.springframework.boot.actuate.endpoint.mvc.HealthMvcEndpoint.invoke(java.security.Principal)
2016-12-27 10:04:33 [org.springframework.web.servlet.handler.AbstractHandlerMethodMapping$MappingRegistry:543] - Mapped "{[/info || /info.json],methods=[GET],produces=[application/json]}" onto public java.lang.Object org.springframework.boot.actuate.endpoint.mvc.EndpointMvcAdapter.invoke()
2016-12-27 10:04:33 [org.springframework.web.servlet.handler.AbstractHandlerMethodMapping$MappingRegistry:543] - Mapped "{[/env/{name:.*}],methods=[GET],produces=[application/json]}" onto public java.lang.Object org.springframework.boot.actuate.endpoint.mvc.EnvironmentMvcEndpoint.value(java.lang.String)
2016-12-27 10:04:33 [org.springframework.web.servlet.handler.AbstractHandlerMethodMapping$MappingRegistry:543] - Mapped "{[/env || /env.json],methods=[GET],produces=[application/json]}" onto public java.lang.Object org.springframework.boot.actuate.endpoint.mvc.EndpointMvcAdapter.invoke()
2016-12-27 10:04:33 [org.springframework.web.servlet.handler.AbstractHandlerMethodMapping$MappingRegistry:543] - Mapped "{[/mappings || /mappings.json],methods=[GET],produces=[application/json]}" onto public java.lang.Object org.springframework.boot.actuate.endpoint.mvc.EndpointMvcAdapter.invoke()
2016-12-27 10:04:33 [org.springframework.web.servlet.handler.AbstractHandlerMethodMapping$MappingRegistry:543] - Mapped "{[/beans || /beans.json],methods=[GET],produces=[application/json]}" onto public java.lang.Object org.springframework.boot.actuate.endpoint.mvc.EndpointMvcAdapter.invoke()
2016-12-27 10:04:33 [org.springframework.web.servlet.handler.AbstractHandlerMethodMapping$MappingRegistry:543] - Mapped "{[/autoconfig || /autoconfig.json],methods=[GET],produces=[application/json]}" onto public java.lang.Object org.springframework.boot.actuate.endpoint.mvc.EndpointMvcAdapter.invoke()
2016-12-27 10:04:34 [org.springframework.boot.StartupInfoLogger:57] - Started AppTest in 10.111 seconds (JVM running for 12.011)
2016-12-27 10:04:34 [com.weixk.helloworld.AppTest:30] - ==================info=====================
2016-12-27 10:04:34 [org.springframework.context.support.AbstractApplicationContext:987] - Closing org.springframework.web.context.support.GenericWebApplicationContext@6a4f1a55: startup date [Tue Dec 27 10:04:25 CST 2016]; root of context hierarchy
2016-12-27 10:04:34 [org.springframework.orm.jpa.AbstractEntityManagerFactoryBean:551] - Closing JPA EntityManagerFactory for persistence unit 'default'
